# JRE version: Java(TM) SE Runtime Environment (17.0.8+9) (build 17.0.8+9-LTS-211)
# Java VM: Java HotSpot(TM) 64-Bit Server VM (17.0.8+9-LTS-211, mixed mode, sharing, tiered, compressed oops, compressed class ptrs, g1 gc, windows-amd64)
GC Precious Log:
 CPUs: 4 total, 4 available
 Memory: 3919M
 Large Page Support: Disabled
 NUMA Support: Disabled
 Compressed Oops: Enabled (32-bit)
 Heap Region Size: 1M
 Heap Min Capacity: 64M
 Heap Initial Capacity: 64M
 Heap Max Capacity: 64M
 Pre-touch: Disabled
 Parallel Workers: 4
 Concurrent Workers: 1
 Concurrent Refinement Workers: 4
 Periodic GC: Disabled
Heap:
 garbage-first heap   total 65536K, used 15275K [0x00000000fc000000, 0x0000000100000000)
  region size 1024K, 6 young (6144K), 2 survivors (2048K)
 Metaspace       used 9233K, committed 9472K, reserved 1114112K
  class space    used 1200K, committed 1280K, reserved 1048576K
GC Heap History (6 events):
Event: 1.512 GC heap before
{Heap before GC invocations=0 (full 0):
 garbage-first heap   total 65536K, used 12288K [0x00000000fc000000, 0x0000000100000000)
  region size 1024K, 13 young (13312K), 0 survivors (0K)
 Metaspace       used 1769K, committed 1856K, reserved 1114112K
  class space    used 161K, committed 192K, reserved 1048576K
}
Event: 1.520 GC heap after
{Heap after GC invocations=1 (full 0):
 garbage-first heap   total 65536K, used 3344K [0x00000000fc000000, 0x0000000100000000)
  region size 1024K, 2 young (2048K), 2 survivors (2048K)
 Metaspace       used 1769K, committed 1856K, reserved 1114112K
  class space    used 161K, committed 192K, reserved 1048576K
}
Event: 2.583 GC heap before
{Heap before GC invocations=1 (full 0):
 garbage-first heap   total 65536K, used 21776K [0x00000000fc000000, 0x0000000100000000)
  region size 1024K, 17 young (17408K), 2 survivors (2048K)
 Metaspace       used 5001K, committed 5248K, reserved 1114112K
  class space    used 663K, committed 768K, reserved 1048576K
}
Event: 2.588 GC heap after
{Heap after GC invocations=2 (full 0):
 garbage-first heap   total 65536K, used 11001K [0x00000000fc000000, 0x0000000100000000)
  region size 1024K, 3 young (3072K), 3 survivors (3072K)
 Metaspace       used 5001K, committed 5248K, reserved 1114112K
  class space    used 663K, committed 768K, reserved 1048576K
}
Event: 536.460 GC heap before
{Heap before GC invocations=2 (full 0):
 garbage-first heap   total 65536K, used 31481K [0x00000000fc000000, 0x0000000100000000)
  region size 1024K, 23 young (23552K), 3 survivors (3072K)
 Metaspace       used 9232K, committed 9472K, reserved 1114112K
  class space    used 1199K, committed 1280K, reserved 1048576K
}
Event: 536.635 GC heap after
{Heap after GC invocations=3 (full 0):
 garbage-first heap   total 65536K, used 12203K [0x00000000fc000000, 0x0000000100000000)
  region size 1024K, 2 young (2048K), 2 survivors (2048K)
 Metaspace       used 9232K, committed 9472K, reserved 1114112K
  class space    used 1199K, committed 1280K, reserved 1048576K
}

