# JRE version: OpenJDK Runtime Environment Temurin-17.0.10+7 (17.0.10+7) (build 17.0.10+7)
# Java VM: OpenJDK 64-Bit Server VM Temurin-17.0.10+7 (17.0.10+7, mixed mode, tiered, compressed oops, compressed class ptrs, parallel gc, windows-amd64)
GC Precious Log:
 CPUs: 4 total, 4 available
 Memory: 3919M
 Large Page Support: Disabled
 NUMA Support: Disabled
 Compressed Oops: Enabled (32-bit)
 Alignments: Space 512K, Generation 512K, Heap 2M
 Heap Min Capacity: 100M
 Heap Initial Capacity: 100M
 Heap Max Capacity: 1G
 Pre-touch: Disabled
 Parallel Workers: 4
Heap:
 PSYoungGen      total 23552K, used 9566K [0x00000000eab00000, 0x00000000ed000000, 0x0000000100000000)
  eden space 19456K, 28% used [0x00000000eab00000,0x00000000eb05b430,0x00000000ebe00000)
  from space 4096K, 99% used [0x00000000ebe00000,0x00000000ec1fc520,0x00000000ec200000)
  to   space 9216K, 0% used [0x00000000ec700000,0x00000000ec700000,0x00000000ed000000)
 ParOldGen       total 68608K, used 41106K [0x00000000c0000000, 0x00000000c4300000, 0x00000000eab00000)
  object space 68608K, 59% used [0x00000000c0000000,0x00000000c28248f0,0x00000000c4300000)
 Metaspace       used 54989K, committed 56000K, reserved 1114112K
  class space    used 5859K, committed 6272K, reserved 1048576K
GC Heap History (20 events):
Event: 21.979 GC heap before
{Heap before GC invocations=20 (full 2):
 PSYoungGen      total 23552K, used 23483K [0x00000000eab00000, 0x00000000ec780000, 0x0000000100000000)
  eden space 22016K, 99% used [0x00000000eab00000,0x00000000ec06f9f8,0x00000000ec080000)
  from space 1536K, 99% used [0x00000000ec380000,0x00000000ec4ff480,0x00000000ec500000)
  to   space 2560K, 0% used [0x00000000ec500000,0x00000000ec500000,0x00000000ec780000)
 ParOldGen       total 68608K, used 19882K [0x00000000c0000000, 0x00000000c4300000, 0x00000000eab00000)
  object space 68608K, 28% used [0x00000000c0000000,0x00000000c136a928,0x00000000c4300000)
 Metaspace       used 52242K, committed 53312K, reserved 1114112K
  class space    used 5596K, committed 6080K, reserved 1048576K
}
Event: 21.984 GC heap after
{Heap after GC invocations=20 (full 2):
 PSYoungGen      total 23552K, used 1411K [0x00000000eab00000, 0x00000000ec680000, 0x0000000100000000)
  eden space 22016K, 0% used [0x00000000eab00000,0x00000000eab00000,0x00000000ec080000)
  from space 1536K, 91% used [0x00000000ec500000,0x00000000ec660c10,0x00000000ec680000)
  to   space 2048K, 0% used [0x00000000ec280000,0x00000000ec280000,0x00000000ec480000)
 ParOldGen       total 68608K, used 21397K [0x00000000c0000000, 0x00000000c4300000, 0x00000000eab00000)
  object space 68608K, 31% used [0x00000000c0000000,0x00000000c14e54e0,0x00000000c4300000)
 Metaspace       used 52242K, committed 53312K, reserved 1114112K
  class space    used 5596K, committed 6080K, reserved 1048576K
}
Event: 22.308 GC heap before
{Heap before GC invocations=21 (full 2):
 PSYoungGen      total 23552K, used 23427K [0x00000000eab00000, 0x00000000ec680000, 0x0000000100000000)
  eden space 22016K, 100% used [0x00000000eab00000,0x00000000ec080000,0x00000000ec080000)
  from space 1536K, 91% used [0x00000000ec500000,0x00000000ec660c10,0x00000000ec680000)
  to   space 2048K, 0% used [0x00000000ec280000,0x00000000ec280000,0x00000000ec480000)
 ParOldGen       total 68608K, used 21397K [0x00000000c0000000, 0x00000000c4300000, 0x00000000eab00000)
  object space 68608K, 31% used [0x00000000c0000000,0x00000000c14e54e0,0x00000000c4300000)
 Metaspace       used 52892K, committed 53888K, reserved 1114112K
  class space    used 5676K, committed 6144K, reserved 1048576K
}
Event: 22.319 GC heap after
{Heap after GC invocations=21 (full 2):
 PSYoungGen      total 24064K, used 2016K [0x00000000eab00000, 0x00000000ec880000, 0x0000000100000000)
  eden space 22016K, 0% used [0x00000000eab00000,0x00000000eab00000,0x00000000ec080000)
  from space 2048K, 98% used [0x00000000ec280000,0x00000000ec478040,0x00000000ec480000)
  to   space 4096K, 0% used [0x00000000ec480000,0x00000000ec480000,0x00000000ec880000)
 ParOldGen       total 68608K, used 22708K [0x00000000c0000000, 0x00000000c4300000, 0x00000000eab00000)
  object space 68608K, 33% used [0x00000000c0000000,0x00000000c162d1a8,0x00000000c4300000)
 Metaspace       used 52892K, committed 53888K, reserved 1114112K
  class space    used 5676K, committed 6144K, reserved 1048576K
}
Event: 22.641 GC heap before
{Heap before GC invocations=22 (full 2):
 PSYoungGen      total 24064K, used 24032K [0x00000000eab00000, 0x00000000ec880000, 0x0000000100000000)
  eden space 22016K, 100% used [0x00000000eab00000,0x00000000ec080000,0x00000000ec080000)
  from space 2048K, 98% used [0x00000000ec280000,0x00000000ec478040,0x00000000ec480000)
  to   space 4096K, 0% used [0x00000000ec480000,0x00000000ec480000,0x00000000ec880000)
 ParOldGen       total 68608K, used 22708K [0x00000000c0000000, 0x00000000c4300000, 0x00000000eab00000)
  object space 68608K, 33% used [0x00000000c0000000,0x00000000c162d1a8,0x00000000c4300000)
 Metaspace       used 52960K, committed 53952K, reserved 1114112K
  class space    used 5676K, committed 6144K, reserved 1048576K
}
Event: 22.646 GC heap after
{Heap after GC invocations=22 (full 2):
 PSYoungGen      total 24576K, used 2176K [0x00000000eab00000, 0x00000000ec700000, 0x0000000100000000)
  eden space 22016K, 0% used [0x00000000eab00000,0x00000000eab00000,0x00000000ec080000)
  from space 2560K, 85% used [0x00000000ec480000,0x00000000ec6a0010,0x00000000ec700000)
  to   space 3072K, 0% used [0x00000000ec100000,0x00000000ec100000,0x00000000ec400000)
 ParOldGen       total 68608K, used 24612K [0x00000000c0000000, 0x00000000c4300000, 0x00000000eab00000)
  object space 68608K, 35% used [0x00000000c0000000,0x00000000c18091d8,0x00000000c4300000)
 Metaspace       used 52960K, committed 53952K, reserved 1114112K
  class space    used 5676K, committed 6144K, reserved 1048576K
}
Event: 22.810 GC heap before
{Heap before GC invocations=23 (full 2):
 PSYoungGen      total 24576K, used 24192K [0x00000000eab00000, 0x00000000ec700000, 0x0000000100000000)
  eden space 22016K, 100% used [0x00000000eab00000,0x00000000ec080000,0x00000000ec080000)
  from space 2560K, 85% used [0x00000000ec480000,0x00000000ec6a0010,0x00000000ec700000)
  to   space 3072K, 0% used [0x00000000ec100000,0x00000000ec100000,0x00000000ec400000)
 ParOldGen       total 68608K, used 24612K [0x00000000c0000000, 0x00000000c4300000, 0x00000000eab00000)
  object space 68608K, 35% used [0x00000000c0000000,0x00000000c18091d8,0x00000000c4300000)
 Metaspace       used 53020K, committed 54080K, reserved 1114112K
  class space    used 5687K, committed 6144K, reserved 1048576K
}
Event: 22.816 GC heap after
{Heap after GC invocations=23 (full 2):
 PSYoungGen      total 24576K, used 2272K [0x00000000eab00000, 0x00000000ec580000, 0x0000000100000000)
  eden space 22016K, 0% used [0x00000000eab00000,0x00000000eab00000,0x00000000ec080000)
  from space 2560K, 88% used [0x00000000ec100000,0x00000000ec338000,0x00000000ec380000)
  to   space 2048K, 0% used [0x00000000ec380000,0x00000000ec380000,0x00000000ec580000)
 ParOldGen       total 68608K, used 26761K [0x00000000c0000000, 0x00000000c4300000, 0x00000000eab00000)
  object space 68608K, 39% used [0x00000000c0000000,0x00000000c1a22540,0x00000000c4300000)
 Metaspace       used 53020K, committed 54080K, reserved 1114112K
  class space    used 5687K, committed 6144K, reserved 1048576K
}
Event: 22.940 GC heap before
{Heap before GC invocations=24 (full 2):
 PSYoungGen      total 24576K, used 24288K [0x00000000eab00000, 0x00000000ec580000, 0x0000000100000000)
  eden space 22016K, 100% used [0x00000000eab00000,0x00000000ec080000,0x00000000ec080000)
  from space 2560K, 88% used [0x00000000ec100000,0x00000000ec338000,0x00000000ec380000)
  to   space 2048K, 0% used [0x00000000ec380000,0x00000000ec380000,0x00000000ec580000)
 ParOldGen       total 68608K, used 26761K [0x00000000c0000000, 0x00000000c4300000, 0x00000000eab00000)
  object space 68608K, 39% used [0x00000000c0000000,0x00000000c1a22540,0x00000000c4300000)
 Metaspace       used 53020K, committed 54080K, reserved 1114112K
  class space    used 5687K, committed 6144K, reserved 1048576K
}
Event: 22.947 GC heap after
{Heap after GC invocations=24 (full 2):
 PSYoungGen      total 21504K, used 2016K [0x00000000eab00000, 0x00000000ecb80000, 0x0000000100000000)
  eden space 19456K, 0% used [0x00000000eab00000,0x00000000eab00000,0x00000000ebe00000)
  from space 2048K, 98% used [0x00000000ec380000,0x00000000ec578010,0x00000000ec580000)
  to   space 5632K, 0% used [0x00000000ebe00000,0x00000000ebe00000,0x00000000ec380000)
 ParOldGen       total 68608K, used 29534K [0x00000000c0000000, 0x00000000c4300000, 0x00000000eab00000)
  object space 68608K, 43% used [0x00000000c0000000,0x00000000c1cd7980,0x00000000c4300000)
 Metaspace       used 53020K, committed 54080K, reserved 1114112K
  class space    used 5687K, committed 6144K, reserved 1048576K
}
Event: 23.267 GC heap before
{Heap before GC invocations=25 (full 2):
 PSYoungGen      total 21504K, used 21472K [0x00000000eab00000, 0x00000000ecb80000, 0x0000000100000000)
  eden space 19456K, 100% used [0x00000000eab00000,0x00000000ebe00000,0x00000000ebe00000)
  from space 2048K, 98% used [0x00000000ec380000,0x00000000ec578010,0x00000000ec580000)
  to   space 5632K, 0% used [0x00000000ebe00000,0x00000000ebe00000,0x00000000ec380000)
 ParOldGen       total 68608K, used 29534K [0x00000000c0000000, 0x00000000c4300000, 0x00000000eab00000)
  object space 68608K, 43% used [0x00000000c0000000,0x00000000c1cd7980,0x00000000c4300000)
 Metaspace       used 53044K, committed 54080K, reserved 1114112K
  class space    used 5689K, committed 6144K, reserved 1048576K
}
Event: 23.272 GC heap after
{Heap after GC invocations=25 (full 2):
 PSYoungGen      total 21504K, used 1792K [0x00000000eab00000, 0x00000000ec400000, 0x0000000100000000)
  eden space 19456K, 0% used [0x00000000eab00000,0x00000000eab00000,0x00000000ebe00000)
  from space 2048K, 87% used [0x00000000ebe00000,0x00000000ebfc0000,0x00000000ec000000)
  to   space 3072K, 0% used [0x00000000ec100000,0x00000000ec100000,0x00000000ec400000)
 ParOldGen       total 68608K, used 31574K [0x00000000c0000000, 0x00000000c4300000, 0x00000000eab00000)
  object space 68608K, 46% used [0x00000000c0000000,0x00000000c1ed5990,0x00000000c4300000)
 Metaspace       used 53044K, committed 54080K, reserved 1114112K
  class space    used 5689K, committed 6144K, reserved 1048576K
}
Event: 24.075 GC heap before
{Heap before GC invocations=26 (full 2):
 PSYoungGen      total 21504K, used 21248K [0x00000000eab00000, 0x00000000ec400000, 0x0000000100000000)
  eden space 19456K, 100% used [0x00000000eab00000,0x00000000ebe00000,0x00000000ebe00000)
  from space 2048K, 87% used [0x00000000ebe00000,0x00000000ebfc0000,0x00000000ec000000)
  to   space 3072K, 0% used [0x00000000ec100000,0x00000000ec100000,0x00000000ec400000)
 ParOldGen       total 68608K, used 31574K [0x00000000c0000000, 0x00000000c4300000, 0x00000000eab00000)
  object space 68608K, 46% used [0x00000000c0000000,0x00000000c1ed5990,0x00000000c4300000)
 Metaspace       used 53863K, committed 54912K, reserved 1114112K
  class space    used 5762K, committed 6208K, reserved 1048576K
}
Event: 24.080 GC heap after
{Heap after GC invocations=26 (full 2):
 PSYoungGen      total 21504K, used 1549K [0x00000000eab00000, 0x00000000ec300000, 0x0000000100000000)
  eden space 19456K, 0% used [0x00000000eab00000,0x00000000eab00000,0x00000000ebe00000)
  from space 2048K, 75% used [0x00000000ec100000,0x00000000ec283550,0x00000000ec300000)
  to   space 2048K, 0% used [0x00000000ebe00000,0x00000000ebe00000,0x00000000ec000000)
 ParOldGen       total 68608K, used 33358K [0x00000000c0000000, 0x00000000c4300000, 0x00000000eab00000)
  object space 68608K, 48% used [0x00000000c0000000,0x00000000c2093990,0x00000000c4300000)
 Metaspace       used 53863K, committed 54912K, reserved 1114112K
  class space    used 5762K, committed 6208K, reserved 1048576K
}
Event: 24.931 GC heap before
{Heap before GC invocations=27 (full 2):
 PSYoungGen      total 21504K, used 21005K [0x00000000eab00000, 0x00000000ec300000, 0x0000000100000000)
  eden space 19456K, 100% used [0x00000000eab00000,0x00000000ebe00000,0x00000000ebe00000)
  from space 2048K, 75% used [0x00000000ec100000,0x00000000ec283550,0x00000000ec300000)
  to   space 2048K, 0% used [0x00000000ebe00000,0x00000000ebe00000,0x00000000ec000000)
 ParOldGen       total 68608K, used 33358K [0x00000000c0000000, 0x00000000c4300000, 0x00000000eab00000)
  object space 68608K, 48% used [0x00000000c0000000,0x00000000c2093990,0x00000000c4300000)
 Metaspace       used 54171K, committed 55232K, reserved 1114112K
  class space    used 5791K, committed 6272K, reserved 1048576K
}
Event: 24.937 GC heap after
{Heap after GC invocations=27 (full 2):
 PSYoungGen      total 21504K, used 2034K [0x00000000eab00000, 0x00000000ec700000, 0x0000000100000000)
  eden space 19456K, 0% used [0x00000000eab00000,0x00000000eab00000,0x00000000ebe00000)
  from space 2048K, 99% used [0x00000000ebe00000,0x00000000ebffcbc8,0x00000000ec000000)
  to   space 4608K, 0% used [0x00000000ec280000,0x00000000ec280000,0x00000000ec700000)
 ParOldGen       total 68608K, used 35275K [0x00000000c0000000, 0x00000000c4300000, 0x00000000eab00000)
  object space 68608K, 51% used [0x00000000c0000000,0x00000000c2272ee0,0x00000000c4300000)
 Metaspace       used 54171K, committed 55232K, reserved 1114112K
  class space    used 5791K, committed 6272K, reserved 1048576K
}
Event: 26.227 GC heap before
{Heap before GC invocations=28 (full 2):
 PSYoungGen      total 21504K, used 21490K [0x00000000eab00000, 0x00000000ec700000, 0x0000000100000000)
  eden space 19456K, 100% used [0x00000000eab00000,0x00000000ebe00000,0x00000000ebe00000)
  from space 2048K, 99% used [0x00000000ebe00000,0x00000000ebffcbc8,0x00000000ec000000)
  to   space 4608K, 0% used [0x00000000ec280000,0x00000000ec280000,0x00000000ec700000)
 ParOldGen       total 68608K, used 35275K [0x00000000c0000000, 0x00000000c4300000, 0x00000000eab00000)
  object space 68608K, 51% used [0x00000000c0000000,0x00000000c2272ee0,0x00000000c4300000)
 Metaspace       used 54840K, committed 55872K, reserved 1114112K
  class space    used 5844K, committed 6272K, reserved 1048576K
}
Event: 26.238 GC heap after
{Heap after GC invocations=28 (full 2):
 PSYoungGen      total 23040K, used 3537K [0x00000000eab00000, 0x00000000ec600000, 0x0000000100000000)
  eden space 19456K, 0% used [0x00000000eab00000,0x00000000eab00000,0x00000000ebe00000)
  from space 3584K, 98% used [0x00000000ec280000,0x00000000ec5f4710,0x00000000ec600000)
  to   space 4096K, 0% used [0x00000000ebe00000,0x00000000ebe00000,0x00000000ec200000)
 ParOldGen       total 68608K, used 37226K [0x00000000c0000000, 0x00000000c4300000, 0x00000000eab00000)
  object space 68608K, 54% used [0x00000000c0000000,0x00000000c245aa88,0x00000000c4300000)
 Metaspace       used 54840K, committed 55872K, reserved 1114112K
  class space    used 5844K, committed 6272K, reserved 1048576K
}
Event: 27.905 GC heap before
{Heap before GC invocations=29 (full 2):
 PSYoungGen      total 23040K, used 22993K [0x00000000eab00000, 0x00000000ec600000, 0x0000000100000000)
  eden space 19456K, 100% used [0x00000000eab00000,0x00000000ebe00000,0x00000000ebe00000)
  from space 3584K, 98% used [0x00000000ec280000,0x00000000ec5f4710,0x00000000ec600000)
  to   space 4096K, 0% used [0x00000000ebe00000,0x00000000ebe00000,0x00000000ec200000)
 ParOldGen       total 68608K, used 37226K [0x00000000c0000000, 0x00000000c4300000, 0x00000000eab00000)
  object space 68608K, 54% used [0x00000000c0000000,0x00000000c245aa88,0x00000000c4300000)
 Metaspace       used 54980K, committed 56000K, reserved 1114112K
  class space    used 5859K, committed 6272K, reserved 1048576K
}
Event: 27.916 GC heap after
{Heap after GC invocations=29 (full 2):
 PSYoungGen      total 23552K, used 4081K [0x00000000eab00000, 0x00000000ed000000, 0x0000000100000000)
  eden space 19456K, 0% used [0x00000000eab00000,0x00000000eab00000,0x00000000ebe00000)
  from space 4096K, 99% used [0x00000000ebe00000,0x00000000ec1fc520,0x00000000ec200000)
  to   space 9216K, 0% used [0x00000000ec700000,0x00000000ec700000,0x00000000ed000000)
 ParOldGen       total 68608K, used 41106K [0x00000000c0000000, 0x00000000c4300000, 0x00000000eab00000)
  object space 68608K, 59% used [0x00000000c0000000,0x00000000c28248f0,0x00000000c4300000)
 Metaspace       used 54980K, committed 56000K, reserved 1114112K
  class space    used 5859K, committed 6272K, reserved 1048576K
}

