# JRE version: Java(TM) SE Runtime Environment (17.0.8+9) (build 17.0.8+9-LTS-211)
# Java VM: Java HotSpot(TM) 64-Bit Server VM (17.0.8+9-LTS-211, mixed mode, sharing, tiered, compressed oops, compressed class ptrs, g1 gc, windows-amd64)
GC Precious Log:
 CPUs: 2 total, 2 available
 Memory: 6020M
 Large Page Support: Disabled
 NUMA Support: Disabled
 Compressed Oops: Enabled (32-bit)
 Heap Region Size: 1M
 Heap Min Capacity: 64M
 Heap Initial Capacity: 64M
 Heap Max Capacity: 64M
 Pre-touch: Disabled
 Parallel Workers: 2
 Concurrent Workers: 1
 Concurrent Refinement Workers: 2
 Periodic GC: Disabled
Heap:
 garbage-first heap   total 65536K, used 22842K [0x00000000fc000000, 0x0000000100000000)
  region size 1024K, 13 young (13312K), 1 survivors (1024K)
 Metaspace       used 9183K, committed 9344K, reserved 1114112K
  class space    used 1196K, committed 1280K, reserved 1048576K
GC Heap History (8 events):
Event: 9.950 GC heap before
{Heap before GC invocations=0 (full 0):
 garbage-first heap   total 65536K, used 6144K [0x00000000fc000000, 0x0000000100000000)
  region size 1024K, 6 young (6144K), 0 survivors (0K)
 Metaspace       used 1620K, committed 1792K, reserved 1114112K
  class space    used 156K, committed 192K, reserved 1048576K
}
Event: 10.652 GC heap after
{Heap after GC invocations=1 (full 0):
 garbage-first heap   total 65536K, used 1644K [0x00000000fc000000, 0x0000000100000000)
  region size 1024K, 1 young (1024K), 1 survivors (1024K)
 Metaspace       used 1620K, committed 1792K, reserved 1114112K
  class space    used 156K, committed 192K, reserved 1048576K
}
Event: 19.015 GC heap before
{Heap before GC invocations=1 (full 0):
 garbage-first heap   total 65536K, used 6764K [0x00000000fc000000, 0x0000000100000000)
  region size 1024K, 6 young (6144K), 1 survivors (1024K)
 Metaspace       used 1685K, committed 1792K, reserved 1114112K
  class space    used 158K, committed 192K, reserved 1048576K
}
Event: 19.018 GC heap after
{Heap after GC invocations=2 (full 0):
 garbage-first heap   total 65536K, used 2066K [0x00000000fc000000, 0x0000000100000000)
  region size 1024K, 1 young (1024K), 1 survivors (1024K)
 Metaspace       used 1685K, committed 1792K, reserved 1114112K
  class space    used 158K, committed 192K, reserved 1048576K
}
Event: 32.502 GC heap before
{Heap before GC invocations=2 (full 0):
 garbage-first heap   total 65536K, used 17426K [0x00000000fc000000, 0x0000000100000000)
  region size 1024K, 13 young (13312K), 1 survivors (1024K)
 Metaspace       used 3773K, committed 3904K, reserved 1114112K
  class space    used 472K, committed 512K, reserved 1048576K
}
Event: 32.510 GC heap after
{Heap after GC invocations=3 (full 0):
 garbage-first heap   total 65536K, used 10711K [0x00000000fc000000, 0x0000000100000000)
  region size 1024K, 2 young (2048K), 2 survivors (2048K)
 Metaspace       used 3773K, committed 3904K, reserved 1114112K
  class space    used 472K, committed 512K, reserved 1048576K
}
Event: 56.785 GC heap before
{Heap before GC invocations=3 (full 0):
 garbage-first heap   total 65536K, used 24023K [0x00000000fc000000, 0x0000000100000000)
  region size 1024K, 15 young (15360K), 2 survivors (2048K)
 Metaspace       used 7454K, committed 7616K, reserved 1114112K
  class space    used 1007K, committed 1088K, reserved 1048576K
}
Event: 56.792 GC heap after
{Heap after GC invocations=4 (full 0):
 garbage-first heap   total 65536K, used 11578K [0x00000000fc000000, 0x0000000100000000)
  region size 1024K, 1 young (1024K), 1 survivors (1024K)
 Metaspace       used 7454K, committed 7616K, reserved 1114112K
  class space    used 1007K, committed 1088K, reserved 1048576K
}

