# JRE version: Java(TM) SE Runtime Environment (17.0.8+9) (build 17.0.8+9-LTS-211)
# Java VM: Java HotSpot(TM) 64-Bit Server VM (17.0.8+9-LTS-211, mixed mode, emulated-client, sharing, tiered, compressed oops, compressed class ptrs, g1 gc, windows-amd64)
GC Precious Log:
 CPUs: 4 total, 4 available
 Memory: 3919M
 Large Page Support: Disabled
 NUMA Support: Disabled
 Compressed Oops: Enabled (32-bit)
 Heap Region Size: 1M
 Heap Min Capacity: 8M
 Heap Initial Capacity: 62M
 Heap Max Capacity: 980M
 Pre-touch: Disabled
 Parallel Workers: 4
 Concurrent Workers: 1
 Concurrent Refinement Workers: 4
 Periodic GC: Disabled
Heap:
 garbage-first heap   total 75776K, used 43307K [0x00000000c2c00000, 0x0000000100000000)
  region size 1024K, 3 young (3072K), 3 survivors (3072K)
 Metaspace       used 81919K, committed 82432K, reserved 1179648K
  class space    used 12196K, committed 12416K, reserved 1048576K
GC Heap History (20 events):
Event: 14.919 GC heap after
{Heap after GC invocations=18 (full 0):
 garbage-first heap   total 73728K, used 28842K [0x00000000c2c00000, 0x0000000100000000)
  region size 1024K, 5 young (5120K), 5 survivors (5120K)
 Metaspace       used 59033K, committed 59648K, reserved 1114112K
  class space    used 8710K, committed 9024K, reserved 1048576K
}
Event: 15.079 GC heap before
{Heap before GC invocations=18 (full 0):
 garbage-first heap   total 73728K, used 39082K [0x00000000c2c00000, 0x0000000100000000)
  region size 1024K, 16 young (16384K), 5 survivors (5120K)
 Metaspace       used 59962K, committed 60480K, reserved 1114112K
  class space    used 8870K, committed 9152K, reserved 1048576K
}
Event: 15.085 GC heap after
{Heap after GC invocations=19 (full 0):
 garbage-first heap   total 73728K, used 29580K [0x00000000c2c00000, 0x0000000100000000)
  region size 1024K, 3 young (3072K), 3 survivors (3072K)
 Metaspace       used 59962K, committed 60480K, reserved 1114112K
  class space    used 8870K, committed 9152K, reserved 1048576K
}
Event: 15.332 GC heap before
{Heap before GC invocations=20 (full 0):
 garbage-first heap   total 73728K, used 58252K [0x00000000c2c00000, 0x0000000100000000)
  region size 1024K, 31 young (31744K), 3 survivors (3072K)
 Metaspace       used 61694K, committed 62272K, reserved 1114112K
  class space    used 9365K, committed 9664K, reserved 1048576K
}
Event: 15.338 GC heap after
{Heap after GC invocations=21 (full 0):
 garbage-first heap   total 73728K, used 31703K [0x00000000c2c00000, 0x0000000100000000)
  region size 1024K, 3 young (3072K), 3 survivors (3072K)
 Metaspace       used 61694K, committed 62272K, reserved 1114112K
  class space    used 9365K, committed 9664K, reserved 1048576K
}
Event: 15.542 GC heap before
{Heap before GC invocations=22 (full 0):
 garbage-first heap   total 73728K, used 57303K [0x00000000c2c00000, 0x0000000100000000)
  region size 1024K, 29 young (29696K), 3 survivors (3072K)
 Metaspace       used 63246K, committed 63808K, reserved 1114112K
  class space    used 9622K, committed 9920K, reserved 1048576K
}
Event: 15.546 GC heap after
{Heap after GC invocations=23 (full 0):
 garbage-first heap   total 73728K, used 32476K [0x00000000c2c00000, 0x0000000100000000)
  region size 1024K, 3 young (3072K), 3 survivors (3072K)
 Metaspace       used 63246K, committed 63808K, reserved 1114112K
  class space    used 9622K, committed 9920K, reserved 1048576K
}
Event: 15.875 GC heap before
{Heap before GC invocations=23 (full 0):
 garbage-first heap   total 73728K, used 59100K [0x00000000c2c00000, 0x0000000100000000)
  region size 1024K, 29 young (29696K), 3 survivors (3072K)
 Metaspace       used 65089K, committed 65664K, reserved 1114112K
  class space    used 9928K, committed 10240K, reserved 1048576K
}
Event: 15.882 GC heap after
{Heap after GC invocations=24 (full 0):
 garbage-first heap   total 73728K, used 34324K [0x00000000c2c00000, 0x0000000100000000)
  region size 1024K, 3 young (3072K), 3 survivors (3072K)
 Metaspace       used 65089K, committed 65664K, reserved 1114112K
  class space    used 9928K, committed 10240K, reserved 1048576K
}
Event: 16.413 GC heap before
{Heap before GC invocations=24 (full 0):
 garbage-first heap   total 73728K, used 58900K [0x00000000c2c00000, 0x0000000100000000)
  region size 1024K, 27 young (27648K), 3 survivors (3072K)
 Metaspace       used 67612K, committed 68224K, reserved 1114112K
  class space    used 10317K, committed 10624K, reserved 1048576K
}
Event: 16.419 GC heap after
{Heap after GC invocations=25 (full 0):
 garbage-first heap   total 73728K, used 36584K [0x00000000c2c00000, 0x0000000100000000)
  region size 1024K, 4 young (4096K), 4 survivors (4096K)
 Metaspace       used 67612K, committed 68224K, reserved 1114112K
  class space    used 10317K, committed 10624K, reserved 1048576K
}
Event: 16.846 GC heap before
{Heap before GC invocations=25 (full 0):
 garbage-first heap   total 73728K, used 60136K [0x00000000c2c00000, 0x0000000100000000)
  region size 1024K, 27 young (27648K), 4 survivors (4096K)
 Metaspace       used 70216K, committed 70784K, reserved 1114112K
  class space    used 10685K, committed 10944K, reserved 1048576K
}
Event: 16.857 GC heap after
{Heap after GC invocations=26 (full 0):
 garbage-first heap   total 73728K, used 38041K [0x00000000c2c00000, 0x0000000100000000)
  region size 1024K, 2 young (2048K), 2 survivors (2048K)
 Metaspace       used 70216K, committed 70784K, reserved 1114112K
  class space    used 10685K, committed 10944K, reserved 1048576K
}
Event: 65.993 GC heap before
{Heap before GC invocations=26 (full 0):
 garbage-first heap   total 73728K, used 59545K [0x00000000c2c00000, 0x0000000100000000)
  region size 1024K, 23 young (23552K), 2 survivors (2048K)
 Metaspace       used 73358K, committed 74048K, reserved 1114112K
  class space    used 11050K, committed 11392K, reserved 1048576K
}
Event: 66.037 GC heap after
{Heap after GC invocations=27 (full 0):
 garbage-first heap   total 73728K, used 39382K [0x00000000c2c00000, 0x0000000100000000)
  region size 1024K, 2 young (2048K), 2 survivors (2048K)
 Metaspace       used 73358K, committed 74048K, reserved 1114112K
  class space    used 11050K, committed 11392K, reserved 1048576K
}
Event: 67.806 GC heap before
{Heap before GC invocations=28 (full 0):
 garbage-first heap   total 75776K, used 57814K [0x00000000c2c00000, 0x0000000100000000)
  region size 1024K, 21 young (21504K), 2 survivors (2048K)
 Metaspace       used 78467K, committed 78976K, reserved 1179648K
  class space    used 11719K, committed 11968K, reserved 1048576K
}
Event: 67.815 GC heap after
{Heap after GC invocations=29 (full 0):
 garbage-first heap   total 75776K, used 41939K [0x00000000c2c00000, 0x0000000100000000)
  region size 1024K, 3 young (3072K), 3 survivors (3072K)
 Metaspace       used 78467K, committed 78976K, reserved 1179648K
  class space    used 11719K, committed 11968K, reserved 1048576K
}
Event: 67.820 GC heap before
{Heap before GC invocations=29 (full 0):
 garbage-first heap   total 75776K, used 42963K [0x00000000c2c00000, 0x0000000100000000)
  region size 1024K, 4 young (4096K), 3 survivors (3072K)
 Metaspace       used 78467K, committed 78976K, reserved 1179648K
  class space    used 11719K, committed 11968K, reserved 1048576K
}
Event: 67.853 GC heap after
{Heap after GC invocations=30 (full 0):
 garbage-first heap   total 75776K, used 39983K [0x00000000c2c00000, 0x0000000100000000)
  region size 1024K, 1 young (1024K), 1 survivors (1024K)
 Metaspace       used 78467K, committed 78976K, reserved 1179648K
  class space    used 11719K, committed 11968K, reserved 1048576K
}
Event: 69.116 GC heap before
{Heap before GC invocations=30 (full 0):
 garbage-first heap   total 75776K, used 58415K [0x00000000c2c00000, 0x0000000100000000)
  region size 1024K, 20 young (20480K), 1 survivors (1024K)
 Metaspace       used 81919K, committed 82432K, reserved 1179648K
  class space    used 12196K, committed 12416K, reserved 1048576K
}

