# JRE version: OpenJDK Runtime Environment Temurin-17.0.10+7 (17.0.10+7) (build 17.0.10+7)
# Java VM: OpenJDK 64-Bit Server VM Temurin-17.0.10+7 (17.0.10+7, mixed mode, tiered, compressed oops, compressed class ptrs, parallel gc, windows-amd64)
GC Precious Log:
 CPUs: 4 total, 4 available
 Memory: 3919M
 Large Page Support: Disabled
 NUMA Support: Disabled
 Compressed Oops: Enabled (32-bit)
 Alignments: Space 512K, Generation 512K, Heap 2M
 Heap Min Capacity: 100M
 Heap Initial Capacity: 100M
 Heap Max Capacity: 1G
 Pre-touch: Disabled
 Parallel Workers: 4
Heap:
 PSYoungGen      total 22016K, used 2962K [0x00000000eab00000, 0x00000000ec280000, 0x0000000100000000)
  eden space 20992K, 11% used [0x00000000eab00000,0x00000000ead5c8a8,0x00000000ebf80000)
  from space 1024K, 53% used [0x00000000ec080000,0x00000000ec108020,0x00000000ec180000)
  to   space 1024K, 0% used [0x00000000ec180000,0x00000000ec180000,0x00000000ec280000)
 ParOldGen       total 68608K, used 35569K [0x00000000c0000000, 0x00000000c4300000, 0x00000000eab00000)
  object space 68608K, 51% used [0x00000000c0000000,0x00000000c22bc5d8,0x00000000c4300000)
 Metaspace       used 50820K, committed 51584K, reserved 1114112K
  class space    used 5037K, committed 5440K, reserved 1048576K
GC Heap History (20 events):
Event: 33.084 GC heap before
{Heap before GC invocations=18 (full 2):
 PSYoungGen      total 24576K, used 24219K [0x00000000eab00000, 0x00000000ec580000, 0x0000000100000000)
  eden space 22016K, 100% used [0x00000000eab00000,0x00000000ec080000,0x00000000ec080000)
  from space 2560K, 86% used [0x00000000ec080000,0x00000000ec2a6cf8,0x00000000ec300000)
  to   space 2560K, 0% used [0x00000000ec300000,0x00000000ec300000,0x00000000ec580000)
 ParOldGen       total 68608K, used 24125K [0x00000000c0000000, 0x00000000c4300000, 0x00000000eab00000)
  object space 68608K, 35% used [0x00000000c0000000,0x00000000c178f700,0x00000000c4300000)
 Metaspace       used 40639K, committed 41344K, reserved 1114112K
  class space    used 4143K, committed 4416K, reserved 1048576K
}
Event: 33.091 GC heap after
{Heap after GC invocations=18 (full 2):
 PSYoungGen      total 23040K, used 768K [0x00000000eab00000, 0x00000000ec400000, 0x0000000100000000)
  eden space 22016K, 0% used [0x00000000eab00000,0x00000000eab00000,0x00000000ec080000)
  from space 1024K, 75% used [0x00000000ec300000,0x00000000ec3c0080,0x00000000ec400000)
  to   space 1536K, 0% used [0x00000000ec100000,0x00000000ec100000,0x00000000ec280000)
 ParOldGen       total 68608K, used 26200K [0x00000000c0000000, 0x00000000c4300000, 0x00000000eab00000)
  object space 68608K, 38% used [0x00000000c0000000,0x00000000c19963a0,0x00000000c4300000)
 Metaspace       used 40639K, committed 41344K, reserved 1114112K
  class space    used 4143K, committed 4416K, reserved 1048576K
}
Event: 35.463 GC heap before
{Heap before GC invocations=19 (full 2):
 PSYoungGen      total 23040K, used 22784K [0x00000000eab00000, 0x00000000ec400000, 0x0000000100000000)
  eden space 22016K, 100% used [0x00000000eab00000,0x00000000ec080000,0x00000000ec080000)
  from space 1024K, 75% used [0x00000000ec300000,0x00000000ec3c0080,0x00000000ec400000)
  to   space 1536K, 0% used [0x00000000ec100000,0x00000000ec100000,0x00000000ec280000)
 ParOldGen       total 68608K, used 26200K [0x00000000c0000000, 0x00000000c4300000, 0x00000000eab00000)
  object space 68608K, 38% used [0x00000000c0000000,0x00000000c19963a0,0x00000000c4300000)
 Metaspace       used 42511K, committed 43200K, reserved 1114112K
  class space    used 4315K, committed 4608K, reserved 1048576K
}
Event: 35.465 GC heap after
{Heap after GC invocations=19 (full 2):
 PSYoungGen      total 23552K, used 384K [0x00000000eab00000, 0x00000000ec380000, 0x0000000100000000)
  eden space 22016K, 0% used [0x00000000eab00000,0x00000000eab00000,0x00000000ec080000)
  from space 1536K, 25% used [0x00000000ec100000,0x00000000ec160000,0x00000000ec280000)
  to   space 1024K, 0% used [0x00000000ec280000,0x00000000ec280000,0x00000000ec380000)
 ParOldGen       total 68608K, used 26881K [0x00000000c0000000, 0x00000000c4300000, 0x00000000eab00000)
  object space 68608K, 39% used [0x00000000c0000000,0x00000000c1a406e0,0x00000000c4300000)
 Metaspace       used 42511K, committed 43200K, reserved 1114112K
  class space    used 4315K, committed 4608K, reserved 1048576K
}
Event: 35.726 GC heap before
{Heap before GC invocations=20 (full 2):
 PSYoungGen      total 23552K, used 22337K [0x00000000eab00000, 0x00000000ec380000, 0x0000000100000000)
  eden space 22016K, 99% used [0x00000000eab00000,0x00000000ec0705b8,0x00000000ec080000)
  from space 1536K, 25% used [0x00000000ec100000,0x00000000ec160000,0x00000000ec280000)
  to   space 1024K, 0% used [0x00000000ec280000,0x00000000ec280000,0x00000000ec380000)
 ParOldGen       total 68608K, used 26881K [0x00000000c0000000, 0x00000000c4300000, 0x00000000eab00000)
  object space 68608K, 39% used [0x00000000c0000000,0x00000000c1a406e0,0x00000000c4300000)
 Metaspace       used 43090K, committed 43904K, reserved 1114112K
  class space    used 4363K, committed 4736K, reserved 1048576K
}
Event: 35.729 GC heap after
{Heap after GC invocations=20 (full 2):
 PSYoungGen      total 22528K, used 996K [0x00000000eab00000, 0x00000000ec580000, 0x0000000100000000)
  eden space 21504K, 0% used [0x00000000eab00000,0x00000000eab00000,0x00000000ec000000)
  from space 1024K, 97% used [0x00000000ec280000,0x00000000ec379148,0x00000000ec380000)
  to   space 2560K, 0% used [0x00000000ec000000,0x00000000ec000000,0x00000000ec280000)
 ParOldGen       total 68608K, used 27737K [0x00000000c0000000, 0x00000000c4300000, 0x00000000eab00000)
  object space 68608K, 40% used [0x00000000c0000000,0x00000000c1b167d0,0x00000000c4300000)
 Metaspace       used 43090K, committed 43904K, reserved 1114112K
  class space    used 4363K, committed 4736K, reserved 1048576K
}
Event: 35.997 GC heap before
{Heap before GC invocations=21 (full 2):
 PSYoungGen      total 22528K, used 22500K [0x00000000eab00000, 0x00000000ec580000, 0x0000000100000000)
  eden space 21504K, 100% used [0x00000000eab00000,0x00000000ec000000,0x00000000ec000000)
  from space 1024K, 97% used [0x00000000ec280000,0x00000000ec379148,0x00000000ec380000)
  to   space 2560K, 0% used [0x00000000ec000000,0x00000000ec000000,0x00000000ec280000)
 ParOldGen       total 68608K, used 27737K [0x00000000c0000000, 0x00000000c4300000, 0x00000000eab00000)
  object space 68608K, 40% used [0x00000000c0000000,0x00000000c1b167d0,0x00000000c4300000)
 Metaspace       used 43869K, committed 44672K, reserved 1114112K
  class space    used 4439K, committed 4800K, reserved 1048576K
}
Event: 35.999 GC heap after
{Heap after GC invocations=21 (full 2):
 PSYoungGen      total 22016K, used 416K [0x00000000eab00000, 0x00000000ec300000, 0x0000000100000000)
  eden space 21504K, 0% used [0x00000000eab00000,0x00000000eab00000,0x00000000ec000000)
  from space 512K, 81% used [0x00000000ec000000,0x00000000ec068210,0x00000000ec080000)
  to   space 1024K, 0% used [0x00000000ec200000,0x00000000ec200000,0x00000000ec300000)
 ParOldGen       total 68608K, used 28375K [0x00000000c0000000, 0x00000000c4300000, 0x00000000eab00000)
  object space 68608K, 41% used [0x00000000c0000000,0x00000000c1bb5e48,0x00000000c4300000)
 Metaspace       used 43869K, committed 44672K, reserved 1114112K
  class space    used 4439K, committed 4800K, reserved 1048576K
}
Event: 37.992 GC heap before
{Heap before GC invocations=22 (full 2):
 PSYoungGen      total 22016K, used 21920K [0x00000000eab00000, 0x00000000ec300000, 0x0000000100000000)
  eden space 21504K, 100% used [0x00000000eab00000,0x00000000ec000000,0x00000000ec000000)
  from space 512K, 81% used [0x00000000ec000000,0x00000000ec068210,0x00000000ec080000)
  to   space 1024K, 0% used [0x00000000ec200000,0x00000000ec200000,0x00000000ec300000)
 ParOldGen       total 68608K, used 28375K [0x00000000c0000000, 0x00000000c4300000, 0x00000000eab00000)
  object space 68608K, 41% used [0x00000000c0000000,0x00000000c1bb5e48,0x00000000c4300000)
 Metaspace       used 46171K, committed 46912K, reserved 1114112K
  class space    used 4674K, committed 4992K, reserved 1048576K
}
Event: 37.997 GC heap after
{Heap after GC invocations=22 (full 2):
 PSYoungGen      total 22016K, used 992K [0x00000000eab00000, 0x00000000ec500000, 0x0000000100000000)
  eden space 20992K, 0% used [0x00000000eab00000,0x00000000eab00000,0x00000000ebf80000)
  from space 1024K, 96% used [0x00000000ec200000,0x00000000ec2f8060,0x00000000ec300000)
  to   space 2560K, 0% used [0x00000000ebf80000,0x00000000ebf80000,0x00000000ec200000)
 ParOldGen       total 68608K, used 29357K [0x00000000c0000000, 0x00000000c4300000, 0x00000000eab00000)
  object space 68608K, 42% used [0x00000000c0000000,0x00000000c1cab7c0,0x00000000c4300000)
 Metaspace       used 46171K, committed 46912K, reserved 1114112K
  class space    used 4674K, committed 4992K, reserved 1048576K
}
Event: 38.832 GC heap before
{Heap before GC invocations=23 (full 2):
 PSYoungGen      total 22016K, used 21984K [0x00000000eab00000, 0x00000000ec500000, 0x0000000100000000)
  eden space 20992K, 100% used [0x00000000eab00000,0x00000000ebf80000,0x00000000ebf80000)
  from space 1024K, 96% used [0x00000000ec200000,0x00000000ec2f8060,0x00000000ec300000)
  to   space 2560K, 0% used [0x00000000ebf80000,0x00000000ebf80000,0x00000000ec200000)
 ParOldGen       total 68608K, used 29357K [0x00000000c0000000, 0x00000000c4300000, 0x00000000eab00000)
  object space 68608K, 42% used [0x00000000c0000000,0x00000000c1cab7c0,0x00000000c4300000)
 Metaspace       used 47626K, committed 48384K, reserved 1114112K
  class space    used 4816K, committed 5184K, reserved 1048576K
}
Event: 38.837 GC heap after
{Heap after GC invocations=23 (full 2):
 PSYoungGen      total 23552K, used 2283K [0x00000000eab00000, 0x00000000ec480000, 0x0000000100000000)
  eden space 20992K, 0% used [0x00000000eab00000,0x00000000eab00000,0x00000000ebf80000)
  from space 2560K, 89% used [0x00000000ebf80000,0x00000000ec1bacc8,0x00000000ec200000)
  to   space 2560K, 0% used [0x00000000ec200000,0x00000000ec200000,0x00000000ec480000)
 ParOldGen       total 68608K, used 30335K [0x00000000c0000000, 0x00000000c4300000, 0x00000000eab00000)
  object space 68608K, 44% used [0x00000000c0000000,0x00000000c1d9fe78,0x00000000c4300000)
 Metaspace       used 47626K, committed 48384K, reserved 1114112K
  class space    used 4816K, committed 5184K, reserved 1048576K
}
Event: 39.847 GC heap before
{Heap before GC invocations=24 (full 2):
 PSYoungGen      total 23552K, used 23275K [0x00000000eab00000, 0x00000000ec480000, 0x0000000100000000)
  eden space 20992K, 100% used [0x00000000eab00000,0x00000000ebf80000,0x00000000ebf80000)
  from space 2560K, 89% used [0x00000000ebf80000,0x00000000ec1bacc8,0x00000000ec200000)
  to   space 2560K, 0% used [0x00000000ec200000,0x00000000ec200000,0x00000000ec480000)
 ParOldGen       total 68608K, used 30335K [0x00000000c0000000, 0x00000000c4300000, 0x00000000eab00000)
  object space 68608K, 44% used [0x00000000c0000000,0x00000000c1d9fe78,0x00000000c4300000)
 Metaspace       used 48367K, committed 49216K, reserved 1114112K
  class space    used 4864K, committed 5248K, reserved 1048576K
}
Event: 39.852 GC heap after
{Heap after GC invocations=24 (full 2):
 PSYoungGen      total 23040K, used 1831K [0x00000000eab00000, 0x00000000ec400000, 0x0000000100000000)
  eden space 20992K, 0% used [0x00000000eab00000,0x00000000eab00000,0x00000000ebf80000)
  from space 2048K, 89% used [0x00000000ec200000,0x00000000ec3c9ea8,0x00000000ec400000)
  to   space 2048K, 0% used [0x00000000ec000000,0x00000000ec000000,0x00000000ec200000)
 ParOldGen       total 68608K, used 32327K [0x00000000c0000000, 0x00000000c4300000, 0x00000000eab00000)
  object space 68608K, 47% used [0x00000000c0000000,0x00000000c1f91d70,0x00000000c4300000)
 Metaspace       used 48367K, committed 49216K, reserved 1114112K
  class space    used 4864K, committed 5248K, reserved 1048576K
}
Event: 41.150 GC heap before
{Heap before GC invocations=25 (full 2):
 PSYoungGen      total 23040K, used 22823K [0x00000000eab00000, 0x00000000ec400000, 0x0000000100000000)
  eden space 20992K, 100% used [0x00000000eab00000,0x00000000ebf80000,0x00000000ebf80000)
  from space 2048K, 89% used [0x00000000ec200000,0x00000000ec3c9ea8,0x00000000ec400000)
  to   space 2048K, 0% used [0x00000000ec000000,0x00000000ec000000,0x00000000ec200000)
 ParOldGen       total 68608K, used 32327K [0x00000000c0000000, 0x00000000c4300000, 0x00000000eab00000)
  object space 68608K, 47% used [0x00000000c0000000,0x00000000c1f91d70,0x00000000c4300000)
 Metaspace       used 49585K, committed 50368K, reserved 1114112K
  class space    used 4943K, committed 5312K, reserved 1048576K
}
Event: 41.157 GC heap after
{Heap after GC invocations=25 (full 2):
 PSYoungGen      total 23040K, used 1799K [0x00000000eab00000, 0x00000000ec380000, 0x0000000100000000)
  eden space 20992K, 0% used [0x00000000eab00000,0x00000000eab00000,0x00000000ebf80000)
  from space 2048K, 87% used [0x00000000ec000000,0x00000000ec1c1f38,0x00000000ec200000)
  to   space 1536K, 0% used [0x00000000ec200000,0x00000000ec200000,0x00000000ec380000)
 ParOldGen       total 68608K, used 34060K [0x00000000c0000000, 0x00000000c4300000, 0x00000000eab00000)
  object space 68608K, 49% used [0x00000000c0000000,0x00000000c21431c8,0x00000000c4300000)
 Metaspace       used 49585K, committed 50368K, reserved 1114112K
  class space    used 4943K, committed 5312K, reserved 1048576K
}
Event: 48.385 GC heap before
{Heap before GC invocations=26 (full 2):
 PSYoungGen      total 23040K, used 22776K [0x00000000eab00000, 0x00000000ec380000, 0x0000000100000000)
  eden space 20992K, 99% used [0x00000000eab00000,0x00000000ebf7c0f8,0x00000000ebf80000)
  from space 2048K, 87% used [0x00000000ec000000,0x00000000ec1c1f38,0x00000000ec200000)
  to   space 1536K, 0% used [0x00000000ec200000,0x00000000ec200000,0x00000000ec380000)
 ParOldGen       total 68608K, used 34060K [0x00000000c0000000, 0x00000000c4300000, 0x00000000eab00000)
  object space 68608K, 49% used [0x00000000c0000000,0x00000000c21431c8,0x00000000c4300000)
 Metaspace       used 50480K, committed 51264K, reserved 1114112K
  class space    used 5016K, committed 5376K, reserved 1048576K
}
Event: 48.393 GC heap after
{Heap after GC invocations=26 (full 2):
 PSYoungGen      total 21504K, used 320K [0x00000000eab00000, 0x00000000ec280000, 0x0000000100000000)
  eden space 20992K, 0% used [0x00000000eab00000,0x00000000eab00000,0x00000000ebf80000)
  from space 512K, 62% used [0x00000000ec200000,0x00000000ec250020,0x00000000ec280000)
  to   space 1024K, 0% used [0x00000000ec080000,0x00000000ec080000,0x00000000ec180000)
 ParOldGen       total 68608K, used 35409K [0x00000000c0000000, 0x00000000c4300000, 0x00000000eab00000)
  object space 68608K, 51% used [0x00000000c0000000,0x00000000c22945d8,0x00000000c4300000)
 Metaspace       used 50480K, committed 51264K, reserved 1114112K
  class space    used 5016K, committed 5376K, reserved 1048576K
}
Event: 94.632 GC heap before
{Heap before GC invocations=27 (full 2):
 PSYoungGen      total 21504K, used 21312K [0x00000000eab00000, 0x00000000ec280000, 0x0000000100000000)
  eden space 20992K, 100% used [0x00000000eab00000,0x00000000ebf80000,0x00000000ebf80000)
  from space 512K, 62% used [0x00000000ec200000,0x00000000ec250020,0x00000000ec280000)
  to   space 1024K, 0% used [0x00000000ec080000,0x00000000ec080000,0x00000000ec180000)
 ParOldGen       total 68608K, used 35409K [0x00000000c0000000, 0x00000000c4300000, 0x00000000eab00000)
  object space 68608K, 51% used [0x00000000c0000000,0x00000000c22945d8,0x00000000c4300000)
 Metaspace       used 50801K, committed 51584K, reserved 1114112K
  class space    used 5037K, committed 5440K, reserved 1048576K
}
Event: 94.683 GC heap after
{Heap after GC invocations=27 (full 2):
 PSYoungGen      total 22016K, used 544K [0x00000000eab00000, 0x00000000ec280000, 0x0000000100000000)
  eden space 20992K, 0% used [0x00000000eab00000,0x00000000eab00000,0x00000000ebf80000)
  from space 1024K, 53% used [0x00000000ec080000,0x00000000ec108020,0x00000000ec180000)
  to   space 1024K, 0% used [0x00000000ec180000,0x00000000ec180000,0x00000000ec280000)
 ParOldGen       total 68608K, used 35569K [0x00000000c0000000, 0x00000000c4300000, 0x00000000eab00000)
  object space 68608K, 51% used [0x00000000c0000000,0x00000000c22bc5d8,0x00000000c4300000)
 Metaspace       used 50801K, committed 51584K, reserved 1114112K
  class space    used 5037K, committed 5440K, reserved 1048576K
}

