# JRE version: Java(TM) SE Runtime Environment (17.0.8+9) (build 17.0.8+9-LTS-211)
# Java VM: Java HotSpot(TM) 64-Bit Server VM (17.0.8+9-LTS-211, mixed mode, sharing, tiered, compressed oops, compressed class ptrs, g1 gc, windows-amd64)
GC Precious Log:
 CPUs: 2 total, 2 available
 Memory: 6020M
 Large Page Support: Disabled
 NUMA Support: Disabled
 Compressed Oops: Enabled (32-bit)
 Heap Region Size: 1M
 Heap Min Capacity: 256M
 Heap Initial Capacity: 256M
 Heap Max Capacity: 512M
 Pre-touch: Disabled
 Parallel Workers: 2
 Concurrent Workers: 1
 Concurrent Refinement Workers: 2
 Periodic GC: Disabled
Heap:
 garbage-first heap   total 262144K, used 142848K [0x00000000e0000000, 0x0000000100000000)
  region size 1024K, 80 young (81920K), 14 survivors (14336K)
 Metaspace       used 67273K, committed 67904K, reserved 393216K
  class space    used 9098K, committed 9408K, reserved 327680K
GC Heap History (20 events):
Event: 1.397 GC heap before
{Heap before GC invocations=1 (full 0):
 garbage-first heap   total 262144K, used 15710K [0x00000000e0000000, 0x0000000100000000)
  region size 1024K, 12 young (12288K), 2 survivors (2048K)
 Metaspace       used 2900K, committed 3072K, reserved 393216K
  class space    used 363K, committed 448K, reserved 327680K
}
Event: 1.402 GC heap after
{Heap after GC invocations=2 (full 0):
 garbage-first heap   total 262144K, used 10565K [0x00000000e0000000, 0x0000000100000000)
  region size 1024K, 2 young (2048K), 2 survivors (2048K)
 Metaspace       used 2900K, committed 3072K, reserved 393216K
  class space    used 363K, committed 448K, reserved 327680K
}
Event: 1.856 GC heap before
{Heap before GC invocations=2 (full 0):
 garbage-first heap   total 262144K, used 21829K [0x00000000e0000000, 0x0000000100000000)
  region size 1024K, 14 young (14336K), 2 survivors (2048K)
 Metaspace       used 3964K, committed 4160K, reserved 393216K
  class space    used 491K, committed 576K, reserved 327680K
}
Event: 1.860 GC heap after
{Heap after GC invocations=3 (full 0):
 garbage-first heap   total 262144K, used 11405K [0x00000000e0000000, 0x0000000100000000)
  region size 1024K, 1 young (1024K), 1 survivors (1024K)
 Metaspace       used 3964K, committed 4160K, reserved 393216K
  class space    used 491K, committed 576K, reserved 327680K
}
Event: 2.523 GC heap before
{Heap before GC invocations=3 (full 0):
 garbage-first heap   total 262144K, used 33933K [0x00000000e0000000, 0x0000000100000000)
  region size 1024K, 22 young (22528K), 1 survivors (1024K)
 Metaspace       used 4043K, committed 4224K, reserved 393216K
  class space    used 492K, committed 576K, reserved 327680K
}
Event: 2.526 GC heap after
{Heap after GC invocations=4 (full 0):
 garbage-first heap   total 262144K, used 12557K [0x00000000e0000000, 0x0000000100000000)
  region size 1024K, 2 young (2048K), 2 survivors (2048K)
 Metaspace       used 4043K, committed 4224K, reserved 393216K
  class space    used 492K, committed 576K, reserved 327680K
}
Event: 8.492 GC heap before
{Heap before GC invocations=4 (full 0):
 garbage-first heap   total 262144K, used 127245K [0x00000000e0000000, 0x0000000100000000)
  region size 1024K, 115 young (117760K), 2 survivors (2048K)
 Metaspace       used 21256K, committed 21504K, reserved 393216K
  class space    used 3100K, committed 3200K, reserved 327680K
}
Event: 8.513 GC heap after
{Heap after GC invocations=5 (full 0):
 garbage-first heap   total 262144K, used 22955K [0x00000000e0000000, 0x0000000100000000)
  region size 1024K, 12 young (12288K), 12 survivors (12288K)
 Metaspace       used 21256K, committed 21504K, reserved 393216K
  class space    used 3100K, committed 3200K, reserved 327680K
}
Event: 13.019 GC heap before
{Heap before GC invocations=6 (full 0):
 garbage-first heap   total 262144K, used 121259K [0x00000000e0000000, 0x0000000100000000)
  region size 1024K, 109 young (111616K), 12 survivors (12288K)
 Metaspace       used 33873K, committed 34304K, reserved 393216K
  class space    used 4798K, committed 4992K, reserved 327680K
}
Event: 13.051 GC heap after
{Heap after GC invocations=7 (full 0):
 garbage-first heap   total 262144K, used 30339K [0x00000000e0000000, 0x0000000100000000)
  region size 1024K, 8 young (8192K), 8 survivors (8192K)
 Metaspace       used 33873K, committed 34304K, reserved 393216K
  class space    used 4798K, committed 4992K, reserved 327680K
}
Event: 13.259 GC heap before
{Heap before GC invocations=7 (full 0):
 garbage-first heap   total 262144K, used 41603K [0x00000000e0000000, 0x0000000100000000)
  region size 1024K, 19 young (19456K), 8 survivors (8192K)
 Metaspace       used 35640K, committed 35968K, reserved 393216K
  class space    used 4949K, committed 5120K, reserved 327680K
}
Event: 13.275 GC heap after
{Heap after GC invocations=8 (full 0):
 garbage-first heap   total 262144K, used 30720K [0x00000000e0000000, 0x0000000100000000)
  region size 1024K, 1 young (1024K), 1 survivors (1024K)
 Metaspace       used 35640K, committed 35968K, reserved 393216K
  class space    used 4949K, committed 5120K, reserved 327680K
}
Event: 18.211 GC heap before
{Heap before GC invocations=9 (full 0):
 garbage-first heap   total 262144K, used 177152K [0x00000000e0000000, 0x0000000100000000)
  region size 1024K, 139 young (142336K), 1 survivors (1024K)
 Metaspace       used 47240K, committed 47744K, reserved 393216K
  class space    used 6705K, committed 6976K, reserved 327680K
}
Event: 18.246 GC heap after
{Heap after GC invocations=10 (full 0):
 garbage-first heap   total 262144K, used 40580K [0x00000000e0000000, 0x0000000100000000)
  region size 1024K, 11 young (11264K), 11 survivors (11264K)
 Metaspace       used 47240K, committed 47744K, reserved 393216K
  class space    used 6705K, committed 6976K, reserved 327680K
}
Event: 25.631 GC heap before
{Heap before GC invocations=10 (full 0):
 garbage-first heap   total 262144K, used 184964K [0x00000000e0000000, 0x0000000100000000)
  region size 1024K, 153 young (156672K), 11 survivors (11264K)
 Metaspace       used 53989K, committed 54464K, reserved 393216K
  class space    used 7509K, committed 7744K, reserved 327680K
}
Event: 25.679 GC heap after
{Heap after GC invocations=11 (full 0):
 garbage-first heap   total 262144K, used 47761K [0x00000000e0000000, 0x0000000100000000)
  region size 1024K, 7 young (7168K), 7 survivors (7168K)
 Metaspace       used 53989K, committed 54464K, reserved 393216K
  class space    used 7509K, committed 7744K, reserved 327680K
}
Event: 28.629 GC heap before
{Heap before GC invocations=11 (full 0):
 garbage-first heap   total 262144K, used 111249K [0x00000000e0000000, 0x0000000100000000)
  region size 1024K, 71 young (72704K), 7 survivors (7168K)
 Metaspace       used 59755K, committed 60288K, reserved 393216K
  class space    used 8249K, committed 8512K, reserved 327680K
}
Event: 28.671 GC heap after
{Heap after GC invocations=12 (full 0):
 garbage-first heap   total 262144K, used 59537K [0x00000000e0000000, 0x0000000100000000)
  region size 1024K, 19 young (19456K), 19 survivors (19456K)
 Metaspace       used 59755K, committed 60288K, reserved 393216K
  class space    used 8249K, committed 8512K, reserved 327680K
}
Event: 34.910 GC heap before
{Heap before GC invocations=13 (full 0):
 garbage-first heap   total 262144K, used 196753K [0x00000000e0000000, 0x0000000100000000)
  region size 1024K, 153 young (156672K), 19 survivors (19456K)
 Metaspace       used 64557K, committed 65152K, reserved 393216K
  class space    used 8751K, committed 9024K, reserved 327680K
}
Event: 35.000 GC heap after
{Heap after GC invocations=14 (full 0):
 garbage-first heap   total 262144K, used 74240K [0x00000000e0000000, 0x0000000100000000)
  region size 1024K, 14 young (14336K), 14 survivors (14336K)
 Metaspace       used 64557K, committed 65152K, reserved 393216K
  class space    used 8751K, committed 9024K, reserved 327680K
}

