# JRE version: OpenJDK Runtime Environment Temurin-17.0.10+7 (17.0.10+7) (build 17.0.10+7)
# Java VM: OpenJDK 64-Bit Server VM Temurin-17.0.10+7 (17.0.10+7, mixed mode, tiered, compressed oops, compressed class ptrs, parallel gc, windows-amd64)
GC Precious Log:
 CPUs: 4 total, 4 available
 Memory: 3919M
 Large Page Support: Disabled
 NUMA Support: Disabled
 Compressed Oops: Enabled (32-bit)
 Alignments: Space 512K, Generation 512K, Heap 2M
 Heap Min Capacity: 100M
 Heap Initial Capacity: 100M
 Heap Max Capacity: 1G
 Pre-touch: Disabled
 Parallel Workers: 4
Heap:
 PSYoungGen      total 48128K, used 29629K [0x00000000eab00000, 0x00000000efc80000, 0x0000000100000000)
  eden space 18432K, 0% used [0x00000000eab00000,0x00000000eab24578,0x00000000ebd00000)
  from space 29696K, 99% used [0x00000000edf80000,0x00000000efc4b048,0x00000000efc80000)
  to   space 31232K, 0% used [0x00000000ebf80000,0x00000000ebf80000,0x00000000ede00000)
 ParOldGen       total 699392K, used 256649K [0x00000000c0000000, 0x00000000eab00000, 0x00000000eab00000)
  object space 699392K, 36% used [0x00000000c0000000,0x00000000cfaa24c8,0x00000000eab00000)
 Metaspace       used 58414K, committed 59456K, reserved 1114112K
  class space    used 6221K, committed 6656K, reserved 1048576K
GC Heap History (20 events):
Event: 234.939 GC heap before
{Heap before GC invocations=1806 (full 1651):
 PSYoungGen      total 35328K, used 35229K [0x00000000eab00000, 0x00000000ee280000, 0x0000000100000000)
  eden space 16896K, 100% used [0x00000000eab00000,0x00000000ebb80000,0x00000000ebb80000)
  from space 18432K, 99% used [0x00000000ed080000,0x00000000ee2675a0,0x00000000ee280000)
  to   space 19456K, 0% used [0x00000000ebc80000,0x00000000ebc80000,0x00000000ecf80000)
 ParOldGen       total 699392K, used 215975K [0x00000000c0000000, 0x00000000eab00000, 0x00000000eab00000)
  object space 699392K, 30% used [0x00000000c0000000,0x00000000cd2e9fa0,0x00000000eab00000)
 Metaspace       used 58204K, committed 59328K, reserved 1114112K
  class space    used 6198K, committed 6656K, reserved 1048576K
}
Event: 234.955 GC heap after
{Heap after GC invocations=1806 (full 1651):
 PSYoungGen      total 36864K, used 19454K [0x00000000eab00000, 0x00000000ee900000, 0x0000000100000000)
  eden space 17408K, 0% used [0x00000000eab00000,0x00000000eab00000,0x00000000ebc00000)
  from space 19456K, 99% used [0x00000000ebc80000,0x00000000ecf7f940,0x00000000ecf80000)
  to   space 23040K, 0% used [0x00000000ed280000,0x00000000ed280000,0x00000000ee900000)
 ParOldGen       total 699392K, used 218697K [0x00000000c0000000, 0x00000000eab00000, 0x00000000eab00000)
  object space 699392K, 31% used [0x00000000c0000000,0x00000000cd592548,0x00000000eab00000)
 Metaspace       used 58204K, committed 59328K, reserved 1114112K
  class space    used 6198K, committed 6656K, reserved 1048576K
}
Event: 235.085 GC heap before
{Heap before GC invocations=1807 (full 1651):
 PSYoungGen      total 36864K, used 36862K [0x00000000eab00000, 0x00000000ee900000, 0x0000000100000000)
  eden space 17408K, 100% used [0x00000000eab00000,0x00000000ebc00000,0x00000000ebc00000)
  from space 19456K, 99% used [0x00000000ebc80000,0x00000000ecf7f940,0x00000000ecf80000)
  to   space 23040K, 0% used [0x00000000ed280000,0x00000000ed280000,0x00000000ee900000)
 ParOldGen       total 699392K, used 218697K [0x00000000c0000000, 0x00000000eab00000, 0x00000000eab00000)
  object space 699392K, 31% used [0x00000000c0000000,0x00000000cd592548,0x00000000eab00000)
 Metaspace       used 58204K, committed 59328K, reserved 1114112K
  class space    used 6198K, committed 6656K, reserved 1048576K
}
Event: 235.101 GC heap after
{Heap after GC invocations=1807 (full 1651):
 PSYoungGen      total 36864K, used 18776K [0x00000000eab00000, 0x00000000ee500000, 0x0000000100000000)
  eden space 17920K, 0% used [0x00000000eab00000,0x00000000eab00000,0x00000000ebc80000)
  from space 18944K, 99% used [0x00000000ed280000,0x00000000ee4d6198,0x00000000ee500000)
  to   space 20480K, 0% used [0x00000000ebd00000,0x00000000ebd00000,0x00000000ed100000)
 ParOldGen       total 699392K, used 222908K [0x00000000c0000000, 0x00000000eab00000, 0x00000000eab00000)
  object space 699392K, 31% used [0x00000000c0000000,0x00000000cd9af1b0,0x00000000eab00000)
 Metaspace       used 58204K, committed 59328K, reserved 1114112K
  class space    used 6198K, committed 6656K, reserved 1048576K
}
Event: 235.388 GC heap before
{Heap before GC invocations=1808 (full 1651):
 PSYoungGen      total 36864K, used 36696K [0x00000000eab00000, 0x00000000ee500000, 0x0000000100000000)
  eden space 17920K, 100% used [0x00000000eab00000,0x00000000ebc80000,0x00000000ebc80000)
  from space 18944K, 99% used [0x00000000ed280000,0x00000000ee4d6198,0x00000000ee500000)
  to   space 20480K, 0% used [0x00000000ebd00000,0x00000000ebd00000,0x00000000ed100000)
 ParOldGen       total 699392K, used 222908K [0x00000000c0000000, 0x00000000eab00000, 0x00000000eab00000)
  object space 699392K, 31% used [0x00000000c0000000,0x00000000cd9af1b0,0x00000000eab00000)
 Metaspace       used 58204K, committed 59328K, reserved 1114112K
  class space    used 6198K, committed 6656K, reserved 1048576K
}
Event: 235.403 GC heap after
{Heap after GC invocations=1808 (full 1651):
 PSYoungGen      total 38912K, used 20468K [0x00000000eab00000, 0x00000000eeb00000, 0x0000000100000000)
  eden space 18432K, 0% used [0x00000000eab00000,0x00000000eab00000,0x00000000ebd00000)
  from space 20480K, 99% used [0x00000000ebd00000,0x00000000ed0fd248,0x00000000ed100000)
  to   space 23552K, 0% used [0x00000000ed400000,0x00000000ed400000,0x00000000eeb00000)
 ParOldGen       total 699392K, used 224988K [0x00000000c0000000, 0x00000000eab00000, 0x00000000eab00000)
  object space 699392K, 32% used [0x00000000c0000000,0x00000000cdbb70c0,0x00000000eab00000)
 Metaspace       used 58204K, committed 59328K, reserved 1114112K
  class space    used 6198K, committed 6656K, reserved 1048576K
}
Event: 236.242 GC heap before
{Heap before GC invocations=1809 (full 1651):
 PSYoungGen      total 38912K, used 38900K [0x00000000eab00000, 0x00000000eeb00000, 0x0000000100000000)
  eden space 18432K, 100% used [0x00000000eab00000,0x00000000ebd00000,0x00000000ebd00000)
  from space 20480K, 99% used [0x00000000ebd00000,0x00000000ed0fd248,0x00000000ed100000)
  to   space 23552K, 0% used [0x00000000ed400000,0x00000000ed400000,0x00000000eeb00000)
 ParOldGen       total 699392K, used 224988K [0x00000000c0000000, 0x00000000eab00000, 0x00000000eab00000)
  object space 699392K, 32% used [0x00000000c0000000,0x00000000cdbb70c0,0x00000000eab00000)
 Metaspace       used 58204K, committed 59328K, reserved 1114112K
  class space    used 6198K, committed 6656K, reserved 1048576K
}
Event: 236.265 GC heap after
{Heap after GC invocations=1809 (full 1651):
 PSYoungGen      total 38400K, used 19755K [0x00000000eab00000, 0x00000000ee780000, 0x0000000100000000)
  eden space 18432K, 0% used [0x00000000eab00000,0x00000000eab00000,0x00000000ebd00000)
  from space 19968K, 98% used [0x00000000ed400000,0x00000000ee74ae28,0x00000000ee780000)
  to   space 20992K, 0% used [0x00000000ebe80000,0x00000000ebe80000,0x00000000ed300000)
 ParOldGen       total 699392K, used 229898K [0x00000000c0000000, 0x00000000eab00000, 0x00000000eab00000)
  object space 699392K, 32% used [0x00000000c0000000,0x00000000ce0828f0,0x00000000eab00000)
 Metaspace       used 58204K, committed 59328K, reserved 1114112K
  class space    used 6198K, committed 6656K, reserved 1048576K
}
Event: 236.554 GC heap before
{Heap before GC invocations=1810 (full 1651):
 PSYoungGen      total 38400K, used 38187K [0x00000000eab00000, 0x00000000ee780000, 0x0000000100000000)
  eden space 18432K, 100% used [0x00000000eab00000,0x00000000ebd00000,0x00000000ebd00000)
  from space 19968K, 98% used [0x00000000ed400000,0x00000000ee74ae28,0x00000000ee780000)
  to   space 20992K, 0% used [0x00000000ebe80000,0x00000000ebe80000,0x00000000ed300000)
 ParOldGen       total 699392K, used 229898K [0x00000000c0000000, 0x00000000eab00000, 0x00000000eab00000)
  object space 699392K, 32% used [0x00000000c0000000,0x00000000ce0828f0,0x00000000eab00000)
 Metaspace       used 58204K, committed 59328K, reserved 1114112K
  class space    used 6198K, committed 6656K, reserved 1048576K
}
Event: 236.575 GC heap after
{Heap after GC invocations=1810 (full 1651):
 PSYoungGen      total 39424K, used 20976K [0x00000000eab00000, 0x00000000eee00000, 0x0000000100000000)
  eden space 18432K, 0% used [0x00000000eab00000,0x00000000eab00000,0x00000000ebd00000)
  from space 20992K, 99% used [0x00000000ebe80000,0x00000000ed2fc1b0,0x00000000ed300000)
  to   space 25088K, 0% used [0x00000000ed580000,0x00000000ed580000,0x00000000eee00000)
 ParOldGen       total 699392K, used 233039K [0x00000000c0000000, 0x00000000eab00000, 0x00000000eab00000)
  object space 699392K, 33% used [0x00000000c0000000,0x00000000ce393f70,0x00000000eab00000)
 Metaspace       used 58204K, committed 59328K, reserved 1114112K
  class space    used 6198K, committed 6656K, reserved 1048576K
}
Event: 238.896 GC heap before
{Heap before GC invocations=1811 (full 1651):
 PSYoungGen      total 39424K, used 39408K [0x00000000eab00000, 0x00000000eee00000, 0x0000000100000000)
  eden space 18432K, 100% used [0x00000000eab00000,0x00000000ebd00000,0x00000000ebd00000)
  from space 20992K, 99% used [0x00000000ebe80000,0x00000000ed2fc1b0,0x00000000ed300000)
  to   space 25088K, 0% used [0x00000000ed580000,0x00000000ed580000,0x00000000eee00000)
 ParOldGen       total 699392K, used 233039K [0x00000000c0000000, 0x00000000eab00000, 0x00000000eab00000)
  object space 699392K, 33% used [0x00000000c0000000,0x00000000ce393f70,0x00000000eab00000)
 Metaspace       used 58204K, committed 59328K, reserved 1114112K
  class space    used 6198K, committed 6656K, reserved 1048576K
}
Event: 238.936 GC heap after
{Heap after GC invocations=1811 (full 1651):
 PSYoungGen      total 41472K, used 22709K [0x00000000eab00000, 0x00000000eec00000, 0x0000000100000000)
  eden space 18432K, 0% used [0x00000000eab00000,0x00000000eab00000,0x00000000ebd00000)
  from space 23040K, 98% used [0x00000000ed580000,0x00000000eebad5c0,0x00000000eec00000)
  to   space 23552K, 0% used [0x00000000ebe00000,0x00000000ebe00000,0x00000000ed500000)
 ParOldGen       total 699392K, used 237274K [0x00000000c0000000, 0x00000000eab00000, 0x00000000eab00000)
  object space 699392K, 33% used [0x00000000c0000000,0x00000000ce7b6bc8,0x00000000eab00000)
 Metaspace       used 58204K, committed 59328K, reserved 1114112K
  class space    used 6198K, committed 6656K, reserved 1048576K
}
Event: 239.170 GC heap before
{Heap before GC invocations=1812 (full 1651):
 PSYoungGen      total 41472K, used 41141K [0x00000000eab00000, 0x00000000eec00000, 0x0000000100000000)
  eden space 18432K, 100% used [0x00000000eab00000,0x00000000ebd00000,0x00000000ebd00000)
  from space 23040K, 98% used [0x00000000ed580000,0x00000000eebad5c0,0x00000000eec00000)
  to   space 23552K, 0% used [0x00000000ebe00000,0x00000000ebe00000,0x00000000ed500000)
 ParOldGen       total 699392K, used 237274K [0x00000000c0000000, 0x00000000eab00000, 0x00000000eab00000)
  object space 699392K, 33% used [0x00000000c0000000,0x00000000ce7b6bc8,0x00000000eab00000)
 Metaspace       used 58204K, committed 59328K, reserved 1114112K
  class space    used 6198K, committed 6656K, reserved 1048576K
}
Event: 239.190 GC heap after
{Heap after GC invocations=1812 (full 1651):
 PSYoungGen      total 41984K, used 23551K [0x00000000eab00000, 0x00000000ef700000, 0x0000000100000000)
  eden space 18432K, 0% used [0x00000000eab00000,0x00000000eab00000,0x00000000ebd00000)
  from space 23552K, 99% used [0x00000000ebe00000,0x00000000ed4ffd58,0x00000000ed500000)
  to   space 29696K, 0% used [0x00000000eda00000,0x00000000eda00000,0x00000000ef700000)
 ParOldGen       total 699392K, used 242169K [0x00000000c0000000, 0x00000000eab00000, 0x00000000eab00000)
  object space 699392K, 34% used [0x00000000c0000000,0x00000000cec7e660,0x00000000eab00000)
 Metaspace       used 58204K, committed 59328K, reserved 1114112K
  class space    used 6198K, committed 6656K, reserved 1048576K
}
Event: 239.402 GC heap before
{Heap before GC invocations=1813 (full 1651):
 PSYoungGen      total 41984K, used 41983K [0x00000000eab00000, 0x00000000ef700000, 0x0000000100000000)
  eden space 18432K, 100% used [0x00000000eab00000,0x00000000ebd00000,0x00000000ebd00000)
  from space 23552K, 99% used [0x00000000ebe00000,0x00000000ed4ffd58,0x00000000ed500000)
  to   space 29696K, 0% used [0x00000000eda00000,0x00000000eda00000,0x00000000ef700000)
 ParOldGen       total 699392K, used 242169K [0x00000000c0000000, 0x00000000eab00000, 0x00000000eab00000)
  object space 699392K, 34% used [0x00000000c0000000,0x00000000cec7e660,0x00000000eab00000)
 Metaspace       used 58204K, committed 59328K, reserved 1114112K
  class space    used 6198K, committed 6656K, reserved 1048576K
}
Event: 239.426 GC heap after
{Heap after GC invocations=1813 (full 1651):
 PSYoungGen      total 45056K, used 26606K [0x00000000eab00000, 0x00000000ef400000, 0x0000000100000000)
  eden space 18432K, 0% used [0x00000000eab00000,0x00000000eab00000,0x00000000ebd00000)
  from space 26624K, 99% used [0x00000000eda00000,0x00000000ef3fb940,0x00000000ef400000)
  to   space 27648K, 0% used [0x00000000ebe00000,0x00000000ebe00000,0x00000000ed900000)
 ParOldGen       total 699392K, used 246314K [0x00000000c0000000, 0x00000000eab00000, 0x00000000eab00000)
  object space 699392K, 35% used [0x00000000c0000000,0x00000000cf08aa28,0x00000000eab00000)
 Metaspace       used 58204K, committed 59328K, reserved 1114112K
  class space    used 6198K, committed 6656K, reserved 1048576K
}
Event: 239.803 GC heap before
{Heap before GC invocations=1814 (full 1651):
 PSYoungGen      total 45056K, used 45038K [0x00000000eab00000, 0x00000000ef400000, 0x0000000100000000)
  eden space 18432K, 100% used [0x00000000eab00000,0x00000000ebd00000,0x00000000ebd00000)
  from space 26624K, 99% used [0x00000000eda00000,0x00000000ef3fb940,0x00000000ef400000)
  to   space 27648K, 0% used [0x00000000ebe00000,0x00000000ebe00000,0x00000000ed900000)
 ParOldGen       total 699392K, used 246314K [0x00000000c0000000, 0x00000000eab00000, 0x00000000eab00000)
  object space 699392K, 35% used [0x00000000c0000000,0x00000000cf08aa28,0x00000000eab00000)
 Metaspace       used 58204K, committed 59328K, reserved 1114112K
  class space    used 6198K, committed 6656K, reserved 1048576K
}
Event: 239.820 GC heap after
{Heap after GC invocations=1814 (full 1651):
 PSYoungGen      total 46080K, used 27645K [0x00000000eab00000, 0x00000000f0200000, 0x0000000100000000)
  eden space 18432K, 0% used [0x00000000eab00000,0x00000000eab00000,0x00000000ebd00000)
  from space 27648K, 99% used [0x00000000ebe00000,0x00000000ed8ff5c8,0x00000000ed900000)
  to   space 35328K, 0% used [0x00000000edf80000,0x00000000edf80000,0x00000000f0200000)
 ParOldGen       total 699392K, used 252359K [0x00000000c0000000, 0x00000000eab00000, 0x00000000eab00000)
  object space 699392K, 36% used [0x00000000c0000000,0x00000000cf671f00,0x00000000eab00000)
 Metaspace       used 58204K, committed 59328K, reserved 1114112K
  class space    used 6198K, committed 6656K, reserved 1048576K
}
Event: 279.751 GC heap before
{Heap before GC invocations=1815 (full 1651):
 PSYoungGen      total 46080K, used 46077K [0x00000000eab00000, 0x00000000f0200000, 0x0000000100000000)
  eden space 18432K, 100% used [0x00000000eab00000,0x00000000ebd00000,0x00000000ebd00000)
  from space 27648K, 99% used [0x00000000ebe00000,0x00000000ed8ff5c8,0x00000000ed900000)
  to   space 35328K, 0% used [0x00000000edf80000,0x00000000edf80000,0x00000000f0200000)
 ParOldGen       total 699392K, used 252359K [0x00000000c0000000, 0x00000000eab00000, 0x00000000eab00000)
  object space 699392K, 36% used [0x00000000c0000000,0x00000000cf671f00,0x00000000eab00000)
 Metaspace       used 58409K, committed 59456K, reserved 1114112K
  class space    used 6221K, committed 6656K, reserved 1048576K
}
Event: 282.165 GC heap after
{Heap after GC invocations=1815 (full 1651):
 PSYoungGen      total 48128K, used 29484K [0x00000000eab00000, 0x00000000efc80000, 0x0000000100000000)
  eden space 18432K, 0% used [0x00000000eab00000,0x00000000eab00000,0x00000000ebd00000)
  from space 29696K, 99% used [0x00000000edf80000,0x00000000efc4b048,0x00000000efc80000)
  to   space 31232K, 0% used [0x00000000ebf80000,0x00000000ebf80000,0x00000000ede00000)
 ParOldGen       total 699392K, used 256649K [0x00000000c0000000, 0x00000000eab00000, 0x00000000eab00000)
  object space 699392K, 36% used [0x00000000c0000000,0x00000000cfaa24c8,0x00000000eab00000)
 Metaspace       used 58409K, committed 59456K, reserved 1114112K
  class space    used 6221K, committed 6656K, reserved 1048576K
}

