# JRE version: OpenJDK Runtime Environment Temurin-17.0.10+7 (17.0.10+7) (build 17.0.10+7)
# Java VM: OpenJDK 64-Bit Server VM Temurin-17.0.10+7 (17.0.10+7, mixed mode, tiered, compressed oops, compressed class ptrs, parallel gc, windows-amd64)
GC Precious Log:
 CPUs: 4 total, 4 available
 Memory: 3919M
 Large Page Support: Disabled
 NUMA Support: Disabled
 Compressed Oops: Enabled (32-bit)
 Alignments: Space 512K, Generation 512K, Heap 2M
 Heap Min Capacity: 100M
 Heap Initial Capacity: 100M
 Heap Max Capacity: 1G
 Pre-touch: Disabled
 Parallel Workers: 4
Heap:
 PSYoungGen      total 17920K, used 14412K [0x00000000eab00000, 0x00000000ec400000, 0x0000000100000000)
  eden space 11264K, 68% used [0x00000000eab00000,0x00000000eb295488,0x00000000eb600000)
  from space 6656K, 99% used [0x00000000eb700000,0x00000000ebd7dc38,0x00000000ebd80000)
  to   space 6144K, 0% used [0x00000000ebe00000,0x00000000ebe00000,0x00000000ec400000)
 ParOldGen       total 699392K, used 189061K [0x00000000c0000000, 0x00000000eab00000, 0x00000000eab00000)
  object space 699392K, 27% used [0x00000000c0000000,0x00000000cb8a1530,0x00000000eab00000)
 Metaspace       used 57703K, committed 58752K, reserved 1114112K
  class space    used 6168K, committed 6656K, reserved 1048576K
GC Heap History (20 events):
Event: 215.554 GC heap before
{Heap before GC invocations=1419 (full 1285):
 PSYoungGen      total 11776K, used 11755K [0x00000000eab00000, 0x00000000ebf00000, 0x0000000100000000)
  eden space 7680K, 99% used [0x00000000eab00000,0x00000000eb27f1e0,0x00000000eb280000)
  from space 4096K, 99% used [0x00000000eb280000,0x00000000eb67ba38,0x00000000eb680000)
  to   space 6144K, 0% used [0x00000000eb900000,0x00000000eb900000,0x00000000ebf00000)
 ParOldGen       total 699392K, used 171796K [0x00000000c0000000, 0x00000000eab00000, 0x00000000eab00000)
  object space 699392K, 24% used [0x00000000c0000000,0x00000000ca7c5170,0x00000000eab00000)
 Metaspace       used 57132K, committed 58240K, reserved 1114112K
  class space    used 6101K, committed 6592K, reserved 1048576K
}
Event: 215.562 GC heap after
{Heap after GC invocations=1419 (full 1285):
 PSYoungGen      total 12800K, used 4148K [0x00000000eab00000, 0x00000000ebd80000, 0x0000000100000000)
  eden space 8192K, 0% used [0x00000000eab00000,0x00000000eab00000,0x00000000eb300000)
  from space 4608K, 90% used [0x00000000eb900000,0x00000000ebd0d3c0,0x00000000ebd80000)
  to   space 5120K, 0% used [0x00000000eb380000,0x00000000eb380000,0x00000000eb880000)
 ParOldGen       total 699392K, used 173397K [0x00000000c0000000, 0x00000000eab00000, 0x00000000eab00000)
  object space 699392K, 24% used [0x00000000c0000000,0x00000000ca955710,0x00000000eab00000)
 Metaspace       used 57132K, committed 58240K, reserved 1114112K
  class space    used 6101K, committed 6592K, reserved 1048576K
}
Event: 215.618 GC heap before
{Heap before GC invocations=1420 (full 1285):
 PSYoungGen      total 12800K, used 12340K [0x00000000eab00000, 0x00000000ebd80000, 0x0000000100000000)
  eden space 8192K, 100% used [0x00000000eab00000,0x00000000eb300000,0x00000000eb300000)
  from space 4608K, 90% used [0x00000000eb900000,0x00000000ebd0d3c0,0x00000000ebd80000)
  to   space 5120K, 0% used [0x00000000eb380000,0x00000000eb380000,0x00000000eb880000)
 ParOldGen       total 699392K, used 173397K [0x00000000c0000000, 0x00000000eab00000, 0x00000000eab00000)
  object space 699392K, 24% used [0x00000000c0000000,0x00000000ca955710,0x00000000eab00000)
 Metaspace       used 57136K, committed 58240K, reserved 1114112K
  class space    used 6102K, committed 6592K, reserved 1048576K
}
Event: 215.626 GC heap after
{Heap after GC invocations=1420 (full 1285):
 PSYoungGen      total 13824K, used 5108K [0x00000000eab00000, 0x00000000ec080000, 0x0000000100000000)
  eden space 8704K, 0% used [0x00000000eab00000,0x00000000eab00000,0x00000000eb380000)
  from space 5120K, 99% used [0x00000000eb380000,0x00000000eb87d138,0x00000000eb880000)
  to   space 6656K, 0% used [0x00000000eba00000,0x00000000eba00000,0x00000000ec080000)
 ParOldGen       total 699392K, used 174189K [0x00000000c0000000, 0x00000000eab00000, 0x00000000eab00000)
  object space 699392K, 24% used [0x00000000c0000000,0x00000000caa1b6a8,0x00000000eab00000)
 Metaspace       used 57136K, committed 58240K, reserved 1114112K
  class space    used 6102K, committed 6592K, reserved 1048576K
}
Event: 215.738 GC heap before
{Heap before GC invocations=1421 (full 1285):
 PSYoungGen      total 13824K, used 13812K [0x00000000eab00000, 0x00000000ec080000, 0x0000000100000000)
  eden space 8704K, 100% used [0x00000000eab00000,0x00000000eb380000,0x00000000eb380000)
  from space 5120K, 99% used [0x00000000eb380000,0x00000000eb87d138,0x00000000eb880000)
  to   space 6656K, 0% used [0x00000000eba00000,0x00000000eba00000,0x00000000ec080000)
 ParOldGen       total 699392K, used 174189K [0x00000000c0000000, 0x00000000eab00000, 0x00000000eab00000)
  object space 699392K, 24% used [0x00000000c0000000,0x00000000caa1b6a8,0x00000000eab00000)
 Metaspace       used 57250K, committed 58368K, reserved 1114112K
  class space    used 6106K, committed 6592K, reserved 1048576K
}
Event: 215.753 GC heap after
{Heap after GC invocations=1421 (full 1285):
 PSYoungGen      total 14336K, used 4864K [0x00000000eab00000, 0x00000000ebf00000, 0x0000000100000000)
  eden space 9216K, 0% used [0x00000000eab00000,0x00000000eab00000,0x00000000eb400000)
  from space 5120K, 95% used [0x00000000eba00000,0x00000000ebec0270,0x00000000ebf00000)
  to   space 5632K, 0% used [0x00000000eb400000,0x00000000eb400000,0x00000000eb980000)
 ParOldGen       total 699392K, used 176197K [0x00000000c0000000, 0x00000000eab00000, 0x00000000eab00000)
  object space 699392K, 25% used [0x00000000c0000000,0x00000000cac11470,0x00000000eab00000)
 Metaspace       used 57250K, committed 58368K, reserved 1114112K
  class space    used 6106K, committed 6592K, reserved 1048576K
}
Event: 215.947 GC heap before
{Heap before GC invocations=1422 (full 1285):
 PSYoungGen      total 14336K, used 14080K [0x00000000eab00000, 0x00000000ebf00000, 0x0000000100000000)
  eden space 9216K, 100% used [0x00000000eab00000,0x00000000eb400000,0x00000000eb400000)
  from space 5120K, 95% used [0x00000000eba00000,0x00000000ebec0270,0x00000000ebf00000)
  to   space 5632K, 0% used [0x00000000eb400000,0x00000000eb400000,0x00000000eb980000)
 ParOldGen       total 699392K, used 176197K [0x00000000c0000000, 0x00000000eab00000, 0x00000000eab00000)
  object space 699392K, 25% used [0x00000000c0000000,0x00000000cac11470,0x00000000eab00000)
 Metaspace       used 57394K, committed 58496K, reserved 1114112K
  class space    used 6130K, committed 6592K, reserved 1048576K
}
Event: 215.963 GC heap after
{Heap after GC invocations=1422 (full 1285):
 PSYoungGen      total 14848K, used 5627K [0x00000000eab00000, 0x00000000ec280000, 0x0000000100000000)
  eden space 9216K, 0% used [0x00000000eab00000,0x00000000eab00000,0x00000000eb400000)
  from space 5632K, 99% used [0x00000000eb400000,0x00000000eb97ed40,0x00000000eb980000)
  to   space 7168K, 0% used [0x00000000ebb80000,0x00000000ebb80000,0x00000000ec280000)
 ParOldGen       total 699392K, used 177182K [0x00000000c0000000, 0x00000000eab00000, 0x00000000eab00000)
  object space 699392K, 25% used [0x00000000c0000000,0x00000000cad07bf0,0x00000000eab00000)
 Metaspace       used 57394K, committed 58496K, reserved 1114112K
  class space    used 6130K, committed 6592K, reserved 1048576K
}
Event: 216.070 GC heap before
{Heap before GC invocations=1423 (full 1285):
 PSYoungGen      total 14848K, used 14843K [0x00000000eab00000, 0x00000000ec280000, 0x0000000100000000)
  eden space 9216K, 100% used [0x00000000eab00000,0x00000000eb400000,0x00000000eb400000)
  from space 5632K, 99% used [0x00000000eb400000,0x00000000eb97ed40,0x00000000eb980000)
  to   space 7168K, 0% used [0x00000000ebb80000,0x00000000ebb80000,0x00000000ec280000)
 ParOldGen       total 699392K, used 177182K [0x00000000c0000000, 0x00000000eab00000, 0x00000000eab00000)
  object space 699392K, 25% used [0x00000000c0000000,0x00000000cad07bf0,0x00000000eab00000)
 Metaspace       used 57397K, committed 58496K, reserved 1114112K
  class space    used 6131K, committed 6592K, reserved 1048576K
}
Event: 216.077 GC heap after
{Heap after GC invocations=1423 (full 1285):
 PSYoungGen      total 15360K, used 5445K [0x00000000eab00000, 0x00000000ec100000, 0x0000000100000000)
  eden space 9728K, 0% used [0x00000000eab00000,0x00000000eab00000,0x00000000eb480000)
  from space 5632K, 96% used [0x00000000ebb80000,0x00000000ec0d1460,0x00000000ec100000)
  to   space 6144K, 0% used [0x00000000eb500000,0x00000000eb500000,0x00000000ebb00000)
 ParOldGen       total 699392K, used 179733K [0x00000000c0000000, 0x00000000eab00000, 0x00000000eab00000)
  object space 699392K, 25% used [0x00000000c0000000,0x00000000caf857c8,0x00000000eab00000)
 Metaspace       used 57397K, committed 58496K, reserved 1114112K
  class space    used 6131K, committed 6592K, reserved 1048576K
}
Event: 216.465 GC heap before
{Heap before GC invocations=1424 (full 1285):
 PSYoungGen      total 15360K, used 15173K [0x00000000eab00000, 0x00000000ec100000, 0x0000000100000000)
  eden space 9728K, 100% used [0x00000000eab00000,0x00000000eb480000,0x00000000eb480000)
  from space 5632K, 96% used [0x00000000ebb80000,0x00000000ec0d1460,0x00000000ec100000)
  to   space 6144K, 0% used [0x00000000eb500000,0x00000000eb500000,0x00000000ebb00000)
 ParOldGen       total 699392K, used 179733K [0x00000000c0000000, 0x00000000eab00000, 0x00000000eab00000)
  object space 699392K, 25% used [0x00000000c0000000,0x00000000caf857c8,0x00000000eab00000)
 Metaspace       used 57513K, committed 58560K, reserved 1114112K
  class space    used 6142K, committed 6592K, reserved 1048576K
}
Event: 216.472 GC heap after
{Heap after GC invocations=1424 (full 1285):
 PSYoungGen      total 16384K, used 6116K [0x00000000eab00000, 0x00000000ec400000, 0x0000000100000000)
  eden space 10240K, 0% used [0x00000000eab00000,0x00000000eab00000,0x00000000eb500000)
  from space 6144K, 99% used [0x00000000eb500000,0x00000000ebaf93a0,0x00000000ebb00000)
  to   space 7680K, 0% used [0x00000000ebc80000,0x00000000ebc80000,0x00000000ec400000)
 ParOldGen       total 699392K, used 180819K [0x00000000c0000000, 0x00000000eab00000, 0x00000000eab00000)
  object space 699392K, 25% used [0x00000000c0000000,0x00000000cb094c58,0x00000000eab00000)
 Metaspace       used 57513K, committed 58560K, reserved 1114112K
  class space    used 6142K, committed 6592K, reserved 1048576K
}
Event: 216.888 GC heap before
{Heap before GC invocations=1425 (full 1285):
 PSYoungGen      total 16384K, used 16356K [0x00000000eab00000, 0x00000000ec400000, 0x0000000100000000)
  eden space 10240K, 100% used [0x00000000eab00000,0x00000000eb500000,0x00000000eb500000)
  from space 6144K, 99% used [0x00000000eb500000,0x00000000ebaf93a0,0x00000000ebb00000)
  to   space 7680K, 0% used [0x00000000ebc80000,0x00000000ebc80000,0x00000000ec400000)
 ParOldGen       total 699392K, used 180819K [0x00000000c0000000, 0x00000000eab00000, 0x00000000eab00000)
  object space 699392K, 25% used [0x00000000c0000000,0x00000000cb094c58,0x00000000eab00000)
 Metaspace       used 57525K, committed 58624K, reserved 1114112K
  class space    used 6143K, committed 6592K, reserved 1048576K
}
Event: 216.913 GC heap after
{Heap after GC invocations=1425 (full 1285):
 PSYoungGen      total 16896K, used 5548K [0x00000000eab00000, 0x00000000ec280000, 0x0000000100000000)
  eden space 10752K, 0% used [0x00000000eab00000,0x00000000eab00000,0x00000000eb580000)
  from space 6144K, 90% used [0x00000000ebc80000,0x00000000ec1eb3e8,0x00000000ec280000)
  to   space 6656K, 0% used [0x00000000eb580000,0x00000000eb580000,0x00000000ebc00000)
 ParOldGen       total 699392K, used 183484K [0x00000000c0000000, 0x00000000eab00000, 0x00000000eab00000)
  object space 699392K, 26% used [0x00000000c0000000,0x00000000cb32f360,0x00000000eab00000)
 Metaspace       used 57525K, committed 58624K, reserved 1114112K
  class space    used 6143K, committed 6592K, reserved 1048576K
}
Event: 217.102 GC heap before
{Heap before GC invocations=1426 (full 1285):
 PSYoungGen      total 16896K, used 16300K [0x00000000eab00000, 0x00000000ec280000, 0x0000000100000000)
  eden space 10752K, 100% used [0x00000000eab00000,0x00000000eb580000,0x00000000eb580000)
  from space 6144K, 90% used [0x00000000ebc80000,0x00000000ec1eb3e8,0x00000000ec280000)
  to   space 6656K, 0% used [0x00000000eb580000,0x00000000eb580000,0x00000000ebc00000)
 ParOldGen       total 699392K, used 183484K [0x00000000c0000000, 0x00000000eab00000, 0x00000000eab00000)
  object space 699392K, 26% used [0x00000000c0000000,0x00000000cb32f360,0x00000000eab00000)
 Metaspace       used 57525K, committed 58624K, reserved 1114112K
  class space    used 6143K, committed 6592K, reserved 1048576K
}
Event: 217.120 GC heap after
{Heap after GC invocations=1426 (full 1285):
 PSYoungGen      total 17408K, used 6654K [0x00000000eab00000, 0x00000000ec600000, 0x0000000100000000)
  eden space 10752K, 0% used [0x00000000eab00000,0x00000000eab00000,0x00000000eb580000)
  from space 6656K, 99% used [0x00000000eb580000,0x00000000ebbff9d0,0x00000000ebc00000)
  to   space 8192K, 0% used [0x00000000ebe00000,0x00000000ebe00000,0x00000000ec600000)
 ParOldGen       total 699392K, used 184566K [0x00000000c0000000, 0x00000000eab00000, 0x00000000eab00000)
  object space 699392K, 26% used [0x00000000c0000000,0x00000000cb43da60,0x00000000eab00000)
 Metaspace       used 57525K, committed 58624K, reserved 1114112K
  class space    used 6143K, committed 6592K, reserved 1048576K
}
Event: 217.232 GC heap before
{Heap before GC invocations=1427 (full 1285):
 PSYoungGen      total 17408K, used 17406K [0x00000000eab00000, 0x00000000ec600000, 0x0000000100000000)
  eden space 10752K, 100% used [0x00000000eab00000,0x00000000eb580000,0x00000000eb580000)
  from space 6656K, 99% used [0x00000000eb580000,0x00000000ebbff9d0,0x00000000ebc00000)
  to   space 8192K, 0% used [0x00000000ebe00000,0x00000000ebe00000,0x00000000ec600000)
 ParOldGen       total 699392K, used 184566K [0x00000000c0000000, 0x00000000eab00000, 0x00000000eab00000)
  object space 699392K, 26% used [0x00000000c0000000,0x00000000cb43da60,0x00000000eab00000)
 Metaspace       used 57527K, committed 58624K, reserved 1114112K
  class space    used 6143K, committed 6592K, reserved 1048576K
}
Event: 217.246 GC heap after
{Heap after GC invocations=1427 (full 1285):
 PSYoungGen      total 17408K, used 6030K [0x00000000eab00000, 0x00000000ec400000, 0x0000000100000000)
  eden space 11264K, 0% used [0x00000000eab00000,0x00000000eab00000,0x00000000eb600000)
  from space 6144K, 98% used [0x00000000ebe00000,0x00000000ec3e3b40,0x00000000ec400000)
  to   space 6656K, 0% used [0x00000000eb700000,0x00000000eb700000,0x00000000ebd80000)
 ParOldGen       total 699392K, used 187473K [0x00000000c0000000, 0x00000000eab00000, 0x00000000eab00000)
  object space 699392K, 26% used [0x00000000c0000000,0x00000000cb714728,0x00000000eab00000)
 Metaspace       used 57527K, committed 58624K, reserved 1114112K
  class space    used 6143K, committed 6592K, reserved 1048576K
}
Event: 217.723 GC heap before
{Heap before GC invocations=1428 (full 1285):
 PSYoungGen      total 17408K, used 17294K [0x00000000eab00000, 0x00000000ec400000, 0x0000000100000000)
  eden space 11264K, 100% used [0x00000000eab00000,0x00000000eb600000,0x00000000eb600000)
  from space 6144K, 98% used [0x00000000ebe00000,0x00000000ec3e3b40,0x00000000ec400000)
  to   space 6656K, 0% used [0x00000000eb700000,0x00000000eb700000,0x00000000ebd80000)
 ParOldGen       total 699392K, used 187473K [0x00000000c0000000, 0x00000000eab00000, 0x00000000eab00000)
  object space 699392K, 26% used [0x00000000c0000000,0x00000000cb714728,0x00000000eab00000)
 Metaspace       used 57573K, committed 58688K, reserved 1114112K
  class space    used 6148K, committed 6656K, reserved 1048576K
}
Event: 217.733 GC heap after
{Heap after GC invocations=1428 (full 1285):
 PSYoungGen      total 17920K, used 6647K [0x00000000eab00000, 0x00000000ec400000, 0x0000000100000000)
  eden space 11264K, 0% used [0x00000000eab00000,0x00000000eab00000,0x00000000eb600000)
  from space 6656K, 99% used [0x00000000eb700000,0x00000000ebd7dc38,0x00000000ebd80000)
  to   space 6144K, 0% used [0x00000000ebe00000,0x00000000ebe00000,0x00000000ec400000)
 ParOldGen       total 699392K, used 189061K [0x00000000c0000000, 0x00000000eab00000, 0x00000000eab00000)
  object space 699392K, 27% used [0x00000000c0000000,0x00000000cb8a1530,0x00000000eab00000)
 Metaspace       used 57573K, committed 58688K, reserved 1114112K
  class space    used 6148K, committed 6656K, reserved 1048576K
}

