# JRE version: OpenJDK Runtime Environment Temurin-17.0.10+7 (17.0.10+7) (build 17.0.10+7)
# Java VM: OpenJDK 64-Bit Server VM Temurin-17.0.10+7 (17.0.10+7, mixed mode, tiered, compressed oops, compressed class ptrs, parallel gc, windows-amd64)
GC Precious Log:
 CPUs: 4 total, 4 available
 Memory: 3919M
 Large Page Support: Disabled
 NUMA Support: Disabled
 Compressed Oops: Enabled (32-bit)
 Alignments: Space 512K, Generation 512K, Heap 2M
 Heap Min Capacity: 100M
 Heap Initial Capacity: 100M
 Heap Max Capacity: 1G
 Pre-touch: Disabled
 Parallel Workers: 4
Heap:
 PSYoungGen      total 3072K, used 843K [0x00000000eab00000, 0x00000000eaf00000, 0x0000000100000000)
  eden space 2048K, 16% used [0x00000000eab00000,0x00000000eab52db0,0x00000000ead00000)
  from space 1024K, 50% used [0x00000000ead00000,0x00000000ead80000,0x00000000eae00000)
  to   space 1024K, 0% used [0x00000000eae00000,0x00000000eae00000,0x00000000eaf00000)
 ParOldGen       total 290816K, used 268356K [0x00000000c0000000, 0x00000000d1c00000, 0x00000000eab00000)
  object space 290816K, 92% used [0x00000000c0000000,0x00000000d06110e8,0x00000000d1c00000)
 Metaspace       used 53790K, committed 54720K, reserved 1114112K
  class space    used 5766K, committed 6208K, reserved 1048576K
GC Heap History (20 events):
Event: 70.820 GC heap before
{Heap before GC invocations=338 (full 10):
 PSYoungGen      total 3072K, used 2889K [0x00000000eab00000, 0x00000000eaf00000, 0x0000000100000000)
  eden space 2048K, 98% used [0x00000000eab00000,0x00000000eacfa900,0x00000000ead00000)
  from space 1024K, 84% used [0x00000000ead00000,0x00000000eadd7d00,0x00000000eae00000)
  to   space 1024K, 0% used [0x00000000eae00000,0x00000000eae00000,0x00000000eaf00000)
 ParOldGen       total 266752K, used 263488K [0x00000000c0000000, 0x00000000d0480000, 0x00000000eab00000)
  object space 266752K, 98% used [0x00000000c0000000,0x00000000d0150298,0x00000000d0480000)
 Metaspace       used 53778K, committed 54720K, reserved 1114112K
  class space    used 5766K, committed 6208K, reserved 1048576K
}
Event: 70.823 GC heap after
{Heap after GC invocations=338 (full 10):
 PSYoungGen      total 3072K, used 834K [0x00000000eab00000, 0x00000000eaf00000, 0x0000000100000000)
  eden space 2048K, 0% used [0x00000000eab00000,0x00000000eab00000,0x00000000ead00000)
  from space 1024K, 81% used [0x00000000eae00000,0x00000000eaed0980,0x00000000eaf00000)
  to   space 1024K, 0% used [0x00000000ead00000,0x00000000ead00000,0x00000000eae00000)
 ParOldGen       total 266752K, used 264349K [0x00000000c0000000, 0x00000000d0480000, 0x00000000eab00000)
  object space 266752K, 99% used [0x00000000c0000000,0x00000000d02274b0,0x00000000d0480000)
 Metaspace       used 53778K, committed 54720K, reserved 1114112K
  class space    used 5766K, committed 6208K, reserved 1048576K
}
Event: 70.846 GC heap before
{Heap before GC invocations=339 (full 10):
 PSYoungGen      total 3072K, used 2882K [0x00000000eab00000, 0x00000000eaf00000, 0x0000000100000000)
  eden space 2048K, 100% used [0x00000000eab00000,0x00000000ead00000,0x00000000ead00000)
  from space 1024K, 81% used [0x00000000eae00000,0x00000000eaed0980,0x00000000eaf00000)
  to   space 1024K, 0% used [0x00000000ead00000,0x00000000ead00000,0x00000000eae00000)
 ParOldGen       total 266752K, used 264349K [0x00000000c0000000, 0x00000000d0480000, 0x00000000eab00000)
  object space 266752K, 99% used [0x00000000c0000000,0x00000000d02274b0,0x00000000d0480000)
 Metaspace       used 53778K, committed 54720K, reserved 1114112K
  class space    used 5766K, committed 6208K, reserved 1048576K
}
Event: 70.848 GC heap after
{Heap after GC invocations=339 (full 10):
 PSYoungGen      total 3072K, used 913K [0x00000000eab00000, 0x00000000eaf00000, 0x0000000100000000)
  eden space 2048K, 0% used [0x00000000eab00000,0x00000000eab00000,0x00000000ead00000)
  from space 1024K, 89% used [0x00000000ead00000,0x00000000eade45f0,0x00000000eae00000)
  to   space 1024K, 0% used [0x00000000eae00000,0x00000000eae00000,0x00000000eaf00000)
 ParOldGen       total 266752K, used 265101K [0x00000000c0000000, 0x00000000d0480000, 0x00000000eab00000)
  object space 266752K, 99% used [0x00000000c0000000,0x00000000d02e3578,0x00000000d0480000)
 Metaspace       used 53778K, committed 54720K, reserved 1114112K
  class space    used 5766K, committed 6208K, reserved 1048576K
}
Event: 70.868 GC heap before
{Heap before GC invocations=340 (full 10):
 PSYoungGen      total 3072K, used 2961K [0x00000000eab00000, 0x00000000eaf00000, 0x0000000100000000)
  eden space 2048K, 100% used [0x00000000eab00000,0x00000000ead00000,0x00000000ead00000)
  from space 1024K, 89% used [0x00000000ead00000,0x00000000eade45f0,0x00000000eae00000)
  to   space 1024K, 0% used [0x00000000eae00000,0x00000000eae00000,0x00000000eaf00000)
 ParOldGen       total 266752K, used 265101K [0x00000000c0000000, 0x00000000d0480000, 0x00000000eab00000)
  object space 266752K, 99% used [0x00000000c0000000,0x00000000d02e3578,0x00000000d0480000)
 Metaspace       used 53778K, committed 54720K, reserved 1114112K
  class space    used 5766K, committed 6208K, reserved 1048576K
}
Event: 70.870 GC heap after
{Heap after GC invocations=340 (full 10):
 PSYoungGen      total 3072K, used 878K [0x00000000eab00000, 0x00000000eaf00000, 0x0000000100000000)
  eden space 2048K, 0% used [0x00000000eab00000,0x00000000eab00000,0x00000000ead00000)
  from space 1024K, 85% used [0x00000000eae00000,0x00000000eaedbb00,0x00000000eaf00000)
  to   space 1024K, 0% used [0x00000000ead00000,0x00000000ead00000,0x00000000eae00000)
 ParOldGen       total 266752K, used 265965K [0x00000000c0000000, 0x00000000d0480000, 0x00000000eab00000)
  object space 266752K, 99% used [0x00000000c0000000,0x00000000d03bb668,0x00000000d0480000)
 Metaspace       used 53778K, committed 54720K, reserved 1114112K
  class space    used 5766K, committed 6208K, reserved 1048576K
}
Event: 70.875 GC heap before
{Heap before GC invocations=341 (full 11):
 PSYoungGen      total 3072K, used 878K [0x00000000eab00000, 0x00000000eaf00000, 0x0000000100000000)
  eden space 2048K, 0% used [0x00000000eab00000,0x00000000eab00000,0x00000000ead00000)
  from space 1024K, 85% used [0x00000000eae00000,0x00000000eaedbb00,0x00000000eaf00000)
  to   space 1024K, 0% used [0x00000000ead00000,0x00000000ead00000,0x00000000eae00000)
 ParOldGen       total 266752K, used 265965K [0x00000000c0000000, 0x00000000d0480000, 0x00000000eab00000)
  object space 266752K, 99% used [0x00000000c0000000,0x00000000d03bb668,0x00000000d0480000)
 Metaspace       used 53778K, committed 54720K, reserved 1114112K
  class space    used 5766K, committed 6208K, reserved 1048576K
}
Event: 71.865 GC heap after
{Heap after GC invocations=341 (full 11):
 PSYoungGen      total 3072K, used 0K [0x00000000eab00000, 0x00000000eaf00000, 0x0000000100000000)
  eden space 2048K, 0% used [0x00000000eab00000,0x00000000eab00000,0x00000000ead00000)
  from space 1024K, 0% used [0x00000000ead00000,0x00000000ead00000,0x00000000eae00000)
  to   space 1024K, 0% used [0x00000000eae00000,0x00000000eae00000,0x00000000eaf00000)
 ParOldGen       total 290816K, used 265496K [0x00000000c0000000, 0x00000000d1c00000, 0x00000000eab00000)
  object space 290816K, 91% used [0x00000000c0000000,0x00000000d0346230,0x00000000d1c00000)
 Metaspace       used 53778K, committed 54720K, reserved 1114112K
  class space    used 5766K, committed 6208K, reserved 1048576K
}
Event: 71.939 GC heap before
{Heap before GC invocations=342 (full 11):
 PSYoungGen      total 3072K, used 2048K [0x00000000eab00000, 0x00000000eaf00000, 0x0000000100000000)
  eden space 2048K, 100% used [0x00000000eab00000,0x00000000ead00000,0x00000000ead00000)
  from space 1024K, 0% used [0x00000000ead00000,0x00000000ead00000,0x00000000eae00000)
  to   space 1024K, 0% used [0x00000000eae00000,0x00000000eae00000,0x00000000eaf00000)
 ParOldGen       total 290816K, used 265496K [0x00000000c0000000, 0x00000000d1c00000, 0x00000000eab00000)
  object space 290816K, 91% used [0x00000000c0000000,0x00000000d0346230,0x00000000d1c00000)
 Metaspace       used 53778K, committed 54720K, reserved 1114112K
  class space    used 5766K, committed 6208K, reserved 1048576K
}
Event: 71.943 GC heap after
{Heap after GC invocations=342 (full 11):
 PSYoungGen      total 3072K, used 692K [0x00000000eab00000, 0x00000000eaf00000, 0x0000000100000000)
  eden space 2048K, 0% used [0x00000000eab00000,0x00000000eab00000,0x00000000ead00000)
  from space 1024K, 67% used [0x00000000eae00000,0x00000000eaead180,0x00000000eaf00000)
  to   space 1024K, 0% used [0x00000000ead00000,0x00000000ead00000,0x00000000eae00000)
 ParOldGen       total 290816K, used 265496K [0x00000000c0000000, 0x00000000d1c00000, 0x00000000eab00000)
  object space 290816K, 91% used [0x00000000c0000000,0x00000000d0346230,0x00000000d1c00000)
 Metaspace       used 53778K, committed 54720K, reserved 1114112K
  class space    used 5766K, committed 6208K, reserved 1048576K
}
Event: 71.970 GC heap before
{Heap before GC invocations=343 (full 11):
 PSYoungGen      total 3072K, used 2740K [0x00000000eab00000, 0x00000000eaf00000, 0x0000000100000000)
  eden space 2048K, 100% used [0x00000000eab00000,0x00000000ead00000,0x00000000ead00000)
  from space 1024K, 67% used [0x00000000eae00000,0x00000000eaead180,0x00000000eaf00000)
  to   space 1024K, 0% used [0x00000000ead00000,0x00000000ead00000,0x00000000eae00000)
 ParOldGen       total 290816K, used 265496K [0x00000000c0000000, 0x00000000d1c00000, 0x00000000eab00000)
  object space 290816K, 91% used [0x00000000c0000000,0x00000000d0346230,0x00000000d1c00000)
 Metaspace       used 53778K, committed 54720K, reserved 1114112K
  class space    used 5766K, committed 6208K, reserved 1048576K
}
Event: 71.978 GC heap after
{Heap after GC invocations=343 (full 11):
 PSYoungGen      total 3072K, used 1005K [0x00000000eab00000, 0x00000000eb000000, 0x0000000100000000)
  eden space 2048K, 0% used [0x00000000eab00000,0x00000000eab00000,0x00000000ead00000)
  from space 1024K, 98% used [0x00000000ead00000,0x00000000eadfb618,0x00000000eae00000)
  to   space 1536K, 0% used [0x00000000eae80000,0x00000000eae80000,0x00000000eb000000)
 ParOldGen       total 290816K, used 265755K [0x00000000c0000000, 0x00000000d1c00000, 0x00000000eab00000)
  object space 290816K, 91% used [0x00000000c0000000,0x00000000d0386d58,0x00000000d1c00000)
 Metaspace       used 53778K, committed 54720K, reserved 1114112K
  class space    used 5766K, committed 6208K, reserved 1048576K
}
Event: 72.013 GC heap before
{Heap before GC invocations=344 (full 11):
 PSYoungGen      total 3072K, used 3026K [0x00000000eab00000, 0x00000000eb000000, 0x0000000100000000)
  eden space 2048K, 98% used [0x00000000eab00000,0x00000000eacf92c0,0x00000000ead00000)
  from space 1024K, 98% used [0x00000000ead00000,0x00000000eadfb618,0x00000000eae00000)
  to   space 1536K, 0% used [0x00000000eae80000,0x00000000eae80000,0x00000000eb000000)
 ParOldGen       total 290816K, used 265755K [0x00000000c0000000, 0x00000000d1c00000, 0x00000000eab00000)
  object space 290816K, 91% used [0x00000000c0000000,0x00000000d0386d58,0x00000000d1c00000)
 Metaspace       used 53778K, committed 54720K, reserved 1114112K
  class space    used 5766K, committed 6208K, reserved 1048576K
}
Event: 72.017 GC heap after
{Heap after GC invocations=344 (full 11):
 PSYoungGen      total 3072K, used 813K [0x00000000eab00000, 0x00000000eaf80000, 0x0000000100000000)
  eden space 2048K, 0% used [0x00000000eab00000,0x00000000eab00000,0x00000000ead00000)
  from space 1024K, 79% used [0x00000000eae80000,0x00000000eaf4b678,0x00000000eaf80000)
  to   space 1024K, 0% used [0x00000000ead00000,0x00000000ead00000,0x00000000eae00000)
 ParOldGen       total 290816K, used 266712K [0x00000000c0000000, 0x00000000d1c00000, 0x00000000eab00000)
  object space 290816K, 91% used [0x00000000c0000000,0x00000000d04760f8,0x00000000d1c00000)
 Metaspace       used 53778K, committed 54720K, reserved 1114112K
  class space    used 5766K, committed 6208K, reserved 1048576K
}
Event: 73.827 GC heap before
{Heap before GC invocations=345 (full 11):
 PSYoungGen      total 3072K, used 2861K [0x00000000eab00000, 0x00000000eaf80000, 0x0000000100000000)
  eden space 2048K, 99% used [0x00000000eab00000,0x00000000eacffff8,0x00000000ead00000)
  from space 1024K, 79% used [0x00000000eae80000,0x00000000eaf4b678,0x00000000eaf80000)
  to   space 1024K, 0% used [0x00000000ead00000,0x00000000ead00000,0x00000000eae00000)
 ParOldGen       total 290816K, used 266712K [0x00000000c0000000, 0x00000000d1c00000, 0x00000000eab00000)
  object space 290816K, 91% used [0x00000000c0000000,0x00000000d04760f8,0x00000000d1c00000)
 Metaspace       used 53783K, committed 54720K, reserved 1114112K
  class space    used 5766K, committed 6208K, reserved 1048576K
}
Event: 73.873 GC heap after
{Heap after GC invocations=345 (full 11):
 PSYoungGen      total 3072K, used 789K [0x00000000eab00000, 0x00000000eaf00000, 0x0000000100000000)
  eden space 2048K, 0% used [0x00000000eab00000,0x00000000eab00000,0x00000000ead00000)
  from space 1024K, 77% used [0x00000000ead00000,0x00000000eadc5448,0x00000000eae00000)
  to   space 1024K, 0% used [0x00000000eae00000,0x00000000eae00000,0x00000000eaf00000)
 ParOldGen       total 290816K, used 267642K [0x00000000c0000000, 0x00000000d1c00000, 0x00000000eab00000)
  object space 290816K, 92% used [0x00000000c0000000,0x00000000d055e8f8,0x00000000d1c00000)
 Metaspace       used 53783K, committed 54720K, reserved 1114112K
  class space    used 5766K, committed 6208K, reserved 1048576K
}
Event: 77.837 GC heap before
{Heap before GC invocations=346 (full 11):
 PSYoungGen      total 3072K, used 2837K [0x00000000eab00000, 0x00000000eaf00000, 0x0000000100000000)
  eden space 2048K, 100% used [0x00000000eab00000,0x00000000ead00000,0x00000000ead00000)
  from space 1024K, 77% used [0x00000000ead00000,0x00000000eadc5448,0x00000000eae00000)
  to   space 1024K, 0% used [0x00000000eae00000,0x00000000eae00000,0x00000000eaf00000)
 ParOldGen       total 290816K, used 267642K [0x00000000c0000000, 0x00000000d1c00000, 0x00000000eab00000)
  object space 290816K, 92% used [0x00000000c0000000,0x00000000d055e8f8,0x00000000d1c00000)
 Metaspace       used 53790K, committed 54720K, reserved 1114112K
  class space    used 5766K, committed 6208K, reserved 1048576K
}
Event: 77.843 GC heap after
{Heap after GC invocations=346 (full 11):
 PSYoungGen      total 3072K, used 480K [0x00000000eab00000, 0x00000000eaf00000, 0x0000000100000000)
  eden space 2048K, 0% used [0x00000000eab00000,0x00000000eab00000,0x00000000ead00000)
  from space 1024K, 46% used [0x00000000eae00000,0x00000000eae78000,0x00000000eaf00000)
  to   space 1024K, 0% used [0x00000000ead00000,0x00000000ead00000,0x00000000eae00000)
 ParOldGen       total 290816K, used 268356K [0x00000000c0000000, 0x00000000d1c00000, 0x00000000eab00000)
  object space 290816K, 92% used [0x00000000c0000000,0x00000000d06110e8,0x00000000d1c00000)
 Metaspace       used 53790K, committed 54720K, reserved 1114112K
  class space    used 5766K, committed 6208K, reserved 1048576K
}
Event: 77.897 GC heap before
{Heap before GC invocations=347 (full 11):
 PSYoungGen      total 3072K, used 2528K [0x00000000eab00000, 0x00000000eaf00000, 0x0000000100000000)
  eden space 2048K, 100% used [0x00000000eab00000,0x00000000ead00000,0x00000000ead00000)
  from space 1024K, 46% used [0x00000000eae00000,0x00000000eae78000,0x00000000eaf00000)
  to   space 1024K, 0% used [0x00000000ead00000,0x00000000ead00000,0x00000000eae00000)
 ParOldGen       total 290816K, used 268356K [0x00000000c0000000, 0x00000000d1c00000, 0x00000000eab00000)
  object space 290816K, 92% used [0x00000000c0000000,0x00000000d06110e8,0x00000000d1c00000)
 Metaspace       used 53790K, committed 54720K, reserved 1114112K
  class space    used 5766K, committed 6208K, reserved 1048576K
}
Event: 77.900 GC heap after
{Heap after GC invocations=347 (full 11):
 PSYoungGen      total 3072K, used 512K [0x00000000eab00000, 0x00000000eaf00000, 0x0000000100000000)
  eden space 2048K, 0% used [0x00000000eab00000,0x00000000eab00000,0x00000000ead00000)
  from space 1024K, 50% used [0x00000000ead00000,0x00000000ead80000,0x00000000eae00000)
  to   space 1024K, 0% used [0x00000000eae00000,0x00000000eae00000,0x00000000eaf00000)
 ParOldGen       total 290816K, used 268356K [0x00000000c0000000, 0x00000000d1c00000, 0x00000000eab00000)
  object space 290816K, 92% used [0x00000000c0000000,0x00000000d06110e8,0x00000000d1c00000)
 Metaspace       used 53790K, committed 54720K, reserved 1114112K
  class space    used 5766K, committed 6208K, reserved 1048576K
}

