# JRE version: OpenJDK Runtime Environment Temurin-17.0.10+7 (17.0.10+7) (build 17.0.10+7)
# Java VM: OpenJDK 64-Bit Server VM Temurin-17.0.10+7 (17.0.10+7, mixed mode, tiered, compressed oops, compressed class ptrs, parallel gc, windows-amd64)
GC Precious Log:
 CPUs: 4 total, 4 available
 Memory: 3919M
 Large Page Support: Disabled
 NUMA Support: Disabled
 Compressed Oops: Enabled (32-bit)
 Alignments: Space 512K, Generation 512K, Heap 2M
 Heap Min Capacity: 100M
 Heap Initial Capacity: 100M
 Heap Max Capacity: 1G
 Pre-touch: Disabled
 Parallel Workers: 4
Heap:
 PSYoungGen      total 22016K, used 6558K [0x00000000eab00000, 0x00000000ec300000, 0x0000000100000000)
  eden space 19456K, 20% used [0x00000000eab00000,0x00000000eaeeeb90,0x00000000ebe00000)
  from space 2560K, 98% used [0x00000000ebe00000,0x00000000ec079020,0x00000000ec080000)
  to   space 2048K, 0% used [0x00000000ec100000,0x00000000ec100000,0x00000000ec300000)
 ParOldGen       total 68608K, used 35981K [0x00000000c0000000, 0x00000000c4300000, 0x00000000eab00000)
  object space 68608K, 52% used [0x00000000c0000000,0x00000000c2323568,0x00000000c4300000)
 Metaspace       used 54745K, committed 55744K, reserved 1114112K
  class space    used 5847K, committed 6272K, reserved 1048576K
GC Heap History (20 events):
Event: 59.964 GC heap before
{Heap before GC invocations=18 (full 2):
 PSYoungGen      total 23040K, used 23034K [0x00000000eab00000, 0x00000000ec680000, 0x0000000100000000)
  eden space 22016K, 100% used [0x00000000eab00000,0x00000000ec080000,0x00000000ec080000)
  from space 1024K, 99% used [0x00000000ec500000,0x00000000ec5fe8a8,0x00000000ec600000)
  to   space 512K, 0% used [0x00000000ec600000,0x00000000ec600000,0x00000000ec680000)
 ParOldGen       total 68608K, used 17714K [0x00000000c0000000, 0x00000000c4300000, 0x00000000eab00000)
  object space 68608K, 25% used [0x00000000c0000000,0x00000000c114cad8,0x00000000c4300000)
 Metaspace       used 47839K, committed 48832K, reserved 1114112K
  class space    used 5086K, committed 5504K, reserved 1048576K
}
Event: 59.972 GC heap after
{Heap after GC invocations=18 (full 2):
 PSYoungGen      total 22528K, used 507K [0x00000000eab00000, 0x00000000ec680000, 0x0000000100000000)
  eden space 22016K, 0% used [0x00000000eab00000,0x00000000eab00000,0x00000000ec080000)
  from space 512K, 99% used [0x00000000ec600000,0x00000000ec67ed68,0x00000000ec680000)
  to   space 2560K, 0% used [0x00000000ec180000,0x00000000ec180000,0x00000000ec400000)
 ParOldGen       total 68608K, used 19128K [0x00000000c0000000, 0x00000000c4300000, 0x00000000eab00000)
  object space 68608K, 27% used [0x00000000c0000000,0x00000000c12ae1e8,0x00000000c4300000)
 Metaspace       used 47839K, committed 48832K, reserved 1114112K
  class space    used 5086K, committed 5504K, reserved 1048576K
}
Event: 62.476 GC heap before
{Heap before GC invocations=19 (full 2):
 PSYoungGen      total 22528K, used 22523K [0x00000000eab00000, 0x00000000ec680000, 0x0000000100000000)
  eden space 22016K, 100% used [0x00000000eab00000,0x00000000ec080000,0x00000000ec080000)
  from space 512K, 99% used [0x00000000ec600000,0x00000000ec67ed68,0x00000000ec680000)
  to   space 2560K, 0% used [0x00000000ec180000,0x00000000ec180000,0x00000000ec400000)
 ParOldGen       total 68608K, used 19128K [0x00000000c0000000, 0x00000000c4300000, 0x00000000eab00000)
  object space 68608K, 27% used [0x00000000c0000000,0x00000000c12ae1e8,0x00000000c4300000)
 Metaspace       used 50245K, committed 51200K, reserved 1114112K
  class space    used 5385K, committed 5824K, reserved 1048576K
}
Event: 62.514 GC heap after
{Heap after GC invocations=19 (full 2):
 PSYoungGen      total 24576K, used 1188K [0x00000000eab00000, 0x00000000ec680000, 0x0000000100000000)
  eden space 22016K, 0% used [0x00000000eab00000,0x00000000eab00000,0x00000000ec080000)
  from space 2560K, 46% used [0x00000000ec180000,0x00000000ec2a9140,0x00000000ec400000)
  to   space 1536K, 0% used [0x00000000ec500000,0x00000000ec500000,0x00000000ec680000)
 ParOldGen       total 68608K, used 19654K [0x00000000c0000000, 0x00000000c4300000, 0x00000000eab00000)
  object space 68608K, 28% used [0x00000000c0000000,0x00000000c1331af8,0x00000000c4300000)
 Metaspace       used 50245K, committed 51200K, reserved 1114112K
  class space    used 5385K, committed 5824K, reserved 1048576K
}
Event: 68.516 GC heap before
{Heap before GC invocations=20 (full 2):
 PSYoungGen      total 24576K, used 23204K [0x00000000eab00000, 0x00000000ec680000, 0x0000000100000000)
  eden space 22016K, 100% used [0x00000000eab00000,0x00000000ec080000,0x00000000ec080000)
  from space 2560K, 46% used [0x00000000ec180000,0x00000000ec2a9140,0x00000000ec400000)
  to   space 1536K, 0% used [0x00000000ec500000,0x00000000ec500000,0x00000000ec680000)
 ParOldGen       total 68608K, used 19654K [0x00000000c0000000, 0x00000000c4300000, 0x00000000eab00000)
  object space 68608K, 28% used [0x00000000c0000000,0x00000000c1331af8,0x00000000c4300000)
 Metaspace       used 52179K, committed 53120K, reserved 1114112K
  class space    used 5594K, committed 6016K, reserved 1048576K
}
Event: 68.522 GC heap after
{Heap after GC invocations=20 (full 2):
 PSYoungGen      total 23552K, used 1504K [0x00000000eab00000, 0x00000000ec780000, 0x0000000100000000)
  eden space 22016K, 0% used [0x00000000eab00000,0x00000000eab00000,0x00000000ec080000)
  from space 1536K, 97% used [0x00000000ec500000,0x00000000ec678020,0x00000000ec680000)
  to   space 3584K, 0% used [0x00000000ec080000,0x00000000ec080000,0x00000000ec400000)
 ParOldGen       total 68608K, used 21256K [0x00000000c0000000, 0x00000000c4300000, 0x00000000eab00000)
  object space 68608K, 30% used [0x00000000c0000000,0x00000000c14c2170,0x00000000c4300000)
 Metaspace       used 52179K, committed 53120K, reserved 1114112K
  class space    used 5594K, committed 6016K, reserved 1048576K
}
Event: 69.454 GC heap before
{Heap before GC invocations=21 (full 2):
 PSYoungGen      total 23552K, used 23520K [0x00000000eab00000, 0x00000000ec780000, 0x0000000100000000)
  eden space 22016K, 100% used [0x00000000eab00000,0x00000000ec080000,0x00000000ec080000)
  from space 1536K, 97% used [0x00000000ec500000,0x00000000ec678020,0x00000000ec680000)
  to   space 3584K, 0% used [0x00000000ec080000,0x00000000ec080000,0x00000000ec400000)
 ParOldGen       total 68608K, used 21256K [0x00000000c0000000, 0x00000000c4300000, 0x00000000eab00000)
  object space 68608K, 30% used [0x00000000c0000000,0x00000000c14c2170,0x00000000c4300000)
 Metaspace       used 52864K, committed 53824K, reserved 1114112K
  class space    used 5670K, committed 6080K, reserved 1048576K
}
Event: 69.463 GC heap after
{Heap after GC invocations=21 (full 2):
 PSYoungGen      total 24064K, used 1952K [0x00000000eab00000, 0x00000000ec580000, 0x0000000100000000)
  eden space 22016K, 0% used [0x00000000eab00000,0x00000000eab00000,0x00000000ec080000)
  from space 2048K, 95% used [0x00000000ec080000,0x00000000ec268060,0x00000000ec280000)
  to   space 2560K, 0% used [0x00000000ec300000,0x00000000ec300000,0x00000000ec580000)
 ParOldGen       total 68608K, used 22772K [0x00000000c0000000, 0x00000000c4300000, 0x00000000eab00000)
  object space 68608K, 33% used [0x00000000c0000000,0x00000000c163d090,0x00000000c4300000)
 Metaspace       used 52864K, committed 53824K, reserved 1114112K
  class space    used 5670K, committed 6080K, reserved 1048576K
}
Event: 69.844 GC heap before
{Heap before GC invocations=22 (full 2):
 PSYoungGen      total 24064K, used 23968K [0x00000000eab00000, 0x00000000ec580000, 0x0000000100000000)
  eden space 22016K, 100% used [0x00000000eab00000,0x00000000ec080000,0x00000000ec080000)
  from space 2048K, 95% used [0x00000000ec080000,0x00000000ec268060,0x00000000ec280000)
  to   space 2560K, 0% used [0x00000000ec300000,0x00000000ec300000,0x00000000ec580000)
 ParOldGen       total 68608K, used 22772K [0x00000000c0000000, 0x00000000c4300000, 0x00000000eab00000)
  object space 68608K, 33% used [0x00000000c0000000,0x00000000c163d090,0x00000000c4300000)
 Metaspace       used 53030K, committed 54016K, reserved 1114112K
  class space    used 5688K, committed 6144K, reserved 1048576K
}
Event: 69.855 GC heap after
{Heap after GC invocations=22 (full 2):
 PSYoungGen      total 24064K, used 1952K [0x00000000eab00000, 0x00000000ec500000, 0x0000000100000000)
  eden space 22016K, 0% used [0x00000000eab00000,0x00000000eab00000,0x00000000ec080000)
  from space 2048K, 95% used [0x00000000ec300000,0x00000000ec4e8010,0x00000000ec500000)
  to   space 2048K, 0% used [0x00000000ec080000,0x00000000ec080000,0x00000000ec280000)
 ParOldGen       total 68608K, used 24620K [0x00000000c0000000, 0x00000000c4300000, 0x00000000eab00000)
  object space 68608K, 35% used [0x00000000c0000000,0x00000000c180b0f0,0x00000000c4300000)
 Metaspace       used 53030K, committed 54016K, reserved 1114112K
  class space    used 5688K, committed 6144K, reserved 1048576K
}
Event: 70.834 GC heap before
{Heap before GC invocations=23 (full 2):
 PSYoungGen      total 24064K, used 23968K [0x00000000eab00000, 0x00000000ec500000, 0x0000000100000000)
  eden space 22016K, 100% used [0x00000000eab00000,0x00000000ec080000,0x00000000ec080000)
  from space 2048K, 95% used [0x00000000ec300000,0x00000000ec4e8010,0x00000000ec500000)
  to   space 2048K, 0% used [0x00000000ec080000,0x00000000ec080000,0x00000000ec280000)
 ParOldGen       total 68608K, used 24620K [0x00000000c0000000, 0x00000000c4300000, 0x00000000eab00000)
  object space 68608K, 35% used [0x00000000c0000000,0x00000000c180b0f0,0x00000000c4300000)
 Metaspace       used 53142K, committed 54144K, reserved 1114112K
  class space    used 5699K, committed 6144K, reserved 1048576K
}
Event: 70.839 GC heap after
{Heap after GC invocations=23 (full 2):
 PSYoungGen      total 24064K, used 1920K [0x00000000eab00000, 0x00000000ec480000, 0x0000000100000000)
  eden space 22016K, 0% used [0x00000000eab00000,0x00000000eab00000,0x00000000ec080000)
  from space 2048K, 93% used [0x00000000ec080000,0x00000000ec260010,0x00000000ec280000)
  to   space 2048K, 0% used [0x00000000ec280000,0x00000000ec280000,0x00000000ec480000)
 ParOldGen       total 68608K, used 26428K [0x00000000c0000000, 0x00000000c4300000, 0x00000000eab00000)
  object space 68608K, 38% used [0x00000000c0000000,0x00000000c19cf0f0,0x00000000c4300000)
 Metaspace       used 53142K, committed 54144K, reserved 1114112K
  class space    used 5699K, committed 6144K, reserved 1048576K
}
Event: 71.071 GC heap before
{Heap before GC invocations=24 (full 2):
 PSYoungGen      total 24064K, used 23936K [0x00000000eab00000, 0x00000000ec480000, 0x0000000100000000)
  eden space 22016K, 100% used [0x00000000eab00000,0x00000000ec080000,0x00000000ec080000)
  from space 2048K, 93% used [0x00000000ec080000,0x00000000ec260010,0x00000000ec280000)
  to   space 2048K, 0% used [0x00000000ec280000,0x00000000ec280000,0x00000000ec480000)
 ParOldGen       total 68608K, used 26428K [0x00000000c0000000, 0x00000000c4300000, 0x00000000eab00000)
  object space 68608K, 38% used [0x00000000c0000000,0x00000000c19cf0f0,0x00000000c4300000)
 Metaspace       used 53148K, committed 54144K, reserved 1114112K
  class space    used 5699K, committed 6144K, reserved 1048576K
}
Event: 71.092 GC heap after
{Heap after GC invocations=24 (full 2):
 PSYoungGen      total 21504K, used 2048K [0x00000000eab00000, 0x00000000ec980000, 0x0000000100000000)
  eden space 19456K, 0% used [0x00000000eab00000,0x00000000eab00000,0x00000000ebe00000)
  from space 2048K, 100% used [0x00000000ec280000,0x00000000ec480000,0x00000000ec480000)
  to   space 4608K, 0% used [0x00000000ebe00000,0x00000000ebe00000,0x00000000ec280000)
 ParOldGen       total 68608K, used 28548K [0x00000000c0000000, 0x00000000c4300000, 0x00000000eab00000)
  object space 68608K, 41% used [0x00000000c0000000,0x00000000c1be1370,0x00000000c4300000)
 Metaspace       used 53148K, committed 54144K, reserved 1114112K
  class space    used 5699K, committed 6144K, reserved 1048576K
}
Event: 71.284 GC heap before
{Heap before GC invocations=25 (full 2):
 PSYoungGen      total 21504K, used 21504K [0x00000000eab00000, 0x00000000ec980000, 0x0000000100000000)
  eden space 19456K, 100% used [0x00000000eab00000,0x00000000ebe00000,0x00000000ebe00000)
  from space 2048K, 100% used [0x00000000ec280000,0x00000000ec480000,0x00000000ec480000)
  to   space 4608K, 0% used [0x00000000ebe00000,0x00000000ebe00000,0x00000000ec280000)
 ParOldGen       total 68608K, used 28548K [0x00000000c0000000, 0x00000000c4300000, 0x00000000eab00000)
  object space 68608K, 41% used [0x00000000c0000000,0x00000000c1be1370,0x00000000c4300000)
 Metaspace       used 53171K, committed 54144K, reserved 1114112K
  class space    used 5702K, committed 6144K, reserved 1048576K
}
Event: 71.290 GC heap after
{Heap after GC invocations=25 (full 2):
 PSYoungGen      total 22016K, used 2400K [0x00000000eab00000, 0x00000000ec400000, 0x0000000100000000)
  eden space 19456K, 0% used [0x00000000eab00000,0x00000000eab00000,0x00000000ebe00000)
  from space 2560K, 93% used [0x00000000ebe00000,0x00000000ec058010,0x00000000ec080000)
  to   space 3072K, 0% used [0x00000000ec100000,0x00000000ec100000,0x00000000ec400000)
 ParOldGen       total 68608K, used 30572K [0x00000000c0000000, 0x00000000c4300000, 0x00000000eab00000)
  object space 68608K, 44% used [0x00000000c0000000,0x00000000c1ddb370,0x00000000c4300000)
 Metaspace       used 53171K, committed 54144K, reserved 1114112K
  class space    used 5702K, committed 6144K, reserved 1048576K
}
Event: 71.613 GC heap before
{Heap before GC invocations=26 (full 2):
 PSYoungGen      total 22016K, used 21588K [0x00000000eab00000, 0x00000000ec400000, 0x0000000100000000)
  eden space 19456K, 98% used [0x00000000eab00000,0x00000000ebdbd2e0,0x00000000ebe00000)
  from space 2560K, 93% used [0x00000000ebe00000,0x00000000ec058010,0x00000000ec080000)
  to   space 3072K, 0% used [0x00000000ec100000,0x00000000ec100000,0x00000000ec400000)
 ParOldGen       total 68608K, used 30572K [0x00000000c0000000, 0x00000000c4300000, 0x00000000eab00000)
  object space 68608K, 44% used [0x00000000c0000000,0x00000000c1ddb370,0x00000000c4300000)
 Metaspace       used 53289K, committed 54272K, reserved 1114112K
  class space    used 5712K, committed 6144K, reserved 1048576K
}
Event: 71.621 GC heap after
{Heap after GC invocations=26 (full 2):
 PSYoungGen      total 21504K, used 1760K [0x00000000eab00000, 0x00000000ec300000, 0x0000000100000000)
  eden space 19456K, 0% used [0x00000000eab00000,0x00000000eab00000,0x00000000ebe00000)
  from space 2048K, 85% used [0x00000000ec100000,0x00000000ec2b8000,0x00000000ec300000)
  to   space 2560K, 0% used [0x00000000ebe00000,0x00000000ebe00000,0x00000000ec080000)
 ParOldGen       total 68608K, used 32899K [0x00000000c0000000, 0x00000000c4300000, 0x00000000eab00000)
  object space 68608K, 47% used [0x00000000c0000000,0x00000000c2020c00,0x00000000c4300000)
 Metaspace       used 53289K, committed 54272K, reserved 1114112K
  class space    used 5712K, committed 6144K, reserved 1048576K
}
Event: 76.145 GC heap before
{Heap before GC invocations=27 (full 2):
 PSYoungGen      total 21504K, used 21214K [0x00000000eab00000, 0x00000000ec300000, 0x0000000100000000)
  eden space 19456K, 99% used [0x00000000eab00000,0x00000000ebdff958,0x00000000ebe00000)
  from space 2048K, 85% used [0x00000000ec100000,0x00000000ec2b8000,0x00000000ec300000)
  to   space 2560K, 0% used [0x00000000ebe00000,0x00000000ebe00000,0x00000000ec080000)
 ParOldGen       total 68608K, used 32899K [0x00000000c0000000, 0x00000000c4300000, 0x00000000eab00000)
  object space 68608K, 47% used [0x00000000c0000000,0x00000000c2020c00,0x00000000c4300000)
 Metaspace       used 54684K, committed 55680K, reserved 1114112K
  class space    used 5844K, committed 6272K, reserved 1048576K
}
Event: 76.154 GC heap after
{Heap after GC invocations=27 (full 2):
 PSYoungGen      total 22016K, used 2532K [0x00000000eab00000, 0x00000000ec300000, 0x0000000100000000)
  eden space 19456K, 0% used [0x00000000eab00000,0x00000000eab00000,0x00000000ebe00000)
  from space 2560K, 98% used [0x00000000ebe00000,0x00000000ec079020,0x00000000ec080000)
  to   space 2048K, 0% used [0x00000000ec100000,0x00000000ec100000,0x00000000ec300000)
 ParOldGen       total 68608K, used 35981K [0x00000000c0000000, 0x00000000c4300000, 0x00000000eab00000)
  object space 68608K, 52% used [0x00000000c0000000,0x00000000c2323568,0x00000000c4300000)
 Metaspace       used 54684K, committed 55680K, reserved 1114112K
  class space    used 5844K, committed 6272K, reserved 1048576K
}

