# JRE version: Java(TM) SE Runtime Environment (8.0_321-b07) (build 1.8.0_321-b07)
# Java VM: Java HotSpot(TM) 64-Bit Server VM (25.321-b07 mixed mode windows-amd64 compressed oops)
Heap:
 PSYoungGen      total 125440K, used 15299K [0x00000000f5580000, 0x00000000fdc80000, 0x0000000100000000)
  eden space 113664K, 7% used [0x00000000f5580000,0x00000000f5ddb438,0x00000000fc480000)
  from space 11776K, 57% used [0x00000000fd100000,0x00000000fd7958e8,0x00000000fdc80000)
  to   space 12288K, 0% used [0x00000000fc480000,0x00000000fc480000,0x00000000fd080000)
 ParOldGen       total 202240K, used 15915K [0x00000000e0000000, 0x00000000ec580000, 0x00000000f5580000)
  object space 202240K, 7% used [0x00000000e0000000,0x00000000e0f8ac38,0x00000000ec580000)
 Metaspace       used 38838K, capacity 41122K, committed 41472K, reserved 1085440K
  class space    used 5620K, capacity 6019K, committed 6144K, reserved 1048576K
GC Heap History (10 events):
Event: 23.199 GC heap before
{Heap before GC invocations=6 (full 1):
 PSYoungGen      total 76288K, used 65536K [0x00000000f5580000, 0x00000000faa80000, 0x0000000100000000)
  eden space 65536K, 100% used [0x00000000f5580000,0x00000000f9580000,0x00000000f9580000)
  from space 10752K, 0% used [0x00000000fa000000,0x00000000fa000000,0x00000000faa80000)
  to   space 10752K, 0% used [0x00000000f9580000,0x00000000f9580000,0x00000000fa000000)
 ParOldGen       total 175104K, used 10143K [0x00000000e0000000, 0x00000000eab00000, 0x00000000f5580000)
  object space 175104K, 5% used [0x00000000e0000000,0x00000000e09e7ef0,0x00000000eab00000)
 Metaspace       used 24224K, capacity 25332K, committed 25472K, reserved 1071104K
  class space    used 3597K, capacity 3860K, committed 3968K, reserved 1048576K
Event: 23.223 GC heap after
Heap after GC invocations=6 (full 1):
 PSYoungGen      total 76288K, used 5300K [0x00000000f5580000, 0x00000000fc400000, 0x0000000100000000)
  eden space 65536K, 0% used [0x00000000f5580000,0x00000000f5580000,0x00000000f9580000)
  from space 10752K, 49% used [0x00000000f9580000,0x00000000f9aad110,0x00000000fa000000)
  to   space 12800K, 0% used [0x00000000fb780000,0x00000000fb780000,0x00000000fc400000)
 ParOldGen       total 175104K, used 10151K [0x00000000e0000000, 0x00000000eab00000, 0x00000000f5580000)
  object space 175104K, 5% used [0x00000000e0000000,0x00000000e09e9ef0,0x00000000eab00000)
 Metaspace       used 24224K, capacity 25332K, committed 25472K, reserved 1071104K
  class space    used 3597K, capacity 3860K, committed 3968K, reserved 1048576K
}
Event: 26.494 GC heap before
{Heap before GC invocations=7 (full 1):
 PSYoungGen      total 76288K, used 70836K [0x00000000f5580000, 0x00000000fc400000, 0x0000000100000000)
  eden space 65536K, 100% used [0x00000000f5580000,0x00000000f9580000,0x00000000f9580000)
  from space 10752K, 49% used [0x00000000f9580000,0x00000000f9aad110,0x00000000fa000000)
  to   space 12800K, 0% used [0x00000000fb780000,0x00000000fb780000,0x00000000fc400000)
 ParOldGen       total 175104K, used 10151K [0x00000000e0000000, 0x00000000eab00000, 0x00000000f5580000)
  object space 175104K, 5% used [0x00000000e0000000,0x00000000e09e9ef0,0x00000000eab00000)
 Metaspace       used 27740K, capacity 29230K, committed 29440K, reserved 1075200K
  class space    used 4176K, capacity 4503K, committed 4608K, reserved 1048576K
Event: 26.508 GC heap after
Heap after GC invocations=7 (full 1):
 PSYoungGen      total 98304K, used 6350K [0x00000000f5580000, 0x00000000fc300000, 0x0000000100000000)
  eden space 86528K, 0% used [0x00000000f5580000,0x00000000f5580000,0x00000000faa00000)
  from space 11776K, 53% used [0x00000000fb780000,0x00000000fbdb3a58,0x00000000fc300000)
  to   space 12800K, 0% used [0x00000000faa00000,0x00000000faa00000,0x00000000fb680000)
 ParOldGen       total 175104K, used 10159K [0x00000000e0000000, 0x00000000eab00000, 0x00000000f5580000)
  object space 175104K, 5% used [0x00000000e0000000,0x00000000e09ebef0,0x00000000eab00000)
 Metaspace       used 27740K, capacity 29230K, committed 29440K, reserved 1075200K
  class space    used 4176K, capacity 4503K, committed 4608K, reserved 1048576K
}
Event: 30.345 GC heap before
{Heap before GC invocations=8 (full 1):
 PSYoungGen      total 98304K, used 48099K [0x00000000f5580000, 0x00000000fc300000, 0x0000000100000000)
  eden space 86528K, 48% used [0x00000000f5580000,0x00000000f7e45598,0x00000000faa00000)
  from space 11776K, 53% used [0x00000000fb780000,0x00000000fbdb3a58,0x00000000fc300000)
  to   space 12800K, 0% used [0x00000000faa00000,0x00000000faa00000,0x00000000fb680000)
 ParOldGen       total 175104K, used 10159K [0x00000000e0000000, 0x00000000eab00000, 0x00000000f5580000)
  object space 175104K, 5% used [0x00000000e0000000,0x00000000e09ebef0,0x00000000eab00000)
 Metaspace       used 33626K, capacity 35410K, committed 35496K, reserved 1079296K
  class space    used 4931K, capacity 5301K, committed 5376K, reserved 1048576K
Event: 30.364 GC heap after
Heap after GC invocations=8 (full 1):
 PSYoungGen      total 99328K, used 8777K [0x00000000f5580000, 0x00000000fdd00000, 0x0000000100000000)
  eden space 86528K, 0% used [0x00000000f5580000,0x00000000f5580000,0x00000000faa00000)
  from space 12800K, 68% used [0x00000000faa00000,0x00000000fb292500,0x00000000fb680000)
  to   space 12288K, 0% used [0x00000000fd100000,0x00000000fd100000,0x00000000fdd00000)
 ParOldGen       total 175104K, used 10167K [0x00000000e0000000, 0x00000000eab00000, 0x00000000f5580000)
  object space 175104K, 5% used [0x00000000e0000000,0x00000000e09edef0,0x00000000eab00000)
 Metaspace       used 33626K, capacity 35410K, committed 35496K, reserved 1079296K
  class space    used 4931K, capacity 5301K, committed 5376K, reserved 1048576K
}
Event: 30.364 GC heap before
{Heap before GC invocations=9 (full 2):
 PSYoungGen      total 99328K, used 8777K [0x00000000f5580000, 0x00000000fdd00000, 0x0000000100000000)
  eden space 86528K, 0% used [0x00000000f5580000,0x00000000f5580000,0x00000000faa00000)
  from space 12800K, 68% used [0x00000000faa00000,0x00000000fb292500,0x00000000fb680000)
  to   space 12288K, 0% used [0x00000000fd100000,0x00000000fd100000,0x00000000fdd00000)
 ParOldGen       total 175104K, used 10167K [0x00000000e0000000, 0x00000000eab00000, 0x00000000f5580000)
  object space 175104K, 5% used [0x00000000e0000000,0x00000000e09edef0,0x00000000eab00000)
 Metaspace       used 33626K, capacity 35410K, committed 35496K, reserved 1079296K
  class space    used 4931K, capacity 5301K, committed 5376K, reserved 1048576K
Event: 30.476 GC heap after
Heap after GC invocations=9 (full 2):
 PSYoungGen      total 99328K, used 0K [0x00000000f5580000, 0x00000000fdd00000, 0x0000000100000000)
  eden space 86528K, 0% used [0x00000000f5580000,0x00000000f5580000,0x00000000faa00000)
  from space 12800K, 0% used [0x00000000faa00000,0x00000000faa00000,0x00000000fb680000)
  to   space 12288K, 0% used [0x00000000fd100000,0x00000000fd100000,0x00000000fdd00000)
 ParOldGen       total 202240K, used 15907K [0x00000000e0000000, 0x00000000ec580000, 0x00000000f5580000)
  object space 202240K, 7% used [0x00000000e0000000,0x00000000e0f88c38,0x00000000ec580000)
 Metaspace       used 33626K, capacity 35410K, committed 35496K, reserved 1079296K
  class space    used 4931K, capacity 5301K, committed 5376K, reserved 1048576K
}
Event: 35.470 GC heap before
{Heap before GC invocations=10 (full 2):
 PSYoungGen      total 99328K, used 86528K [0x00000000f5580000, 0x00000000fdd00000, 0x0000000100000000)
  eden space 86528K, 100% used [0x00000000f5580000,0x00000000faa00000,0x00000000faa00000)
  from space 12800K, 0% used [0x00000000faa00000,0x00000000faa00000,0x00000000fb680000)
  to   space 12288K, 0% used [0x00000000fd100000,0x00000000fd100000,0x00000000fdd00000)
 ParOldGen       total 202240K, used 15907K [0x00000000e0000000, 0x00000000ec580000, 0x00000000f5580000)
  object space 202240K, 7% used [0x00000000e0000000,0x00000000e0f88c38,0x00000000ec580000)
 Metaspace       used 38539K, capacity 40828K, committed 40832K, reserved 1083392K
  class space    used 5573K, capacity 6014K, committed 6016K, reserved 1048576K
Event: 35.490 GC heap after
Heap after GC invocations=10 (full 2):
 PSYoungGen      total 125440K, used 6742K [0x00000000f5580000, 0x00000000fdc80000, 0x0000000100000000)
  eden space 113664K, 0% used [0x00000000f5580000,0x00000000f5580000,0x00000000fc480000)
  from space 11776K, 57% used [0x00000000fd100000,0x00000000fd7958e8,0x00000000fdc80000)
  to   space 12288K, 0% used [0x00000000fc480000,0x00000000fc480000,0x00000000fd080000)
 ParOldGen       total 202240K, used 15915K [0x00000000e0000000, 0x00000000ec580000, 0x00000000f5580000)
  object space 202240K, 7% used [0x00000000e0000000,0x00000000e0f8ac38,0x00000000ec580000)
 Metaspace       used 38539K, capacity 40828K, committed 40832K, reserved 1083392K
  class space    used 5573K, capacity 6014K, committed 6016K, reserved 1048576K
}

