# JRE version: OpenJDK Runtime Environment Temurin-17.0.10+7 (17.0.10+7) (build 17.0.10+7)
# Java VM: OpenJDK 64-Bit Server VM Temurin-17.0.10+7 (17.0.10+7, mixed mode, tiered, compressed oops, compressed class ptrs, parallel gc, windows-amd64)
GC Precious Log:
 CPUs: 4 total, 4 available
 Memory: 3919M
 Large Page Support: Disabled
 NUMA Support: Disabled
 Compressed Oops: Enabled (32-bit)
 Alignments: Space 512K, Generation 512K, Heap 2M
 Heap Min Capacity: 100M
 Heap Initial Capacity: 100M
 Heap Max Capacity: 1G
 Pre-touch: Disabled
 Parallel Workers: 4
Heap:
 PSYoungGen      total 23552K, used 2969K [0x00000000eab00000, 0x00000000ec480000, 0x0000000100000000)
  eden space 20992K, 4% used [0x00000000eab00000,0x00000000eabe63f0,0x00000000ebf80000)
  from space 2560K, 80% used [0x00000000ec000000,0x00000000ec200360,0x00000000ec280000)
  to   space 2048K, 0% used [0x00000000ec280000,0x00000000ec280000,0x00000000ec480000)
 ParOldGen       total 68608K, used 34578K [0x00000000c0000000, 0x00000000c4300000, 0x00000000eab00000)
  object space 68608K, 50% used [0x00000000c0000000,0x00000000c21c4a10,0x00000000c4300000)
 Metaspace       used 50306K, committed 51072K, reserved 1114112K
  class space    used 5008K, committed 5376K, reserved 1048576K
GC Heap History (20 events):
Event: 32.322 GC heap before
{Heap before GC invocations=18 (full 2):
 PSYoungGen      total 23552K, used 23316K [0x00000000eab00000, 0x00000000ec680000, 0x0000000100000000)
  eden space 20992K, 99% used [0x00000000eab00000,0x00000000ebf7e5e8,0x00000000ebf80000)
  from space 2560K, 91% used [0x00000000ebf80000,0x00000000ec1c6cd0,0x00000000ec200000)
  to   space 3584K, 0% used [0x00000000ec300000,0x00000000ec300000,0x00000000ec680000)
 ParOldGen       total 68608K, used 24161K [0x00000000c0000000, 0x00000000c4300000, 0x00000000eab00000)
  object space 68608K, 35% used [0x00000000c0000000,0x00000000c1798790,0x00000000c4300000)
 Metaspace       used 40628K, committed 41344K, reserved 1114112K
  class space    used 4144K, committed 4416K, reserved 1048576K
}
Event: 32.327 GC heap after
{Heap after GC invocations=18 (full 2):
 PSYoungGen      total 22016K, used 704K [0x00000000eab00000, 0x00000000ec400000, 0x0000000100000000)
  eden space 20992K, 0% used [0x00000000eab00000,0x00000000eab00000,0x00000000ebf80000)
  from space 1024K, 68% used [0x00000000ec300000,0x00000000ec3b0080,0x00000000ec400000)
  to   space 1536K, 0% used [0x00000000ec100000,0x00000000ec100000,0x00000000ec280000)
 ParOldGen       total 68608K, used 26281K [0x00000000c0000000, 0x00000000c4300000, 0x00000000eab00000)
  object space 68608K, 38% used [0x00000000c0000000,0x00000000c19aa798,0x00000000c4300000)
 Metaspace       used 40628K, committed 41344K, reserved 1114112K
  class space    used 4144K, committed 4416K, reserved 1048576K
}
Event: 33.010 GC heap before
{Heap before GC invocations=19 (full 2):
 PSYoungGen      total 22016K, used 21696K [0x00000000eab00000, 0x00000000ec400000, 0x0000000100000000)
  eden space 20992K, 100% used [0x00000000eab00000,0x00000000ebf80000,0x00000000ebf80000)
  from space 1024K, 68% used [0x00000000ec300000,0x00000000ec3b0080,0x00000000ec400000)
  to   space 1536K, 0% used [0x00000000ec100000,0x00000000ec100000,0x00000000ec280000)
 ParOldGen       total 68608K, used 26281K [0x00000000c0000000, 0x00000000c4300000, 0x00000000eab00000)
  object space 68608K, 38% used [0x00000000c0000000,0x00000000c19aa798,0x00000000c4300000)
 Metaspace       used 41919K, committed 42624K, reserved 1114112K
  class space    used 4258K, committed 4544K, reserved 1048576K
}
Event: 33.012 GC heap after
{Heap after GC invocations=19 (full 2):
 PSYoungGen      total 22528K, used 1182K [0x00000000eab00000, 0x00000000ec380000, 0x0000000100000000)
  eden space 20992K, 0% used [0x00000000eab00000,0x00000000eab00000,0x00000000ebf80000)
  from space 1536K, 76% used [0x00000000ec100000,0x00000000ec227aa0,0x00000000ec280000)
  to   space 1024K, 0% used [0x00000000ec280000,0x00000000ec280000,0x00000000ec380000)
 ParOldGen       total 68608K, used 26898K [0x00000000c0000000, 0x00000000c4300000, 0x00000000eab00000)
  object space 68608K, 39% used [0x00000000c0000000,0x00000000c1a44818,0x00000000c4300000)
 Metaspace       used 41919K, committed 42624K, reserved 1114112K
  class space    used 4258K, committed 4544K, reserved 1048576K
}
Event: 33.157 GC heap before
{Heap before GC invocations=20 (full 2):
 PSYoungGen      total 22528K, used 22174K [0x00000000eab00000, 0x00000000ec380000, 0x0000000100000000)
  eden space 20992K, 100% used [0x00000000eab00000,0x00000000ebf80000,0x00000000ebf80000)
  from space 1536K, 76% used [0x00000000ec100000,0x00000000ec227aa0,0x00000000ec280000)
  to   space 1024K, 0% used [0x00000000ec280000,0x00000000ec280000,0x00000000ec380000)
 ParOldGen       total 68608K, used 26898K [0x00000000c0000000, 0x00000000c4300000, 0x00000000eab00000)
  object space 68608K, 39% used [0x00000000c0000000,0x00000000c1a44818,0x00000000c4300000)
 Metaspace       used 41945K, committed 42624K, reserved 1114112K
  class space    used 4258K, committed 4544K, reserved 1048576K
}
Event: 33.160 GC heap after
{Heap after GC invocations=20 (full 2):
 PSYoungGen      total 22016K, used 741K [0x00000000eab00000, 0x00000000ec380000, 0x0000000100000000)
  eden space 20992K, 0% used [0x00000000eab00000,0x00000000eab00000,0x00000000ebf80000)
  from space 1024K, 72% used [0x00000000ec280000,0x00000000ec339538,0x00000000ec380000)
  to   space 1024K, 0% used [0x00000000ec180000,0x00000000ec180000,0x00000000ec280000)
 ParOldGen       total 68608K, used 27689K [0x00000000c0000000, 0x00000000c4300000, 0x00000000eab00000)
  object space 68608K, 40% used [0x00000000c0000000,0x00000000c1b0a7c0,0x00000000c4300000)
 Metaspace       used 41945K, committed 42624K, reserved 1114112K
  class space    used 4258K, committed 4544K, reserved 1048576K
}
Event: 33.725 GC heap before
{Heap before GC invocations=21 (full 2):
 PSYoungGen      total 22016K, used 21733K [0x00000000eab00000, 0x00000000ec380000, 0x0000000100000000)
  eden space 20992K, 100% used [0x00000000eab00000,0x00000000ebf80000,0x00000000ebf80000)
  from space 1024K, 72% used [0x00000000ec280000,0x00000000ec339538,0x00000000ec380000)
  to   space 1024K, 0% used [0x00000000ec180000,0x00000000ec180000,0x00000000ec280000)
 ParOldGen       total 68608K, used 27689K [0x00000000c0000000, 0x00000000c4300000, 0x00000000eab00000)
  object space 68608K, 40% used [0x00000000c0000000,0x00000000c1b0a7c0,0x00000000c4300000)
 Metaspace       used 44047K, committed 44800K, reserved 1114112K
  class space    used 4479K, committed 4800K, reserved 1048576K
}
Event: 33.728 GC heap after
{Heap after GC invocations=21 (full 2):
 PSYoungGen      total 21504K, used 448K [0x00000000eab00000, 0x00000000ec300000, 0x0000000100000000)
  eden space 20992K, 0% used [0x00000000eab00000,0x00000000eab00000,0x00000000ebf80000)
  from space 512K, 87% used [0x00000000ec180000,0x00000000ec1f0000,0x00000000ec200000)
  to   space 1024K, 0% used [0x00000000ec200000,0x00000000ec200000,0x00000000ec300000)
 ParOldGen       total 68608K, used 27705K [0x00000000c0000000, 0x00000000c4300000, 0x00000000eab00000)
  object space 68608K, 40% used [0x00000000c0000000,0x00000000c1b0e7c0,0x00000000c4300000)
 Metaspace       used 44047K, committed 44800K, reserved 1114112K
  class space    used 4479K, committed 4800K, reserved 1048576K
}
Event: 35.229 GC heap before
{Heap before GC invocations=22 (full 2):
 PSYoungGen      total 21504K, used 21403K [0x00000000eab00000, 0x00000000ec300000, 0x0000000100000000)
  eden space 20992K, 99% used [0x00000000eab00000,0x00000000ebf76ea8,0x00000000ebf80000)
  from space 512K, 87% used [0x00000000ec180000,0x00000000ec1f0000,0x00000000ec200000)
  to   space 1024K, 0% used [0x00000000ec200000,0x00000000ec200000,0x00000000ec300000)
 ParOldGen       total 68608K, used 27705K [0x00000000c0000000, 0x00000000c4300000, 0x00000000eab00000)
  object space 68608K, 40% used [0x00000000c0000000,0x00000000c1b0e7c0,0x00000000c4300000)
 Metaspace       used 46436K, committed 47232K, reserved 1114112K
  class space    used 4722K, committed 5056K, reserved 1048576K
}
Event: 35.232 GC heap after
{Heap after GC invocations=22 (full 2):
 PSYoungGen      total 22016K, used 1024K [0x00000000eab00000, 0x00000000ec380000, 0x0000000100000000)
  eden space 20992K, 0% used [0x00000000eab00000,0x00000000eab00000,0x00000000ebf80000)
  from space 1024K, 100% used [0x00000000ec200000,0x00000000ec300000,0x00000000ec300000)
  to   space 2048K, 0% used [0x00000000ebf80000,0x00000000ebf80000,0x00000000ec180000)
 ParOldGen       total 68608K, used 28382K [0x00000000c0000000, 0x00000000c4300000, 0x00000000eab00000)
  object space 68608K, 41% used [0x00000000c0000000,0x00000000c1bb7810,0x00000000c4300000)
 Metaspace       used 46436K, committed 47232K, reserved 1114112K
  class space    used 4722K, committed 5056K, reserved 1048576K
}
Event: 36.090 GC heap before
{Heap before GC invocations=23 (full 2):
 PSYoungGen      total 22016K, used 22016K [0x00000000eab00000, 0x00000000ec380000, 0x0000000100000000)
  eden space 20992K, 100% used [0x00000000eab00000,0x00000000ebf80000,0x00000000ebf80000)
  from space 1024K, 100% used [0x00000000ec200000,0x00000000ec300000,0x00000000ec300000)
  to   space 2048K, 0% used [0x00000000ebf80000,0x00000000ebf80000,0x00000000ec180000)
 ParOldGen       total 68608K, used 28382K [0x00000000c0000000, 0x00000000c4300000, 0x00000000eab00000)
  object space 68608K, 41% used [0x00000000c0000000,0x00000000c1bb7810,0x00000000c4300000)
 Metaspace       used 47143K, committed 47936K, reserved 1114112K
  class space    used 4784K, committed 5120K, reserved 1048576K
}
Event: 36.093 GC heap after
{Heap after GC invocations=23 (full 2):
 PSYoungGen      total 22528K, used 1198K [0x00000000eab00000, 0x00000000ec280000, 0x0000000100000000)
  eden space 20992K, 0% used [0x00000000eab00000,0x00000000eab00000,0x00000000ebf80000)
  from space 1536K, 78% used [0x00000000ebf80000,0x00000000ec0aba50,0x00000000ec100000)
  to   space 1536K, 0% used [0x00000000ec100000,0x00000000ec100000,0x00000000ec280000)
 ParOldGen       total 68608K, used 29400K [0x00000000c0000000, 0x00000000c4300000, 0x00000000eab00000)
  object space 68608K, 42% used [0x00000000c0000000,0x00000000c1cb6060,0x00000000c4300000)
 Metaspace       used 47143K, committed 47936K, reserved 1114112K
  class space    used 4784K, committed 5120K, reserved 1048576K
}
Event: 36.780 GC heap before
{Heap before GC invocations=24 (full 2):
 PSYoungGen      total 22528K, used 22190K [0x00000000eab00000, 0x00000000ec280000, 0x0000000100000000)
  eden space 20992K, 100% used [0x00000000eab00000,0x00000000ebf80000,0x00000000ebf80000)
  from space 1536K, 78% used [0x00000000ebf80000,0x00000000ec0aba50,0x00000000ec100000)
  to   space 1536K, 0% used [0x00000000ec100000,0x00000000ec100000,0x00000000ec280000)
 ParOldGen       total 68608K, used 29400K [0x00000000c0000000, 0x00000000c4300000, 0x00000000eab00000)
  object space 68608K, 42% used [0x00000000c0000000,0x00000000c1cb6060,0x00000000c4300000)
 Metaspace       used 48276K, committed 49024K, reserved 1114112K
  class space    used 4881K, committed 5184K, reserved 1048576K
}
Event: 36.786 GC heap after
{Heap after GC invocations=24 (full 2):
 PSYoungGen      total 22528K, used 1417K [0x00000000eab00000, 0x00000000ec280000, 0x0000000100000000)
  eden space 20992K, 0% used [0x00000000eab00000,0x00000000eab00000,0x00000000ebf80000)
  from space 1536K, 92% used [0x00000000ec100000,0x00000000ec262480,0x00000000ec280000)
  to   space 1536K, 0% used [0x00000000ebf80000,0x00000000ebf80000,0x00000000ec100000)
 ParOldGen       total 68608K, used 30475K [0x00000000c0000000, 0x00000000c4300000, 0x00000000eab00000)
  object space 68608K, 44% used [0x00000000c0000000,0x00000000c1dc2fc0,0x00000000c4300000)
 Metaspace       used 48276K, committed 49024K, reserved 1114112K
  class space    used 4881K, committed 5184K, reserved 1048576K
}
Event: 75.227 GC heap before
{Heap before GC invocations=25 (full 2):
 PSYoungGen      total 22528K, used 22409K [0x00000000eab00000, 0x00000000ec280000, 0x0000000100000000)
  eden space 20992K, 100% used [0x00000000eab00000,0x00000000ebf80000,0x00000000ebf80000)
  from space 1536K, 92% used [0x00000000ec100000,0x00000000ec262480,0x00000000ec280000)
  to   space 1536K, 0% used [0x00000000ebf80000,0x00000000ebf80000,0x00000000ec100000)
 ParOldGen       total 68608K, used 30475K [0x00000000c0000000, 0x00000000c4300000, 0x00000000eab00000)
  object space 68608K, 44% used [0x00000000c0000000,0x00000000c1dc2fc0,0x00000000c4300000)
 Metaspace       used 49147K, committed 49920K, reserved 1114112K
  class space    used 4928K, committed 5248K, reserved 1048576K
}
Event: 75.279 GC heap after
{Heap after GC invocations=25 (full 2):
 PSYoungGen      total 22528K, used 1520K [0x00000000eab00000, 0x00000000ec680000, 0x0000000100000000)
  eden space 20992K, 0% used [0x00000000eab00000,0x00000000eab00000,0x00000000ebf80000)
  from space 1536K, 98% used [0x00000000ebf80000,0x00000000ec0fc050,0x00000000ec100000)
  to   space 3584K, 0% used [0x00000000ec300000,0x00000000ec300000,0x00000000ec680000)
 ParOldGen       total 68608K, used 31998K [0x00000000c0000000, 0x00000000c4300000, 0x00000000eab00000)
  object space 68608K, 46% used [0x00000000c0000000,0x00000000c1f3fa20,0x00000000c4300000)
 Metaspace       used 49147K, committed 49920K, reserved 1114112K
  class space    used 4928K, committed 5248K, reserved 1048576K
}
Event: 116.281 GC heap before
{Heap before GC invocations=26 (full 2):
 PSYoungGen      total 22528K, used 22512K [0x00000000eab00000, 0x00000000ec680000, 0x0000000100000000)
  eden space 20992K, 100% used [0x00000000eab00000,0x00000000ebf80000,0x00000000ebf80000)
  from space 1536K, 98% used [0x00000000ebf80000,0x00000000ec0fc050,0x00000000ec100000)
  to   space 3584K, 0% used [0x00000000ec300000,0x00000000ec300000,0x00000000ec680000)
 ParOldGen       total 68608K, used 31998K [0x00000000c0000000, 0x00000000c4300000, 0x00000000eab00000)
  object space 68608K, 46% used [0x00000000c0000000,0x00000000c1f3fa20,0x00000000c4300000)
 Metaspace       used 49550K, committed 50304K, reserved 1114112K
  class space    used 4946K, committed 5248K, reserved 1048576K
}
Event: 116.337 GC heap after
{Heap after GC invocations=26 (full 2):
 PSYoungGen      total 23040K, used 1611K [0x00000000eab00000, 0x00000000ec500000, 0x0000000100000000)
  eden space 20992K, 0% used [0x00000000eab00000,0x00000000eab00000,0x00000000ebf80000)
  from space 2048K, 78% used [0x00000000ec300000,0x00000000ec492c60,0x00000000ec500000)
  to   space 2560K, 0% used [0x00000000ec000000,0x00000000ec000000,0x00000000ec280000)
 ParOldGen       total 68608K, used 33482K [0x00000000c0000000, 0x00000000c4300000, 0x00000000eab00000)
  object space 68608K, 48% used [0x00000000c0000000,0x00000000c20b2818,0x00000000c4300000)
 Metaspace       used 49550K, committed 50304K, reserved 1114112K
  class space    used 4946K, committed 5248K, reserved 1048576K
}
Event: 164.426 GC heap before
{Heap before GC invocations=27 (full 2):
 PSYoungGen      total 23040K, used 22603K [0x00000000eab00000, 0x00000000ec500000, 0x0000000100000000)
  eden space 20992K, 100% used [0x00000000eab00000,0x00000000ebf80000,0x00000000ebf80000)
  from space 2048K, 78% used [0x00000000ec300000,0x00000000ec492c60,0x00000000ec500000)
  to   space 2560K, 0% used [0x00000000ec000000,0x00000000ec000000,0x00000000ec280000)
 ParOldGen       total 68608K, used 33482K [0x00000000c0000000, 0x00000000c4300000, 0x00000000eab00000)
  object space 68608K, 48% used [0x00000000c0000000,0x00000000c20b2818,0x00000000c4300000)
 Metaspace       used 50206K, committed 51008K, reserved 1114112K
  class space    used 4995K, committed 5376K, reserved 1048576K
}
Event: 164.502 GC heap after
{Heap after GC invocations=27 (full 2):
 PSYoungGen      total 23552K, used 2048K [0x00000000eab00000, 0x00000000ec480000, 0x0000000100000000)
  eden space 20992K, 0% used [0x00000000eab00000,0x00000000eab00000,0x00000000ebf80000)
  from space 2560K, 80% used [0x00000000ec000000,0x00000000ec200360,0x00000000ec280000)
  to   space 2048K, 0% used [0x00000000ec280000,0x00000000ec280000,0x00000000ec480000)
 ParOldGen       total 68608K, used 34578K [0x00000000c0000000, 0x00000000c4300000, 0x00000000eab00000)
  object space 68608K, 50% used [0x00000000c0000000,0x00000000c21c4a10,0x00000000c4300000)
 Metaspace       used 50206K, committed 51008K, reserved 1114112K
  class space    used 4995K, committed 5376K, reserved 1048576K
}

