# JRE version: OpenJDK Runtime Environment Temurin-17.0.10+7 (17.0.10+7) (build 17.0.10+7)
# Java VM: OpenJDK 64-Bit Server VM Temurin-17.0.10+7 (17.0.10+7, mixed mode, tiered, compressed oops, compressed class ptrs, parallel gc, windows-amd64)
GC Precious Log:
 CPUs: 4 total, 4 available
 Memory: 3919M
 Large Page Support: Disabled
 NUMA Support: Disabled
 Compressed Oops: Enabled (32-bit)
 Alignments: Space 512K, Generation 512K, Heap 2M
 Heap Min Capacity: 100M
 Heap Initial Capacity: 100M
 Heap Max Capacity: 1G
 Pre-touch: Disabled
 Parallel Workers: 4
Heap:
 PSYoungGen      total 14848K, used 9054K [0x00000000eab00000, 0x00000000ec700000, 0x0000000100000000)
  eden space 6144K, 6% used [0x00000000eab00000,0x00000000eab5cec0,0x00000000eb100000)
  from space 8704K, 99% used [0x00000000eb180000,0x00000000eb9facc0,0x00000000eba00000)
  to   space 11264K, 0% used [0x00000000ebc00000,0x00000000ebc00000,0x00000000ec700000)
 ParOldGen       total 327680K, used 324773K [0x00000000c0000000, 0x00000000d4000000, 0x00000000eab00000)
  object space 327680K, 99% used [0x00000000c0000000,0x00000000d3d295b8,0x00000000d4000000)
 Metaspace       used 64787K, committed 65856K, reserved 1114112K
  class space    used 6744K, committed 7232K, reserved 1048576K
GC Heap History (20 events):
Event: 121.742 GC heap before
{Heap before GC invocations=276 (full 13):
 PSYoungGen      total 4096K, used 4071K [0x00000000eab00000, 0x00000000eb500000, 0x0000000100000000)
  eden space 1536K, 100% used [0x00000000eab00000,0x00000000eac80000,0x00000000eac80000)
  from space 2560K, 99% used [0x00000000eac80000,0x00000000eaef9cc0,0x00000000eaf00000)
  to   space 4096K, 0% used [0x00000000eb100000,0x00000000eb100000,0x00000000eb500000)
 ParOldGen       total 327680K, used 298345K [0x00000000c0000000, 0x00000000d4000000, 0x00000000eab00000)
  object space 327680K, 91% used [0x00000000c0000000,0x00000000d235a5a8,0x00000000d4000000)
 Metaspace       used 64705K, committed 65728K, reserved 1114112K
  class space    used 6738K, committed 7168K, reserved 1048576K
}
Event: 121.755 GC heap after
{Heap after GC invocations=276 (full 13):
 PSYoungGen      total 5120K, used 2571K [0x00000000eab00000, 0x00000000eb400000, 0x0000000100000000)
  eden space 2048K, 0% used [0x00000000eab00000,0x00000000eab00000,0x00000000ead00000)
  from space 3072K, 83% used [0x00000000eb100000,0x00000000eb382c90,0x00000000eb400000)
  to   space 3072K, 0% used [0x00000000eae00000,0x00000000eae00000,0x00000000eb100000)
 ParOldGen       total 327680K, used 299905K [0x00000000c0000000, 0x00000000d4000000, 0x00000000eab00000)
  object space 327680K, 91% used [0x00000000c0000000,0x00000000d24e04b0,0x00000000d4000000)
 Metaspace       used 64705K, committed 65728K, reserved 1114112K
  class space    used 6738K, committed 7168K, reserved 1048576K
}
Event: 121.792 GC heap before
{Heap before GC invocations=277 (full 13):
 PSYoungGen      total 5120K, used 4619K [0x00000000eab00000, 0x00000000eb400000, 0x0000000100000000)
  eden space 2048K, 100% used [0x00000000eab00000,0x00000000ead00000,0x00000000ead00000)
  from space 3072K, 83% used [0x00000000eb100000,0x00000000eb382c90,0x00000000eb400000)
  to   space 3072K, 0% used [0x00000000eae00000,0x00000000eae00000,0x00000000eb100000)
 ParOldGen       total 327680K, used 299905K [0x00000000c0000000, 0x00000000d4000000, 0x00000000eab00000)
  object space 327680K, 91% used [0x00000000c0000000,0x00000000d24e04b0,0x00000000d4000000)
 Metaspace       used 64705K, committed 65728K, reserved 1114112K
  class space    used 6738K, committed 7168K, reserved 1048576K
}
Event: 121.802 GC heap after
{Heap after GC invocations=277 (full 13):
 PSYoungGen      total 5632K, used 3050K [0x00000000eab00000, 0x00000000eb780000, 0x0000000100000000)
  eden space 2560K, 0% used [0x00000000eab00000,0x00000000eab00000,0x00000000ead80000)
  from space 3072K, 99% used [0x00000000eae00000,0x00000000eb0faaf8,0x00000000eb100000)
  to   space 5120K, 0% used [0x00000000eb280000,0x00000000eb280000,0x00000000eb780000)
 ParOldGen       total 327680K, used 301417K [0x00000000c0000000, 0x00000000d4000000, 0x00000000eab00000)
  object space 327680K, 91% used [0x00000000c0000000,0x00000000d265a450,0x00000000d4000000)
 Metaspace       used 64705K, committed 65728K, reserved 1114112K
  class space    used 6738K, committed 7168K, reserved 1048576K
}
Event: 121.920 GC heap before
{Heap before GC invocations=278 (full 13):
 PSYoungGen      total 5632K, used 5610K [0x00000000eab00000, 0x00000000eb780000, 0x0000000100000000)
  eden space 2560K, 100% used [0x00000000eab00000,0x00000000ead80000,0x00000000ead80000)
  from space 3072K, 99% used [0x00000000eae00000,0x00000000eb0faaf8,0x00000000eb100000)
  to   space 5120K, 0% used [0x00000000eb280000,0x00000000eb280000,0x00000000eb780000)
 ParOldGen       total 327680K, used 302761K [0x00000000c0000000, 0x00000000d4000000, 0x00000000eab00000)
  object space 327680K, 92% used [0x00000000c0000000,0x00000000d27aa450,0x00000000d4000000)
 Metaspace       used 64705K, committed 65728K, reserved 1114112K
  class space    used 6738K, committed 7168K, reserved 1048576K
}
Event: 121.935 GC heap after
{Heap after GC invocations=278 (full 13):
 PSYoungGen      total 7680K, used 4075K [0x00000000eab00000, 0x00000000eb700000, 0x0000000100000000)
  eden space 3072K, 0% used [0x00000000eab00000,0x00000000eab00000,0x00000000eae00000)
  from space 4608K, 88% used [0x00000000eb280000,0x00000000eb67ad18,0x00000000eb700000)
  to   space 4608K, 0% used [0x00000000eae00000,0x00000000eae00000,0x00000000eb280000)
 ParOldGen       total 327680K, used 304349K [0x00000000c0000000, 0x00000000d4000000, 0x00000000eab00000)
  object space 327680K, 92% used [0x00000000c0000000,0x00000000d2937618,0x00000000d4000000)
 Metaspace       used 64705K, committed 65728K, reserved 1114112K
  class space    used 6738K, committed 7168K, reserved 1048576K
}
Event: 122.152 GC heap before
{Heap before GC invocations=279 (full 13):
 PSYoungGen      total 7680K, used 7147K [0x00000000eab00000, 0x00000000eb700000, 0x0000000100000000)
  eden space 3072K, 100% used [0x00000000eab00000,0x00000000eae00000,0x00000000eae00000)
  from space 4608K, 88% used [0x00000000eb280000,0x00000000eb67ad18,0x00000000eb700000)
  to   space 4608K, 0% used [0x00000000eae00000,0x00000000eae00000,0x00000000eb280000)
 ParOldGen       total 327680K, used 304349K [0x00000000c0000000, 0x00000000d4000000, 0x00000000eab00000)
  object space 327680K, 92% used [0x00000000c0000000,0x00000000d2937618,0x00000000d4000000)
 Metaspace       used 64705K, committed 65728K, reserved 1114112K
  class space    used 6738K, committed 7168K, reserved 1048576K
}
Event: 122.178 GC heap after
{Heap after GC invocations=279 (full 13):
 PSYoungGen      total 7680K, used 4602K [0x00000000eab00000, 0x00000000ebd80000, 0x0000000100000000)
  eden space 3072K, 0% used [0x00000000eab00000,0x00000000eab00000,0x00000000eae00000)
  from space 4608K, 99% used [0x00000000eae00000,0x00000000eb27ea38,0x00000000eb280000)
  to   space 7680K, 0% used [0x00000000eb600000,0x00000000eb600000,0x00000000ebd80000)
 ParOldGen       total 327680K, used 306837K [0x00000000c0000000, 0x00000000d4000000, 0x00000000eab00000)
  object space 327680K, 93% used [0x00000000c0000000,0x00000000d2ba5618,0x00000000d4000000)
 Metaspace       used 64705K, committed 65728K, reserved 1114112K
  class space    used 6738K, committed 7168K, reserved 1048576K
}
Event: 122.325 GC heap before
{Heap before GC invocations=280 (full 13):
 PSYoungGen      total 7680K, used 7674K [0x00000000eab00000, 0x00000000ebd80000, 0x0000000100000000)
  eden space 3072K, 100% used [0x00000000eab00000,0x00000000eae00000,0x00000000eae00000)
  from space 4608K, 99% used [0x00000000eae00000,0x00000000eb27ea38,0x00000000eb280000)
  to   space 7680K, 0% used [0x00000000eb600000,0x00000000eb600000,0x00000000ebd80000)
 ParOldGen       total 327680K, used 306837K [0x00000000c0000000, 0x00000000d4000000, 0x00000000eab00000)
  object space 327680K, 93% used [0x00000000c0000000,0x00000000d2ba5618,0x00000000d4000000)
 Metaspace       used 64705K, committed 65728K, reserved 1114112K
  class space    used 6738K, committed 7168K, reserved 1048576K
}
Event: 122.351 GC heap after
{Heap after GC invocations=280 (full 13):
 PSYoungGen      total 8704K, used 4711K [0x00000000eab00000, 0x00000000ebb00000, 0x0000000100000000)
  eden space 3584K, 0% used [0x00000000eab00000,0x00000000eab00000,0x00000000eae80000)
  from space 5120K, 92% used [0x00000000eb600000,0x00000000eba99c00,0x00000000ebb00000)
  to   space 5632K, 0% used [0x00000000eb000000,0x00000000eb000000,0x00000000eb580000)
 ParOldGen       total 327680K, used 309846K [0x00000000c0000000, 0x00000000d4000000, 0x00000000eab00000)
  object space 327680K, 94% used [0x00000000c0000000,0x00000000d2e95848,0x00000000d4000000)
 Metaspace       used 64705K, committed 65728K, reserved 1114112K
  class space    used 6738K, committed 7168K, reserved 1048576K
}
Event: 124.360 GC heap before
{Heap before GC invocations=281 (full 13):
 PSYoungGen      total 8704K, used 8295K [0x00000000eab00000, 0x00000000ebb00000, 0x0000000100000000)
  eden space 3584K, 100% used [0x00000000eab00000,0x00000000eae80000,0x00000000eae80000)
  from space 5120K, 92% used [0x00000000eb600000,0x00000000eba99c00,0x00000000ebb00000)
  to   space 5632K, 0% used [0x00000000eb000000,0x00000000eb000000,0x00000000eb580000)
 ParOldGen       total 327680K, used 309846K [0x00000000c0000000, 0x00000000d4000000, 0x00000000eab00000)
  object space 327680K, 94% used [0x00000000c0000000,0x00000000d2e95848,0x00000000d4000000)
 Metaspace       used 64705K, committed 65728K, reserved 1114112K
  class space    used 6738K, committed 7168K, reserved 1048576K
}
Event: 124.374 GC heap after
{Heap after GC invocations=281 (full 13):
 PSYoungGen      total 9728K, used 5610K [0x00000000eab00000, 0x00000000ec100000, 0x0000000100000000)
  eden space 4096K, 0% used [0x00000000eab00000,0x00000000eab00000,0x00000000eaf00000)
  from space 5632K, 99% used [0x00000000eb000000,0x00000000eb57a8c8,0x00000000eb580000)
  to   space 9216K, 0% used [0x00000000eb800000,0x00000000eb800000,0x00000000ec100000)
 ParOldGen       total 327680K, used 312493K [0x00000000c0000000, 0x00000000d4000000, 0x00000000eab00000)
  object space 327680K, 95% used [0x00000000c0000000,0x00000000d312b760,0x00000000d4000000)
 Metaspace       used 64705K, committed 65728K, reserved 1114112K
  class space    used 6738K, committed 7168K, reserved 1048576K
}
Event: 125.473 GC heap before
{Heap before GC invocations=282 (full 13):
 PSYoungGen      total 9728K, used 9706K [0x00000000eab00000, 0x00000000ec100000, 0x0000000100000000)
  eden space 4096K, 100% used [0x00000000eab00000,0x00000000eaf00000,0x00000000eaf00000)
  from space 5632K, 99% used [0x00000000eb000000,0x00000000eb57a8c8,0x00000000eb580000)
  to   space 9216K, 0% used [0x00000000eb800000,0x00000000eb800000,0x00000000ec100000)
 ParOldGen       total 327680K, used 312493K [0x00000000c0000000, 0x00000000d4000000, 0x00000000eab00000)
  object space 327680K, 95% used [0x00000000c0000000,0x00000000d312b760,0x00000000d4000000)
 Metaspace       used 64705K, committed 65728K, reserved 1114112K
  class space    used 6738K, committed 7168K, reserved 1048576K
}
Event: 125.489 GC heap after
{Heap after GC invocations=282 (full 13):
 PSYoungGen      total 11776K, used 6921K [0x00000000eab00000, 0x00000000ebf00000, 0x0000000100000000)
  eden space 4608K, 0% used [0x00000000eab00000,0x00000000eab00000,0x00000000eaf80000)
  from space 7168K, 96% used [0x00000000eb800000,0x00000000ebec2500,0x00000000ebf00000)
  to   space 7680K, 0% used [0x00000000eb000000,0x00000000eb000000,0x00000000eb780000)
 ParOldGen       total 327680K, used 315387K [0x00000000c0000000, 0x00000000d4000000, 0x00000000eab00000)
  object space 327680K, 96% used [0x00000000c0000000,0x00000000d33fedc8,0x00000000d4000000)
 Metaspace       used 64705K, committed 65728K, reserved 1114112K
  class space    used 6738K, committed 7168K, reserved 1048576K
}
Event: 125.763 GC heap before
{Heap before GC invocations=283 (full 13):
 PSYoungGen      total 11776K, used 11087K [0x00000000eab00000, 0x00000000ebf00000, 0x0000000100000000)
  eden space 4608K, 90% used [0x00000000eab00000,0x00000000eaf11a10,0x00000000eaf80000)
  from space 7168K, 96% used [0x00000000eb800000,0x00000000ebec2500,0x00000000ebf00000)
  to   space 7680K, 0% used [0x00000000eb000000,0x00000000eb000000,0x00000000eb780000)
 ParOldGen       total 327680K, used 315387K [0x00000000c0000000, 0x00000000d4000000, 0x00000000eab00000)
  object space 327680K, 96% used [0x00000000c0000000,0x00000000d33fedc8,0x00000000d4000000)
 Metaspace       used 64714K, committed 65728K, reserved 1114112K
  class space    used 6738K, committed 7168K, reserved 1048576K
}
Event: 125.792 GC heap after
{Heap after GC invocations=283 (full 13):
 PSYoungGen      total 12800K, used 7672K [0x00000000eab00000, 0x00000000ec700000, 0x0000000100000000)
  eden space 5120K, 0% used [0x00000000eab00000,0x00000000eab00000,0x00000000eb000000)
  from space 7680K, 99% used [0x00000000eb000000,0x00000000eb77e160,0x00000000eb780000)
  to   space 11776K, 0% used [0x00000000ebb80000,0x00000000ebb80000,0x00000000ec700000)
 ParOldGen       total 327680K, used 318703K [0x00000000c0000000, 0x00000000d4000000, 0x00000000eab00000)
  object space 327680K, 97% used [0x00000000c0000000,0x00000000d373bd60,0x00000000d4000000)
 Metaspace       used 64714K, committed 65728K, reserved 1114112K
  class space    used 6738K, committed 7168K, reserved 1048576K
}
Event: 126.289 GC heap before
{Heap before GC invocations=284 (full 13):
 PSYoungGen      total 12800K, used 12792K [0x00000000eab00000, 0x00000000ec700000, 0x0000000100000000)
  eden space 5120K, 100% used [0x00000000eab00000,0x00000000eb000000,0x00000000eb000000)
  from space 7680K, 99% used [0x00000000eb000000,0x00000000eb77e160,0x00000000eb780000)
  to   space 11776K, 0% used [0x00000000ebb80000,0x00000000ebb80000,0x00000000ec700000)
 ParOldGen       total 327680K, used 318703K [0x00000000c0000000, 0x00000000d4000000, 0x00000000eab00000)
  object space 327680K, 97% used [0x00000000c0000000,0x00000000d373bd60,0x00000000d4000000)
 Metaspace       used 64728K, committed 65728K, reserved 1114112K
  class space    used 6738K, committed 7168K, reserved 1048576K
}
Event: 126.306 GC heap after
{Heap after GC invocations=284 (full 13):
 PSYoungGen      total 12800K, used 6786K [0x00000000eab00000, 0x00000000ec280000, 0x0000000100000000)
  eden space 5632K, 0% used [0x00000000eab00000,0x00000000eab00000,0x00000000eb080000)
  from space 7168K, 94% used [0x00000000ebb80000,0x00000000ec220bd0,0x00000000ec280000)
  to   space 8704K, 0% used [0x00000000eb180000,0x00000000eb180000,0x00000000eba00000)
 ParOldGen       total 327680K, used 323065K [0x00000000c0000000, 0x00000000d4000000, 0x00000000eab00000)
  object space 327680K, 98% used [0x00000000c0000000,0x00000000d3b7e5b8,0x00000000d4000000)
 Metaspace       used 64728K, committed 65728K, reserved 1114112K
  class space    used 6738K, committed 7168K, reserved 1048576K
}
Event: 134.183 GC heap before
{Heap before GC invocations=285 (full 13):
 PSYoungGen      total 12800K, used 12418K [0x00000000eab00000, 0x00000000ec280000, 0x0000000100000000)
  eden space 5632K, 100% used [0x00000000eab00000,0x00000000eb080000,0x00000000eb080000)
  from space 7168K, 94% used [0x00000000ebb80000,0x00000000ec220bd0,0x00000000ec280000)
  to   space 8704K, 0% used [0x00000000eb180000,0x00000000eb180000,0x00000000eba00000)
 ParOldGen       total 327680K, used 323065K [0x00000000c0000000, 0x00000000d4000000, 0x00000000eab00000)
  object space 327680K, 98% used [0x00000000c0000000,0x00000000d3b7e5b8,0x00000000d4000000)
 Metaspace       used 64747K, committed 65792K, reserved 1114112K
  class space    used 6740K, committed 7168K, reserved 1048576K
}
Event: 134.293 GC heap after
{Heap after GC invocations=285 (full 13):
 PSYoungGen      total 14848K, used 8683K [0x00000000eab00000, 0x00000000ec700000, 0x0000000100000000)
  eden space 6144K, 0% used [0x00000000eab00000,0x00000000eab00000,0x00000000eb100000)
  from space 8704K, 99% used [0x00000000eb180000,0x00000000eb9facc0,0x00000000eba00000)
  to   space 11264K, 0% used [0x00000000ebc00000,0x00000000ebc00000,0x00000000ec700000)
 ParOldGen       total 327680K, used 324773K [0x00000000c0000000, 0x00000000d4000000, 0x00000000eab00000)
  object space 327680K, 99% used [0x00000000c0000000,0x00000000d3d295b8,0x00000000d4000000)
 Metaspace       used 64747K, committed 65792K, reserved 1114112K
  class space    used 6740K, committed 7168K, reserved 1048576K
}

