# JRE version: Java(TM) SE Runtime Environment (17.0.8+9) (build 17.0.8+9-LTS-211)
# Java VM: Java HotSpot(TM) 64-Bit Server VM (17.0.8+9-LTS-211, mixed mode, sharing, tiered, compressed oops, compressed class ptrs, g1 gc, windows-amd64)
GC Precious Log:
 CPUs: 4 total, 4 available
 Memory: 3919M
 Large Page Support: Disabled
 NUMA Support: Disabled
 Compressed Oops: Enabled (32-bit)
 Heap Region Size: 1M
 Heap Min Capacity: 256M
 Heap Initial Capacity: 256M
 Heap Max Capacity: 512M
 Pre-touch: Disabled
 Parallel Workers: 4
 Concurrent Workers: 1
 Concurrent Refinement Workers: 4
 Periodic GC: Disabled
Heap:
 garbage-first heap   total 262144K, used 165693K [0x00000000e0000000, 0x0000000100000000)
  region size 1024K, 116 young (118784K), 9 survivors (9216K)
 Metaspace       used 75432K, committed 75968K, reserved 458752K
  class space    used 10100K, committed 10368K, reserved 327680K
GC Heap History (20 events):
Event: 1.599 GC heap before
{Heap before GC invocations=0 (full 0):
 garbage-first heap   total 262144K, used 13312K [0x00000000e0000000, 0x0000000100000000)
  region size 1024K, 13 young (13312K), 0 survivors (0K)
 Metaspace       used 1033K, committed 1152K, reserved 393216K
  class space    used 81K, committed 128K, reserved 327680K
}
Event: 1.606 GC heap after
{Heap after GC invocations=1 (full 0):
 garbage-first heap   total 262144K, used 3229K [0x00000000e0000000, 0x0000000100000000)
  region size 1024K, 2 young (2048K), 2 survivors (2048K)
 Metaspace       used 1033K, committed 1152K, reserved 393216K
  class space    used 81K, committed 128K, reserved 327680K
}
Event: 13.902 GC heap before
{Heap before GC invocations=1 (full 0):
 garbage-first heap   total 262144K, used 22685K [0x00000000e0000000, 0x0000000100000000)
  region size 1024K, 17 young (17408K), 2 survivors (2048K)
 Metaspace       used 3884K, committed 4032K, reserved 393216K
  class space    used 488K, committed 576K, reserved 327680K
}
Event: 13.927 GC heap after
{Heap after GC invocations=2 (full 0):
 garbage-first heap   total 262144K, used 10683K [0x00000000e0000000, 0x0000000100000000)
  region size 1024K, 3 young (3072K), 3 survivors (3072K)
 Metaspace       used 3884K, committed 4032K, reserved 393216K
  class space    used 488K, committed 576K, reserved 327680K
}
Event: 14.837 GC heap before
{Heap before GC invocations=2 (full 0):
 garbage-first heap   total 262144K, used 31163K [0x00000000e0000000, 0x0000000100000000)
  region size 1024K, 23 young (23552K), 3 survivors (3072K)
 Metaspace       used 4006K, committed 4160K, reserved 393216K
  class space    used 491K, committed 576K, reserved 327680K
}
Event: 14.840 GC heap after
{Heap after GC invocations=3 (full 0):
 garbage-first heap   total 262144K, used 11430K [0x00000000e0000000, 0x0000000100000000)
  region size 1024K, 1 young (1024K), 1 survivors (1024K)
 Metaspace       used 4006K, committed 4160K, reserved 393216K
  class space    used 491K, committed 576K, reserved 327680K
}
Event: 19.399 GC heap before
{Heap before GC invocations=3 (full 0):
 garbage-first heap   total 262144K, used 133286K [0x00000000e0000000, 0x0000000100000000)
  region size 1024K, 120 young (122880K), 1 survivors (1024K)
 Metaspace       used 21237K, committed 21504K, reserved 393216K
  class space    used 3111K, committed 3200K, reserved 327680K
}
Event: 19.414 GC heap after
{Heap after GC invocations=4 (full 0):
 garbage-first heap   total 262144K, used 22522K [0x00000000e0000000, 0x0000000100000000)
  region size 1024K, 12 young (12288K), 12 survivors (12288K)
 Metaspace       used 21237K, committed 21504K, reserved 393216K
  class space    used 3111K, committed 3200K, reserved 327680K
}
Event: 22.507 GC heap before
{Heap before GC invocations=5 (full 0):
 garbage-first heap   total 262144K, used 132090K [0x00000000e0000000, 0x0000000100000000)
  region size 1024K, 119 young (121856K), 12 survivors (12288K)
 Metaspace       used 35671K, committed 35968K, reserved 393216K
  class space    used 4961K, committed 5120K, reserved 327680K
}
Event: 22.525 GC heap after
{Heap after GC invocations=6 (full 0):
 garbage-first heap   total 262144K, used 30930K [0x00000000e0000000, 0x0000000100000000)
  region size 1024K, 9 young (9216K), 9 survivors (9216K)
 Metaspace       used 35671K, committed 35968K, reserved 393216K
  class space    used 4961K, committed 5120K, reserved 327680K
}
Event: 22.614 GC heap before
{Heap before GC invocations=6 (full 0):
 garbage-first heap   total 262144K, used 32978K [0x00000000e0000000, 0x0000000100000000)
  region size 1024K, 12 young (12288K), 9 survivors (9216K)
 Metaspace       used 35956K, committed 36288K, reserved 393216K
  class space    used 5020K, committed 5184K, reserved 327680K
}
Event: 22.624 GC heap after
{Heap after GC invocations=7 (full 0):
 garbage-first heap   total 262144K, used 31068K [0x00000000e0000000, 0x0000000100000000)
  region size 1024K, 2 young (2048K), 2 survivors (2048K)
 Metaspace       used 35956K, committed 36288K, reserved 393216K
  class space    used 5020K, committed 5184K, reserved 327680K
}
Event: 22.662 GC heap before
{Heap before GC invocations=7 (full 0):
 garbage-first heap   total 262144K, used 38236K [0x00000000e0000000, 0x0000000100000000)
  region size 1024K, 6 young (6144K), 2 survivors (2048K)
 Metaspace       used 36242K, committed 36608K, reserved 393216K
  class space    used 5032K, committed 5248K, reserved 327680K
}
Event: 22.665 GC heap after
{Heap after GC invocations=8 (full 0):
 garbage-first heap   total 262144K, used 32295K [0x00000000e0000000, 0x0000000100000000)
  region size 1024K, 1 young (1024K), 1 survivors (1024K)
 Metaspace       used 36242K, committed 36608K, reserved 393216K
  class space    used 5032K, committed 5248K, reserved 327680K
}
Event: 27.607 GC heap before
{Heap before GC invocations=9 (full 0):
 garbage-first heap   total 262144K, used 183847K [0x00000000e0000000, 0x0000000100000000)
  region size 1024K, 149 young (152576K), 1 survivors (1024K)
 Metaspace       used 51950K, committed 52352K, reserved 393216K
  class space    used 7361K, committed 7552K, reserved 327680K
}
Event: 27.628 GC heap after
{Heap after GC invocations=10 (full 0):
 garbage-first heap   total 262144K, used 39744K [0x00000000e0000000, 0x0000000100000000)
  region size 1024K, 10 young (10240K), 10 survivors (10240K)
 Metaspace       used 51950K, committed 52352K, reserved 393216K
  class space    used 7361K, committed 7552K, reserved 327680K
}
Event: 36.534 GC heap before
{Heap before GC invocations=11 (full 0):
 garbage-first heap   total 262144K, used 185152K [0x00000000e0000000, 0x0000000100000000)
  region size 1024K, 153 young (156672K), 10 survivors (10240K)
 Metaspace       used 65730K, committed 66240K, reserved 393216K
  class space    used 8979K, committed 9216K, reserved 327680K
}
Event: 36.625 GC heap after
{Heap after GC invocations=12 (full 0):
 garbage-first heap   total 262144K, used 50999K [0x00000000e0000000, 0x0000000100000000)
  region size 1024K, 20 young (20480K), 20 survivors (20480K)
 Metaspace       used 65730K, committed 66240K, reserved 393216K
  class space    used 8979K, committed 9216K, reserved 327680K
}
Event: 48.115 GC heap before
{Heap before GC invocations=12 (full 0):
 garbage-first heap   total 262144K, used 186167K [0x00000000e0000000, 0x0000000100000000)
  region size 1024K, 153 young (156672K), 20 survivors (20480K)
 Metaspace       used 67856K, committed 68352K, reserved 393216K
  class space    used 9192K, committed 9408K, reserved 327680K
}
Event: 48.212 GC heap after
{Heap after GC invocations=13 (full 0):
 garbage-first heap   total 262144K, used 58173K [0x00000000e0000000, 0x0000000100000000)
  region size 1024K, 9 young (9216K), 9 survivors (9216K)
 Metaspace       used 67856K, committed 68352K, reserved 393216K
  class space    used 9192K, committed 9408K, reserved 327680K
}

