# JRE version: OpenJDK Runtime Environment Temurin-17.0.10+7 (17.0.10+7) (build 17.0.10+7)
# Java VM: OpenJDK 64-Bit Server VM Temurin-17.0.10+7 (17.0.10+7, mixed mode, tiered, compressed oops, compressed class ptrs, parallel gc, windows-amd64)
GC Precious Log:
 CPUs: 4 total, 4 available
 Memory: 3919M
 Large Page Support: Disabled
 NUMA Support: Disabled
 Compressed Oops: Enabled (32-bit)
 Alignments: Space 512K, Generation 512K, Heap 2M
 Heap Min Capacity: 100M
 Heap Initial Capacity: 100M
 Heap Max Capacity: 1G
 Pre-touch: Disabled
 Parallel Workers: 4
Heap:
 PSYoungGen      total 6656K, used 5146K [0x00000000eab00000, 0x00000000eb600000, 0x0000000100000000)
  eden space 5120K, 80% used [0x00000000eab00000,0x00000000eaf01788,0x00000000eb000000)
  from space 1536K, 67% used [0x00000000eb000000,0x00000000eb105080,0x00000000eb180000)
  to   space 2560K, 0% used [0x00000000eb380000,0x00000000eb380000,0x00000000eb600000)
 ParOldGen       total 294400K, used 270569K [0x00000000c0000000, 0x00000000d1f80000, 0x00000000eab00000)
  object space 294400K, 91% used [0x00000000c0000000,0x00000000d083a6e8,0x00000000d1f80000)
 Metaspace       used 54892K, committed 55872K, reserved 1114112K
  class space    used 5850K, committed 6272K, reserved 1048576K
GC Heap History (20 events):
Event: 60.259 GC heap before
{Heap before GC invocations=167 (full 10):
 PSYoungGen      total 11264K, used 10877K [0x00000000eab00000, 0x00000000ebc80000, 0x0000000100000000)
  eden space 6656K, 99% used [0x00000000eab00000,0x00000000eb17a638,0x00000000eb180000)
  from space 4608K, 92% used [0x00000000eb180000,0x00000000eb5a5150,0x00000000eb600000)
  to   space 5120K, 0% used [0x00000000eb780000,0x00000000eb780000,0x00000000ebc80000)
 ParOldGen       total 263680K, used 249300K [0x00000000c0000000, 0x00000000d0180000, 0x00000000eab00000)
  object space 263680K, 94% used [0x00000000c0000000,0x00000000cf375310,0x00000000d0180000)
 Metaspace       used 54880K, committed 55872K, reserved 1114112K
  class space    used 5850K, committed 6272K, reserved 1048576K
}
Event: 60.263 GC heap after
{Heap after GC invocations=167 (full 10):
 PSYoungGen      total 10752K, used 5112K [0x00000000eab00000, 0x00000000ec080000, 0x0000000100000000)
  eden space 5632K, 0% used [0x00000000eab00000,0x00000000eab00000,0x00000000eb080000)
  from space 5120K, 99% used [0x00000000eb780000,0x00000000ebc7e260,0x00000000ebc80000)
  to   space 7168K, 0% used [0x00000000eb080000,0x00000000eb080000,0x00000000eb780000)
 ParOldGen       total 263680K, used 250836K [0x00000000c0000000, 0x00000000d0180000, 0x00000000eab00000)
  object space 263680K, 95% used [0x00000000c0000000,0x00000000cf4f51e8,0x00000000d0180000)
 Metaspace       used 54880K, committed 55872K, reserved 1114112K
  class space    used 5850K, committed 6272K, reserved 1048576K
}
Event: 60.308 GC heap before
{Heap before GC invocations=168 (full 10):
 PSYoungGen      total 10752K, used 10682K [0x00000000eab00000, 0x00000000ec080000, 0x0000000100000000)
  eden space 5632K, 98% used [0x00000000eab00000,0x00000000eb0707b0,0x00000000eb080000)
  from space 5120K, 99% used [0x00000000eb780000,0x00000000ebc7e260,0x00000000ebc80000)
  to   space 7168K, 0% used [0x00000000eb080000,0x00000000eb080000,0x00000000eb780000)
 ParOldGen       total 263680K, used 250836K [0x00000000c0000000, 0x00000000d0180000, 0x00000000eab00000)
  object space 263680K, 95% used [0x00000000c0000000,0x00000000cf4f51e8,0x00000000d0180000)
 Metaspace       used 54880K, committed 55872K, reserved 1114112K
  class space    used 5850K, committed 6272K, reserved 1048576K
}
Event: 60.313 GC heap after
{Heap after GC invocations=168 (full 10):
 PSYoungGen      total 10240K, used 4104K [0x00000000eab00000, 0x00000000ebb80000, 0x0000000100000000)
  eden space 5632K, 0% used [0x00000000eab00000,0x00000000eab00000,0x00000000eb080000)
  from space 4608K, 89% used [0x00000000eb080000,0x00000000eb482158,0x00000000eb500000)
  to   space 5120K, 0% used [0x00000000eb680000,0x00000000eb680000,0x00000000ebb80000)
 ParOldGen       total 263680K, used 253909K [0x00000000c0000000, 0x00000000d0180000, 0x00000000eab00000)
  object space 263680K, 96% used [0x00000000c0000000,0x00000000cf7f5560,0x00000000d0180000)
 Metaspace       used 54880K, committed 55872K, reserved 1114112K
  class space    used 5850K, committed 6272K, reserved 1048576K
}
Event: 60.327 GC heap before
{Heap before GC invocations=169 (full 10):
 PSYoungGen      total 10240K, used 9724K [0x00000000eab00000, 0x00000000ebb80000, 0x0000000100000000)
  eden space 5632K, 99% used [0x00000000eab00000,0x00000000eb07cf98,0x00000000eb080000)
  from space 4608K, 89% used [0x00000000eb080000,0x00000000eb482158,0x00000000eb500000)
  to   space 5120K, 0% used [0x00000000eb680000,0x00000000eb680000,0x00000000ebb80000)
 ParOldGen       total 263680K, used 253909K [0x00000000c0000000, 0x00000000d0180000, 0x00000000eab00000)
  object space 263680K, 96% used [0x00000000c0000000,0x00000000cf7f5560,0x00000000d0180000)
 Metaspace       used 54880K, committed 55872K, reserved 1114112K
  class space    used 5850K, committed 6272K, reserved 1048576K
}
Event: 60.332 GC heap after
{Heap after GC invocations=169 (full 10):
 PSYoungGen      total 10240K, used 5119K [0x00000000eab00000, 0x00000000ebe80000, 0x0000000100000000)
  eden space 5120K, 0% used [0x00000000eab00000,0x00000000eab00000,0x00000000eb000000)
  from space 5120K, 99% used [0x00000000eb680000,0x00000000ebb7fe18,0x00000000ebb80000)
  to   space 6656K, 0% used [0x00000000eb000000,0x00000000eb000000,0x00000000eb680000)
 ParOldGen       total 263680K, used 254910K [0x00000000c0000000, 0x00000000d0180000, 0x00000000eab00000)
  object space 263680K, 96% used [0x00000000c0000000,0x00000000cf8ef850,0x00000000d0180000)
 Metaspace       used 54880K, committed 55872K, reserved 1114112K
  class space    used 5850K, committed 6272K, reserved 1048576K
}
Event: 60.342 GC heap before
{Heap before GC invocations=170 (full 10):
 PSYoungGen      total 10240K, used 10239K [0x00000000eab00000, 0x00000000ebe80000, 0x0000000100000000)
  eden space 5120K, 100% used [0x00000000eab00000,0x00000000eb000000,0x00000000eb000000)
  from space 5120K, 99% used [0x00000000eb680000,0x00000000ebb7fe18,0x00000000ebb80000)
  to   space 6656K, 0% used [0x00000000eb000000,0x00000000eb000000,0x00000000eb680000)
 ParOldGen       total 263680K, used 254910K [0x00000000c0000000, 0x00000000d0180000, 0x00000000eab00000)
  object space 263680K, 96% used [0x00000000c0000000,0x00000000cf8ef850,0x00000000d0180000)
 Metaspace       used 54880K, committed 55872K, reserved 1114112K
  class space    used 5850K, committed 6272K, reserved 1048576K
}
Event: 60.346 GC heap after
{Heap after GC invocations=170 (full 10):
 PSYoungGen      total 9216K, used 3983K [0x00000000eab00000, 0x00000000ebb00000, 0x0000000100000000)
  eden space 5120K, 0% used [0x00000000eab00000,0x00000000eab00000,0x00000000eb000000)
  from space 4096K, 97% used [0x00000000eb000000,0x00000000eb3e3c60,0x00000000eb400000)
  to   space 5120K, 0% used [0x00000000eb600000,0x00000000eb600000,0x00000000ebb00000)
 ParOldGen       total 263680K, used 258180K [0x00000000c0000000, 0x00000000d0180000, 0x00000000eab00000)
  object space 263680K, 97% used [0x00000000c0000000,0x00000000cfc21298,0x00000000d0180000)
 Metaspace       used 54880K, committed 55872K, reserved 1114112K
  class space    used 5850K, committed 6272K, reserved 1048576K
}
Event: 60.355 GC heap before
{Heap before GC invocations=171 (full 10):
 PSYoungGen      total 9216K, used 9103K [0x00000000eab00000, 0x00000000ebb00000, 0x0000000100000000)
  eden space 5120K, 100% used [0x00000000eab00000,0x00000000eb000000,0x00000000eb000000)
  from space 4096K, 97% used [0x00000000eb000000,0x00000000eb3e3c60,0x00000000eb400000)
  to   space 5120K, 0% used [0x00000000eb600000,0x00000000eb600000,0x00000000ebb00000)
 ParOldGen       total 263680K, used 258180K [0x00000000c0000000, 0x00000000d0180000, 0x00000000eab00000)
  object space 263680K, 97% used [0x00000000c0000000,0x00000000cfc21298,0x00000000d0180000)
 Metaspace       used 54880K, committed 55872K, reserved 1114112K
  class space    used 5850K, committed 6272K, reserved 1048576K
}
Event: 60.359 GC heap after
{Heap after GC invocations=171 (full 10):
 PSYoungGen      total 8192K, used 2039K [0x00000000eab00000, 0x00000000eb800000, 0x0000000100000000)
  eden space 6144K, 0% used [0x00000000eab00000,0x00000000eab00000,0x00000000eb100000)
  from space 2048K, 99% used [0x00000000eb600000,0x00000000eb7fdcf8,0x00000000eb800000)
  to   space 3072K, 0% used [0x00000000eb200000,0x00000000eb200000,0x00000000eb500000)
 ParOldGen       total 263680K, used 262075K [0x00000000c0000000, 0x00000000d0180000, 0x00000000eab00000)
  object space 263680K, 99% used [0x00000000c0000000,0x00000000cffeef08,0x00000000d0180000)
 Metaspace       used 54880K, committed 55872K, reserved 1114112K
  class space    used 5850K, committed 6272K, reserved 1048576K
}
Event: 60.360 GC heap before
{Heap before GC invocations=172 (full 11):
 PSYoungGen      total 8192K, used 2039K [0x00000000eab00000, 0x00000000eb800000, 0x0000000100000000)
  eden space 6144K, 0% used [0x00000000eab00000,0x00000000eab00000,0x00000000eb100000)
  from space 2048K, 99% used [0x00000000eb600000,0x00000000eb7fdcf8,0x00000000eb800000)
  to   space 3072K, 0% used [0x00000000eb200000,0x00000000eb200000,0x00000000eb500000)
 ParOldGen       total 263680K, used 262075K [0x00000000c0000000, 0x00000000d0180000, 0x00000000eab00000)
  object space 263680K, 99% used [0x00000000c0000000,0x00000000cffeef08,0x00000000d0180000)
 Metaspace       used 54880K, committed 55872K, reserved 1114112K
  class space    used 5850K, committed 6272K, reserved 1048576K
}
Event: 60.646 GC heap after
{Heap after GC invocations=172 (full 11):
 PSYoungGen      total 10240K, used 0K [0x00000000eab00000, 0x00000000eb800000, 0x0000000100000000)
  eden space 7168K, 0% used [0x00000000eab00000,0x00000000eab00000,0x00000000eb200000)
  from space 3072K, 0% used [0x00000000eb200000,0x00000000eb200000,0x00000000eb500000)
  to   space 3072K, 0% used [0x00000000eb500000,0x00000000eb500000,0x00000000eb800000)
 ParOldGen       total 294400K, used 262656K [0x00000000c0000000, 0x00000000d1f80000, 0x00000000eab00000)
  object space 294400K, 89% used [0x00000000c0000000,0x00000000d0080040,0x00000000d1f80000)
 Metaspace       used 54880K, committed 55872K, reserved 1114112K
  class space    used 5850K, committed 6272K, reserved 1048576K
}
Event: 60.794 GC heap before
{Heap before GC invocations=173 (full 11):
 PSYoungGen      total 10240K, used 7168K [0x00000000eab00000, 0x00000000eb800000, 0x0000000100000000)
  eden space 7168K, 100% used [0x00000000eab00000,0x00000000eb200000,0x00000000eb200000)
  from space 3072K, 0% used [0x00000000eb200000,0x00000000eb200000,0x00000000eb500000)
  to   space 3072K, 0% used [0x00000000eb500000,0x00000000eb500000,0x00000000eb800000)
 ParOldGen       total 294400K, used 262656K [0x00000000c0000000, 0x00000000d1f80000, 0x00000000eab00000)
  object space 294400K, 89% used [0x00000000c0000000,0x00000000d0080040,0x00000000d1f80000)
 Metaspace       used 54880K, committed 55872K, reserved 1114112K
  class space    used 5850K, committed 6272K, reserved 1048576K
}
Event: 60.797 GC heap after
{Heap after GC invocations=173 (full 11):
 PSYoungGen      total 9728K, used 2947K [0x00000000eab00000, 0x00000000eba00000, 0x0000000100000000)
  eden space 6656K, 0% used [0x00000000eab00000,0x00000000eab00000,0x00000000eb180000)
  from space 3072K, 95% used [0x00000000eb500000,0x00000000eb7e0e18,0x00000000eb800000)
  to   space 3584K, 0% used [0x00000000eb180000,0x00000000eb180000,0x00000000eb500000)
 ParOldGen       total 294400K, used 262656K [0x00000000c0000000, 0x00000000d1f80000, 0x00000000eab00000)
  object space 294400K, 89% used [0x00000000c0000000,0x00000000d0080040,0x00000000d1f80000)
 Metaspace       used 54880K, committed 55872K, reserved 1114112K
  class space    used 5850K, committed 6272K, reserved 1048576K
}
Event: 60.886 GC heap before
{Heap before GC invocations=174 (full 11):
 PSYoungGen      total 9728K, used 9603K [0x00000000eab00000, 0x00000000eba00000, 0x0000000100000000)
  eden space 6656K, 100% used [0x00000000eab00000,0x00000000eb180000,0x00000000eb180000)
  from space 3072K, 95% used [0x00000000eb500000,0x00000000eb7e0e18,0x00000000eb800000)
  to   space 3584K, 0% used [0x00000000eb180000,0x00000000eb180000,0x00000000eb500000)
 ParOldGen       total 294400K, used 262656K [0x00000000c0000000, 0x00000000d1f80000, 0x00000000eab00000)
  object space 294400K, 89% used [0x00000000c0000000,0x00000000d0080040,0x00000000d1f80000)
 Metaspace       used 54880K, committed 55872K, reserved 1114112K
  class space    used 5850K, committed 6272K, reserved 1048576K
}
Event: 60.889 GC heap after
{Heap after GC invocations=174 (full 11):
 PSYoungGen      total 10240K, used 2532K [0x00000000eab00000, 0x00000000eb880000, 0x0000000100000000)
  eden space 6656K, 0% used [0x00000000eab00000,0x00000000eab00000,0x00000000eb180000)
  from space 3584K, 70% used [0x00000000eb180000,0x00000000eb3f90b0,0x00000000eb500000)
  to   space 3072K, 0% used [0x00000000eb580000,0x00000000eb580000,0x00000000eb880000)
 ParOldGen       total 294400K, used 265576K [0x00000000c0000000, 0x00000000d1f80000, 0x00000000eab00000)
  object space 294400K, 90% used [0x00000000c0000000,0x00000000d035a038,0x00000000d1f80000)
 Metaspace       used 54880K, committed 55872K, reserved 1114112K
  class space    used 5850K, committed 6272K, reserved 1048576K
}
Event: 61.147 GC heap before
{Heap before GC invocations=175 (full 11):
 PSYoungGen      total 10240K, used 9188K [0x00000000eab00000, 0x00000000eb880000, 0x0000000100000000)
  eden space 6656K, 100% used [0x00000000eab00000,0x00000000eb180000,0x00000000eb180000)
  from space 3584K, 70% used [0x00000000eb180000,0x00000000eb3f90b0,0x00000000eb500000)
  to   space 3072K, 0% used [0x00000000eb580000,0x00000000eb580000,0x00000000eb880000)
 ParOldGen       total 294400K, used 265576K [0x00000000c0000000, 0x00000000d1f80000, 0x00000000eab00000)
  object space 294400K, 90% used [0x00000000c0000000,0x00000000d035a038,0x00000000d1f80000)
 Metaspace       used 54888K, committed 55872K, reserved 1114112K
  class space    used 5850K, committed 6272K, reserved 1048576K
}
Event: 61.153 GC heap after
{Heap after GC invocations=175 (full 11):
 PSYoungGen      total 8192K, used 3061K [0x00000000eab00000, 0x00000000ebd80000, 0x0000000100000000)
  eden space 5120K, 0% used [0x00000000eab00000,0x00000000eab00000,0x00000000eb000000)
  from space 3072K, 99% used [0x00000000eb580000,0x00000000eb87d778,0x00000000eb880000)
  to   space 5632K, 0% used [0x00000000eb000000,0x00000000eb000000,0x00000000eb580000)
 ParOldGen       total 294400K, used 267630K [0x00000000c0000000, 0x00000000d1f80000, 0x00000000eab00000)
  object space 294400K, 90% used [0x00000000c0000000,0x00000000d055b800,0x00000000d1f80000)
 Metaspace       used 54888K, committed 55872K, reserved 1114112K
  class space    used 5850K, committed 6272K, reserved 1048576K
}
Event: 61.329 GC heap before
{Heap before GC invocations=176 (full 11):
 PSYoungGen      total 8192K, used 8175K [0x00000000eab00000, 0x00000000ebd80000, 0x0000000100000000)
  eden space 5120K, 99% used [0x00000000eab00000,0x00000000eaffe7c8,0x00000000eb000000)
  from space 3072K, 99% used [0x00000000eb580000,0x00000000eb87d778,0x00000000eb880000)
  to   space 5632K, 0% used [0x00000000eb000000,0x00000000eb000000,0x00000000eb580000)
 ParOldGen       total 294400K, used 267630K [0x00000000c0000000, 0x00000000d1f80000, 0x00000000eab00000)
  object space 294400K, 90% used [0x00000000c0000000,0x00000000d055b800,0x00000000d1f80000)
 Metaspace       used 54892K, committed 55872K, reserved 1114112K
  class space    used 5850K, committed 6272K, reserved 1048576K
}
Event: 61.333 GC heap after
{Heap after GC invocations=176 (full 11):
 PSYoungGen      total 6656K, used 1044K [0x00000000eab00000, 0x00000000eb600000, 0x0000000100000000)
  eden space 5120K, 0% used [0x00000000eab00000,0x00000000eab00000,0x00000000eb000000)
  from space 1536K, 67% used [0x00000000eb000000,0x00000000eb105080,0x00000000eb180000)
  to   space 2560K, 0% used [0x00000000eb380000,0x00000000eb380000,0x00000000eb600000)
 ParOldGen       total 294400K, used 270569K [0x00000000c0000000, 0x00000000d1f80000, 0x00000000eab00000)
  object space 294400K, 91% used [0x00000000c0000000,0x00000000d083a6e8,0x00000000d1f80000)
 Metaspace       used 54892K, committed 55872K, reserved 1114112K
  class space    used 5850K, committed 6272K, reserved 1048576K
}

