# JRE version: OpenJDK Runtime Environment Temurin-17.0.10+7 (17.0.10+7) (build 17.0.10+7)
# Java VM: OpenJDK 64-Bit Server VM Temurin-17.0.10+7 (17.0.10+7, mixed mode, tiered, compressed oops, compressed class ptrs, g1 gc, windows-amd64)
GC Precious Log:
 CPUs: 4 total, 4 available
 Memory: 3919M
 Large Page Support: Disabled
 NUMA Support: Disabled
 Compressed Oops: Enabled (32-bit)
 Heap Region Size: 1M
 Heap Min Capacity: 8M
 Heap Initial Capacity: 62M
 Heap Max Capacity: 980M
 Pre-touch: Disabled
 Parallel Workers: 4
 Concurrent Workers: 1
 Concurrent Refinement Workers: 4
 Periodic GC: Disabled
Heap:
 garbage-first heap   total 63488K, used 41632K [0x00000000c2c00000, 0x0000000100000000)
  region size 1024K, 25 young (25600K), 1 survivors (1024K)
 Metaspace       used 24900K, committed 25216K, reserved 1114112K
  class space    used 3173K, committed 3328K, reserved 1048576K
GC Heap History (10 events):
Event: 5.205 GC heap before
{Heap before GC invocations=0 (full 0):
 garbage-first heap   total 63488K, used 12288K [0x00000000c2c00000, 0x0000000100000000)
  region size 1024K, 13 young (13312K), 0 survivors (0K)
 Metaspace       used 12432K, committed 12608K, reserved 1114112K
  class space    used 1321K, committed 1408K, reserved 1048576K
}
Event: 5.215 GC heap after
{Heap after GC invocations=1 (full 0):
 garbage-first heap   total 63488K, used 2945K [0x00000000c2c00000, 0x0000000100000000)
  region size 1024K, 2 young (2048K), 2 survivors (2048K)
 Metaspace       used 12432K, committed 12608K, reserved 1114112K
  class space    used 1321K, committed 1408K, reserved 1048576K
}
Event: 7.999 GC heap before
{Heap before GC invocations=1 (full 0):
 garbage-first heap   total 63488K, used 21377K [0x00000000c2c00000, 0x0000000100000000)
  region size 1024K, 17 young (17408K), 2 survivors (2048K)
 Metaspace       used 15163K, committed 15360K, reserved 1114112K
  class space    used 1740K, committed 1792K, reserved 1048576K
}
Event: 8.007 GC heap after
{Heap after GC invocations=2 (full 0):
 garbage-first heap   total 63488K, used 12482K [0x00000000c2c00000, 0x0000000100000000)
  region size 1024K, 3 young (3072K), 3 survivors (3072K)
 Metaspace       used 15163K, committed 15360K, reserved 1114112K
  class space    used 1740K, committed 1792K, reserved 1048576K
}
Event: 9.803 GC heap before
{Heap before GC invocations=2 (full 0):
 garbage-first heap   total 63488K, used 37058K [0x00000000c2c00000, 0x0000000100000000)
  region size 1024K, 28 young (28672K), 3 survivors (3072K)
 Metaspace       used 16233K, committed 16384K, reserved 1114112K
  class space    used 1886K, committed 1984K, reserved 1048576K
}
Event: 9.808 GC heap after
{Heap after GC invocations=3 (full 0):
 garbage-first heap   total 63488K, used 13305K [0x00000000c2c00000, 0x0000000100000000)
  region size 1024K, 1 young (1024K), 1 survivors (1024K)
 Metaspace       used 16233K, committed 16384K, reserved 1114112K
  class space    used 1886K, committed 1984K, reserved 1048576K
}
Event: 11.793 GC heap before
{Heap before GC invocations=3 (full 0):
 garbage-first heap   total 63488K, used 43001K [0x00000000c2c00000, 0x0000000100000000)
  region size 1024K, 30 young (30720K), 1 survivors (1024K)
 Metaspace       used 17792K, committed 17920K, reserved 1114112K
  class space    used 2157K, committed 2240K, reserved 1048576K
}
Event: 11.799 GC heap after
{Heap after GC invocations=4 (full 0):
 garbage-first heap   total 63488K, used 18603K [0x00000000c2c00000, 0x0000000100000000)
  region size 1024K, 4 young (4096K), 4 survivors (4096K)
 Metaspace       used 17792K, committed 17920K, reserved 1114112K
  class space    used 2157K, committed 2240K, reserved 1048576K
}
Event: 13.441 GC heap before
{Heap before GC invocations=4 (full 0):
 garbage-first heap   total 63488K, used 31915K [0x00000000c2c00000, 0x0000000100000000)
  region size 1024K, 18 young (18432K), 4 survivors (4096K)
 Metaspace       used 21274K, committed 21504K, reserved 1114112K
  class space    used 2691K, committed 2816K, reserved 1048576K
}
Event: 13.446 GC heap after
{Heap after GC invocations=5 (full 0):
 garbage-first heap   total 63488K, used 19104K [0x00000000c2c00000, 0x0000000100000000)
  region size 1024K, 1 young (1024K), 1 survivors (1024K)
 Metaspace       used 21274K, committed 21504K, reserved 1114112K
  class space    used 2691K, committed 2816K, reserved 1048576K
}

