# JRE version: OpenJDK Runtime Environment Temurin-17.0.10+7 (17.0.10+7) (build 17.0.10+7)
# Java VM: OpenJDK 64-Bit Server VM Temurin-17.0.10+7 (17.0.10+7, mixed mode, emulated-client, tiered, compressed oops, compressed class ptrs, g1 gc, windows-amd64)
GC Precious Log:
 CPUs: 2 total, 2 available
 Memory: 6020M
 Large Page Support: Disabled
 NUMA Support: Disabled
 Compressed Oops: Enabled (32-bit)
 Heap Region Size: 1M
 Heap Min Capacity: 8M
 Heap Initial Capacity: 96M
 Heap Max Capacity: 1G
 Pre-touch: Disabled
 Parallel Workers: 2
 Concurrent Workers: 1
 Concurrent Refinement Workers: 2
 Periodic GC: Disabled
Heap:
 garbage-first heap   total 75776K, used 42308K [0x00000000c0000000, 0x0000000100000000)
  region size 1024K, 17 young (17408K), 2 survivors (2048K)
 Metaspace       used 37875K, committed 38336K, reserved 1114112K
  class space    used 4943K, committed 5184K, reserved 1048576K
GC Heap History (18 events):
Event: 3.633 GC heap before
{Heap before GC invocations=0 (full 0):
 garbage-first heap   total 98304K, used 9216K [0x00000000c0000000, 0x0000000100000000)
  region size 1024K, 6 young (6144K), 0 survivors (0K)
 Metaspace       used 4318K, committed 4480K, reserved 1114112K
  class space    used 420K, committed 512K, reserved 1048576K
}
Event: 3.760 GC heap after
{Heap after GC invocations=1 (full 0):
 garbage-first heap   total 98304K, used 7970K [0x00000000c0000000, 0x0000000100000000)
  region size 1024K, 1 young (1024K), 1 survivors (1024K)
 Metaspace       used 4318K, committed 4480K, reserved 1114112K
  class space    used 420K, committed 512K, reserved 1048576K
}
Event: 3.971 GC heap before
{Heap before GC invocations=1 (full 0):
 garbage-first heap   total 98304K, used 10018K [0x00000000c0000000, 0x0000000100000000)
  region size 1024K, 4 young (4096K), 1 survivors (1024K)
 Metaspace       used 4318K, committed 4480K, reserved 1114112K
  class space    used 420K, committed 512K, reserved 1048576K
}
Event: 3.975 GC heap after
{Heap after GC invocations=2 (full 0):
 garbage-first heap   total 98304K, used 9680K [0x00000000c0000000, 0x0000000100000000)
  region size 1024K, 1 young (1024K), 1 survivors (1024K)
 Metaspace       used 4318K, committed 4480K, reserved 1114112K
  class space    used 420K, committed 512K, reserved 1048576K
}
Event: 5.866 GC heap before
{Heap before GC invocations=2 (full 0):
 garbage-first heap   total 98304K, used 16848K [0x00000000c0000000, 0x0000000100000000)
  region size 1024K, 7 young (7168K), 1 survivors (1024K)
 Metaspace       used 6559K, committed 6656K, reserved 1114112K
  class space    used 652K, committed 704K, reserved 1048576K
}
Event: 5.870 GC heap after
{Heap after GC invocations=3 (full 0):
 garbage-first heap   total 98304K, used 15210K [0x00000000c0000000, 0x0000000100000000)
  region size 1024K, 1 young (1024K), 1 survivors (1024K)
 Metaspace       used 6559K, committed 6656K, reserved 1114112K
  class space    used 652K, committed 704K, reserved 1048576K
}
Event: 7.497 GC heap before
{Heap before GC invocations=3 (full 0):
 garbage-first heap   total 98304K, used 26474K [0x00000000c0000000, 0x0000000100000000)
  region size 1024K, 12 young (12288K), 1 survivors (1024K)
 Metaspace       used 9359K, committed 9600K, reserved 1114112K
  class space    used 1110K, committed 1216K, reserved 1048576K
}
Event: 7.501 GC heap after
{Heap after GC invocations=4 (full 0):
 garbage-first heap   total 98304K, used 15847K [0x00000000c0000000, 0x0000000100000000)
  region size 1024K, 2 young (2048K), 2 survivors (2048K)
 Metaspace       used 9359K, committed 9600K, reserved 1114112K
  class space    used 1110K, committed 1216K, reserved 1048576K
}
Event: 13.029 GC heap before
{Heap before GC invocations=4 (full 0):
 garbage-first heap   total 98304K, used 60903K [0x00000000c0000000, 0x0000000100000000)
  region size 1024K, 47 young (48128K), 2 survivors (2048K)
 Metaspace       used 20082K, committed 20352K, reserved 1114112K
  class space    used 2482K, committed 2624K, reserved 1048576K
}
Event: 13.047 GC heap after
{Heap after GC invocations=5 (full 0):
 garbage-first heap   total 98304K, used 19566K [0x00000000c0000000, 0x0000000100000000)
  region size 1024K, 6 young (6144K), 6 survivors (6144K)
 Metaspace       used 20082K, committed 20352K, reserved 1114112K
  class space    used 2482K, committed 2624K, reserved 1048576K
}
Event: 14.346 GC heap before
{Heap before GC invocations=5 (full 0):
 garbage-first heap   total 98304K, used 23662K [0x00000000c0000000, 0x0000000100000000)
  region size 1024K, 11 young (11264K), 6 survivors (6144K)
 Metaspace       used 21285K, committed 21504K, reserved 1114112K
  class space    used 2620K, committed 2752K, reserved 1048576K
}
Event: 14.360 GC heap after
{Heap after GC invocations=6 (full 0):
 garbage-first heap   total 98304K, used 20515K [0x00000000c0000000, 0x0000000100000000)
  region size 1024K, 1 young (1024K), 1 survivors (1024K)
 Metaspace       used 21285K, committed 21504K, reserved 1114112K
  class space    used 2620K, committed 2752K, reserved 1048576K
}
Event: 24.432 GC heap before
{Heap before GC invocations=7 (full 0):
 garbage-first heap   total 75776K, used 60451K [0x00000000c0000000, 0x0000000100000000)
  region size 1024K, 41 young (41984K), 1 survivors (1024K)
 Metaspace       used 28091K, committed 28416K, reserved 1114112K
  class space    used 3512K, committed 3648K, reserved 1048576K
}
Event: 24.443 GC heap after
{Heap after GC invocations=8 (full 0):
 garbage-first heap   total 75776K, used 23309K [0x00000000c0000000, 0x0000000100000000)
  region size 1024K, 4 young (4096K), 4 survivors (4096K)
 Metaspace       used 28091K, committed 28416K, reserved 1114112K
  class space    used 3512K, committed 3648K, reserved 1048576K
}
Event: 35.989 GC heap before
{Heap before GC invocations=8 (full 0):
 garbage-first heap   total 75776K, used 50957K [0x00000000c0000000, 0x0000000100000000)
  region size 1024K, 32 young (32768K), 4 survivors (4096K)
 Metaspace       used 32073K, committed 32512K, reserved 1114112K
  class space    used 4071K, committed 4288K, reserved 1048576K
}
Event: 36.006 GC heap after
{Heap after GC invocations=9 (full 0):
 garbage-first heap   total 75776K, used 27374K [0x00000000c0000000, 0x0000000100000000)
  region size 1024K, 4 young (4096K), 4 survivors (4096K)
 Metaspace       used 32073K, committed 32512K, reserved 1114112K
  class space    used 4071K, committed 4288K, reserved 1048576K
}
Event: 52.545 GC heap before
{Heap before GC invocations=9 (full 0):
 garbage-first heap   total 75776K, used 45806K [0x00000000c0000000, 0x0000000100000000)
  region size 1024K, 24 young (24576K), 4 survivors (4096K)
 Metaspace       used 35716K, committed 36096K, reserved 1114112K
  class space    used 4595K, committed 4800K, reserved 1048576K
}
Event: 52.554 GC heap after
{Heap after GC invocations=10 (full 0):
 garbage-first heap   total 75776K, used 27972K [0x00000000c0000000, 0x0000000100000000)
  region size 1024K, 2 young (2048K), 2 survivors (2048K)
 Metaspace       used 35716K, committed 36096K, reserved 1114112K
  class space    used 4595K, committed 4800K, reserved 1048576K
}

