# JRE version: OpenJDK Runtime Environment Temurin-17.0.10+7 (17.0.10+7) (build 17.0.10+7)
# Java VM: OpenJDK 64-Bit Server VM Temurin-17.0.10+7 (17.0.10+7, mixed mode, emulated-client, tiered, compressed oops, compressed class ptrs, g1 gc, windows-amd64)
GC Precious Log:
 CPUs: 2 total, 2 available
 Memory: 6020M
 Large Page Support: Disabled
 NUMA Support: Disabled
 Compressed Oops: Enabled (32-bit)
 Heap Region Size: 1M
 Heap Min Capacity: 8M
 Heap Initial Capacity: 96M
 Heap Max Capacity: 1G
 Pre-touch: Disabled
 Parallel Workers: 2
 Concurrent Workers: 1
 Concurrent Refinement Workers: 2
 Periodic GC: Disabled
Heap:
 garbage-first heap   total 75776K, used 24209K [0x00000000c0000000, 0x0000000100000000)
  region size 1024K, 1 young (1024K), 0 survivors (0K)
 Metaspace       used 39445K, committed 40000K, reserved 1114112K
  class space    used 5207K, committed 5440K, reserved 1048576K
GC Heap History (20 events):
Event: 3777.675 GC heap before
{Heap before GC invocations=370 (full 358):
 garbage-first heap   total 75776K, used 24209K [0x00000000c0000000, 0x0000000100000000)
  region size 1024K, 1 young (1024K), 0 survivors (0K)
 Metaspace       used 39445K, committed 40000K, reserved 1114112K
  class space    used 5207K, committed 5440K, reserved 1048576K
}
Event: 3777.699 GC heap after
{Heap after GC invocations=371 (full 359):
 garbage-first heap   total 75776K, used 24209K [0x00000000c0000000, 0x0000000100000000)
  region size 1024K, 0 young (0K), 0 survivors (0K)
 Metaspace       used 39445K, committed 40000K, reserved 1114112K
  class space    used 5207K, committed 5440K, reserved 1048576K
}
Event: 3787.915 GC heap before
{Heap before GC invocations=371 (full 359):
 garbage-first heap   total 75776K, used 24209K [0x00000000c0000000, 0x0000000100000000)
  region size 1024K, 1 young (1024K), 0 survivors (0K)
 Metaspace       used 39445K, committed 40000K, reserved 1114112K
  class space    used 5207K, committed 5440K, reserved 1048576K
}
Event: 3787.940 GC heap after
{Heap after GC invocations=372 (full 360):
 garbage-first heap   total 75776K, used 24209K [0x00000000c0000000, 0x0000000100000000)
  region size 1024K, 0 young (0K), 0 survivors (0K)
 Metaspace       used 39445K, committed 40000K, reserved 1114112K
  class space    used 5207K, committed 5440K, reserved 1048576K
}
Event: 3798.158 GC heap before
{Heap before GC invocations=372 (full 360):
 garbage-first heap   total 75776K, used 24209K [0x00000000c0000000, 0x0000000100000000)
  region size 1024K, 1 young (1024K), 0 survivors (0K)
 Metaspace       used 39445K, committed 40000K, reserved 1114112K
  class space    used 5207K, committed 5440K, reserved 1048576K
}
Event: 3798.183 GC heap after
{Heap after GC invocations=373 (full 361):
 garbage-first heap   total 75776K, used 24209K [0x00000000c0000000, 0x0000000100000000)
  region size 1024K, 0 young (0K), 0 survivors (0K)
 Metaspace       used 39445K, committed 40000K, reserved 1114112K
  class space    used 5207K, committed 5440K, reserved 1048576K
}
Event: 3808.369 GC heap before
{Heap before GC invocations=373 (full 361):
 garbage-first heap   total 75776K, used 24209K [0x00000000c0000000, 0x0000000100000000)
  region size 1024K, 1 young (1024K), 0 survivors (0K)
 Metaspace       used 39445K, committed 40000K, reserved 1114112K
  class space    used 5207K, committed 5440K, reserved 1048576K
}
Event: 3808.394 GC heap after
{Heap after GC invocations=374 (full 362):
 garbage-first heap   total 75776K, used 24209K [0x00000000c0000000, 0x0000000100000000)
  region size 1024K, 0 young (0K), 0 survivors (0K)
 Metaspace       used 39445K, committed 40000K, reserved 1114112K
  class space    used 5207K, committed 5440K, reserved 1048576K
}
Event: 3818.580 GC heap before
{Heap before GC invocations=374 (full 362):
 garbage-first heap   total 75776K, used 24209K [0x00000000c0000000, 0x0000000100000000)
  region size 1024K, 1 young (1024K), 0 survivors (0K)
 Metaspace       used 39445K, committed 40000K, reserved 1114112K
  class space    used 5207K, committed 5440K, reserved 1048576K
}
Event: 3818.604 GC heap after
{Heap after GC invocations=375 (full 363):
 garbage-first heap   total 75776K, used 24209K [0x00000000c0000000, 0x0000000100000000)
  region size 1024K, 0 young (0K), 0 survivors (0K)
 Metaspace       used 39445K, committed 40000K, reserved 1114112K
  class space    used 5207K, committed 5440K, reserved 1048576K
}
Event: 3828.791 GC heap before
{Heap before GC invocations=375 (full 363):
 garbage-first heap   total 75776K, used 24209K [0x00000000c0000000, 0x0000000100000000)
  region size 1024K, 1 young (1024K), 0 survivors (0K)
 Metaspace       used 39445K, committed 40000K, reserved 1114112K
  class space    used 5207K, committed 5440K, reserved 1048576K
}
Event: 3828.824 GC heap after
{Heap after GC invocations=376 (full 364):
 garbage-first heap   total 75776K, used 24209K [0x00000000c0000000, 0x0000000100000000)
  region size 1024K, 0 young (0K), 0 survivors (0K)
 Metaspace       used 39445K, committed 40000K, reserved 1114112K
  class space    used 5207K, committed 5440K, reserved 1048576K
}
Event: 3839.027 GC heap before
{Heap before GC invocations=376 (full 364):
 garbage-first heap   total 75776K, used 24209K [0x00000000c0000000, 0x0000000100000000)
  region size 1024K, 1 young (1024K), 0 survivors (0K)
 Metaspace       used 39445K, committed 40000K, reserved 1114112K
  class space    used 5207K, committed 5440K, reserved 1048576K
}
Event: 3839.054 GC heap after
{Heap after GC invocations=377 (full 365):
 garbage-first heap   total 75776K, used 24209K [0x00000000c0000000, 0x0000000100000000)
  region size 1024K, 0 young (0K), 0 survivors (0K)
 Metaspace       used 39445K, committed 40000K, reserved 1114112K
  class space    used 5207K, committed 5440K, reserved 1048576K
}
Event: 3849.242 GC heap before
{Heap before GC invocations=377 (full 365):
 garbage-first heap   total 75776K, used 24209K [0x00000000c0000000, 0x0000000100000000)
  region size 1024K, 1 young (1024K), 0 survivors (0K)
 Metaspace       used 39445K, committed 40000K, reserved 1114112K
  class space    used 5207K, committed 5440K, reserved 1048576K
}
Event: 3849.267 GC heap after
{Heap after GC invocations=378 (full 366):
 garbage-first heap   total 75776K, used 24209K [0x00000000c0000000, 0x0000000100000000)
  region size 1024K, 0 young (0K), 0 survivors (0K)
 Metaspace       used 39445K, committed 40000K, reserved 1114112K
  class space    used 5207K, committed 5440K, reserved 1048576K
}
Event: 3859.468 GC heap before
{Heap before GC invocations=378 (full 366):
 garbage-first heap   total 75776K, used 24209K [0x00000000c0000000, 0x0000000100000000)
  region size 1024K, 1 young (1024K), 0 survivors (0K)
 Metaspace       used 39445K, committed 40000K, reserved 1114112K
  class space    used 5207K, committed 5440K, reserved 1048576K
}
Event: 3859.493 GC heap after
{Heap after GC invocations=379 (full 367):
 garbage-first heap   total 75776K, used 24209K [0x00000000c0000000, 0x0000000100000000)
  region size 1024K, 0 young (0K), 0 survivors (0K)
 Metaspace       used 39445K, committed 40000K, reserved 1114112K
  class space    used 5207K, committed 5440K, reserved 1048576K
}
Event: 3869.689 GC heap before
{Heap before GC invocations=379 (full 367):
 garbage-first heap   total 75776K, used 24209K [0x00000000c0000000, 0x0000000100000000)
  region size 1024K, 1 young (1024K), 0 survivors (0K)
 Metaspace       used 39445K, committed 40000K, reserved 1114112K
  class space    used 5207K, committed 5440K, reserved 1048576K
}
Event: 3869.714 GC heap after
{Heap after GC invocations=380 (full 368):
 garbage-first heap   total 75776K, used 24209K [0x00000000c0000000, 0x0000000100000000)
  region size 1024K, 0 young (0K), 0 survivors (0K)
 Metaspace       used 39445K, committed 40000K, reserved 1114112K
  class space    used 5207K, committed 5440K, reserved 1048576K
}

